 70.96	63799	63799	U	0	unclassified
 29.04	26108	16	-	1	root
 29.02	26087	5	-	131567	  cellular organisms
 29.01	26081	295	D	2	    Bacteria
 15.53	13965	0	-	1783270	      FCB group
 15.53	13963	0	-	68336	        Bacteroidetes/Chlorobi group
 15.53	13962	15	P	976	          Bacteroidetes
 15.46	13899	0	C	200643	            Bacteroidia
 15.46	13898	127	O	171549	              Bacteroidales
 12.18	10952	0	F	815	                Bacteroidaceae
 12.18	10952	387	G	816	                  Bacteroides
  4.43	3986	3985	S	28116	                    Bacteroides ovatus
  0.00	1	1	-	1379690	                      Bacteroides ovatus V975
  3.66	3292	3292	S	47678	                    Bacteroides caccae
  1.97	1768	1309	S	818	                    Bacteroides thetaiotaomicron
  0.51	459	459	-	226186	                      Bacteroides thetaiotaomicron VPI-5482
  0.70	630	630	S	1796613	                    Bacteroides caecimuris
  0.38	345	130	S	821	                    Bacteroides vulgatus
  0.24	215	215	-	435590	                      Bacteroides vulgatus ATCC 8482
  0.23	207	82	S	817	                    Bacteroides fragilis
  0.05	45	45	-	862962	                      Bacteroides fragilis 638R
  0.05	41	41	-	295405	                      Bacteroides fragilis YCH46
  0.04	39	39	-	272559	                      Bacteroides fragilis NCTC 9343
  0.16	142	0	S	290053	                    Bacteroides helcogenes
  0.16	142	142	-	693979	                      Bacteroides helcogenes P 36-108
  0.10	88	88	S	246787	                    Bacteroides cellulosilyticus
  0.06	58	0	S	376805	                    Bacteroides salanitronis
  0.06	58	58	-	667015	                      Bacteroides salanitronis DSM 18170
  0.05	48	0	S	357276	                    Bacteroides dorei
  0.05	48	48	-	997877	                      Bacteroides dorei CL03T12C01
  0.00	1	0	S	151276	                    Bacteroides coprosuis
  0.00	1	1	-	679937	                      Bacteroides coprosuis DSM 18011
  2.95	2652	11	F	2005525	                Tannerellaceae
  2.93	2637	1315	G	375288	                  Parabacteroides
  0.85	763	763	S	2025876	                    Parabacteroides sp. CT06
  0.62	559	0	S	823	                    Parabacteroides distasonis
  0.62	559	559	-	435591	                      Parabacteroides distasonis ATCC 8503
  0.00	4	0	G	195950	                  Tannerella
  0.00	3	2	S	28112	                    Tannerella forsythia
  0.00	1	1	-	1307832	                      Tannerella forsythia 3313
  0.00	1	1	S	712710	                    Tannerella sp. oral taxon HOT-286
  0.08	73	0	F	1853231	                Odoribacteraceae
  0.08	73	0	G	283168	                  Odoribacter
  0.08	73	73	S	28118	                    Odoribacter splanchnicus
  0.05	43	0	F	171550	                Rikenellaceae
  0.05	43	3	G	239759	                  Alistipes
  0.03	25	0	S	214856	                    Alistipes finegoldii
  0.03	25	25	-	679935	                      Alistipes finegoldii DSM 17242
  0.02	15	0	S	328814	                    Alistipes shahii
  0.02	15	15	-	717959	                      Alistipes shahii WAL 8301
  0.02	17	0	F	2005519	                Barnesiellaceae
  0.02	17	0	G	397864	                  Barnesiella
  0.02	17	0	S	397865	                    Barnesiella viscericola
  0.02	17	17	-	880074	                      Barnesiella viscericola DSM 18177
  0.01	13	0	F	171552	                Prevotellaceae
  0.01	13	2	G	838	                  Prevotella
  0.00	3	0	S	839	                    Prevotella ruminicola
  0.00	3	3	-	264731	                      Prevotella ruminicola 23
  0.00	3	0	S	589437	                    Prevotella scopos
  0.00	3	3	-	1236518	                      Prevotella scopos JCM 17725
  0.00	2	0	S	52227	                    Prevotella dentalis
  0.00	2	2	-	908937	                      Prevotella dentalis DSM 3688
  0.00	1	0	S	28129	                    Prevotella denticola
  0.00	1	1	-	767031	                      Prevotella denticola F0289
  0.00	1	1	S	28131	                    Prevotella intermedia
  0.00	1	0	S	589436	                    Prevotella fusca
  0.00	1	1	-	1236517	                      Prevotella fusca JCM 17724
  0.01	11	0	F	2005520	                Dysgonamonadaceae
  0.01	11	0	G	294702	                  Proteiniphilum
  0.01	11	11	S	1642647	                    Proteiniphilum saccharofermentans
  0.01	9	0	F	171551	                Porphyromonadaceae
  0.00	3	0	G	836	                  Porphyromonas
  0.00	2	1	S	837	                    Porphyromonas gingivalis
  0.00	1	1	-	1030843	                      Porphyromonas gingivalis TDC60
  0.00	1	0	S	28123	                    Porphyromonas asaccharolytica
  0.00	1	1	-	879243	                      Porphyromonas asaccharolytica DSM 20707
  0.00	3	0	G	307628	                  Petrimonas
  0.00	3	3	S	1642646	                    Petrimonas mucosa
  0.00	3	0	G	1784836	                  Fermentimonas
  0.00	3	3	S	1562970	                    Fermentimonas caenicola
  0.00	1	0	-	333046	                unclassified Bacteroidales
  0.00	1	0	-	185291	                  unclassified Bacteroidales (miscellaneous)
  0.00	1	1	S	1400053	                    Bacteroidales bacterium CF
  0.00	1	0	O	1970189	              Marinilabiliales
  0.00	1	0	F	1471398	                Prolixibacteraceae
  0.00	1	0	G	1471399	                  Draconibacterium
  0.00	1	1	S	1168034	                    Draconibacterium orientale
  0.03	30	0	C	117743	            Flavobacteriia
  0.03	30	0	O	200644	              Flavobacteriales
  0.03	30	2	F	49546	                Flavobacteriaceae
  0.01	13	0	G	28250	                  Ornithobacterium
  0.01	13	0	S	28251	                    Ornithobacterium rhinotracheale
  0.01	13	13	-	1401325	                      Ornithobacterium rhinotracheale ORT-UMN 88
  0.01	5	0	G	59732	                  Chryseobacterium
  0.00	3	3	S	1324352	                    Chryseobacterium gallinarum
  0.00	1	1	S	536441	                    Chryseobacterium taklimakanense
  0.00	1	1	S	2015076	                    Chryseobacterium sp. T16E-39
  0.00	4	1	G	308865	                  Elizabethkingia
  0.00	1	1	S	238	                    Elizabethkingia meningoseptica
  0.00	1	1	S	172045	                    Elizabethkingia miricola
  0.00	1	1	S	1756150	                    Elizabethkingia genomosp. 4
  0.00	3	1	G	76831	                  Myroides
  0.00	2	2	S	76832	                    Myroides odoratimimus
  0.00	1	0	G	1016	                  Capnocytophaga
  0.00	1	1	S	1017	                    Capnocytophaga gingivalis
  0.00	1	0	G	358023	                  Lutibacter
  0.00	1	1	S	1622118	                    Lutibacter profundi
  0.00	1	0	G	417127	                  Zunongwangia
  0.00	1	0	S	398743	                    Zunongwangia profunda
  0.00	1	1	-	655815	                      Zunongwangia profunda SM-A87
  0.01	7	0	C	768503	            Cytophagia
  0.01	7	1	O	768507	              Cytophagales
  0.00	3	0	F	89373	                Cytophagaceae
  0.00	2	0	G	120831	                  Dyadobacter
  0.00	2	0	S	94254	                    Dyadobacter fermentans
  0.00	2	2	-	471854	                      Dyadobacter fermentans DSM 18053
  0.00	1	0	G	107	                  Spirosoma
  0.00	1	1	S	1211326	                    Spirosoma aerolatum
  0.00	2	0	F	1853232	                Hymenobacteraceae
  0.00	1	0	G	89966	                  Hymenobacter
  0.00	1	0	S	1446467	                    Hymenobacter swuensis
  0.00	1	1	-	1227739	                      Hymenobacter swuensis DY53
  0.00	1	0	G	1379908	                  Rufibacter
  0.00	1	1	S	1379910	                    Rufibacter sp. DG31D
  0.00	1	0	F	563798	                Cyclobacteriaceae
  0.00	1	0	G	246875	                  Algoriphagus
  0.00	1	1	S	388413	                    Algoriphagus machipongonensis
  0.00	4	0	C	1853228	            Chitinophagia
  0.00	4	0	O	1853229	              Chitinophagales
  0.00	4	0	F	563835	                Chitinophagaceae
  0.00	1	0	G	79328	                  Chitinophaga
  0.00	1	0	S	79329	                    Chitinophaga pinensis
  0.00	1	1	-	485918	                      Chitinophaga pinensis DSM 2588
  0.00	1	0	G	354354	                  Niastella
  0.00	1	0	S	354356	                    Niastella koreensis
  0.00	1	1	-	700598	                      Niastella koreensis GR20-10
  0.00	1	0	G	398041	                  Flavisolibacter
  0.00	1	1	S	1492898	                    Flavisolibacter tropicus
  0.00	1	0	G	1769012	                  Arachidicoccus
  0.00	1	1	S	1850526	                    Arachidicoccus sp. BS20
  0.00	3	0	C	117747	            Sphingobacteriia
  0.00	3	0	O	200666	              Sphingobacteriales
  0.00	3	0	F	84566	                Sphingobacteriaceae
  0.00	2	0	G	84567	                  Pedobacter
  0.00	2	2	S	188932	                    Pedobacter cryoconitis
  0.00	1	0	G	423349	                  Mucilaginibacter
  0.00	1	1	S	1550579	                    Mucilaginibacter gotjawali
  0.00	3	0	O	1100069	            Bacteroidetes Order II. Incertae sedis
  0.00	3	0	F	563843	              Rhodothermaceae
  0.00	3	0	-	1196022	                unclassified Rhodothermaceae
  0.00	3	3	S	1779382	                  Rhodothermaceae bacterium RA
  0.00	1	0	C	1937959	            Saprospiria
  0.00	1	0	O	1936988	              Saprospirales
  0.00	1	0	F	1937961	                Haliscomenobacteraceae
  0.00	1	0	G	2349	                  Haliscomenobacter
  0.00	1	0	S	2350	                    Haliscomenobacter hydrossis
  0.00	1	1	-	760192	                      Haliscomenobacter hydrossis DSM 1100
  0.00	1	0	P	1090	          Chlorobi
  0.00	1	0	C	191410	            Chlorobia
  0.00	1	0	O	191411	              Chlorobiales
  0.00	1	0	F	191412	                Chlorobiaceae
  0.00	1	0	G	1101	                  Prosthecochloris
  0.00	1	1	S	1974213	                    Prosthecochloris sp. HL-130-GSB
  0.00	2	0	P	65842	        Fibrobacteres
  0.00	2	0	C	204430	          Fibrobacteria
  0.00	2	0	O	218872	            Fibrobacterales
  0.00	2	0	F	204431	              Fibrobacteraceae
  0.00	2	0	G	832	                Fibrobacter
  0.00	2	0	S	833	                  Fibrobacter succinogenes
  0.00	2	0	-	834	                    Fibrobacter succinogenes subsp. succinogenes
  0.00	2	2	-	59374	                      Fibrobacter succinogenes subsp. succinogenes S85
  8.96	8054	95	-	1783272	      Terrabacteria group
  8.06	7246	248	P	1239	        Firmicutes
  6.49	5838	8	C	186801	          Clostridia
  6.48	5826	416	O	186802	            Clostridiales
  3.93	3537	275	F	186803	              Lachnospiraceae
  0.83	750	0	-	186928	                unclassified Lachnospiraceae
  0.83	750	0	S	39491	                  [Eubacterium] rectale
  0.83	750	750	-	515619	                    [Eubacterium] rectale ATCC 33656
  0.76	686	0	G	841	                Roseburia
  0.76	686	0	S	301301	                  Roseburia hominis
  0.76	686	686	-	585394	                    Roseburia hominis A2-183
  0.76	682	0	G	207244	                Anaerostipes
  0.76	682	682	S	649756	                  Anaerostipes hadrus
  0.73	655	70	G	1506553	                Lachnoclostridium
  0.28	253	253	S	208479	                  [Clostridium] bolteae
  0.18	164	164	S	1871021	                  Lachnoclostridium phocaeense
  0.09	81	81	S	1834196	                  Lachnoclostridium sp. YL32
  0.08	76	0	S	84030	                  [Clostridium] saccharolyticum
  0.08	76	76	-	610130	                    [Clostridium] saccharolyticum WM1
  0.01	11	0	S	66219	                  Lachnoclostridium phytofermentans
  0.01	11	11	-	357809	                    Lachnoclostridium phytofermentans ISDg
  0.48	433	106	G	572511	                Blautia
  0.36	326	0	S	1322	                  Blautia hansenii
  0.36	326	326	-	537007	                    Blautia hansenii DSM 20583
  0.00	1	1	S	1796616	                  Blautia sp. YL58
  0.03	28	0	G	830	                Butyrivibrio
  0.02	15	15	S	185008	                  Butyrivibrio hungatei
  0.01	13	0	S	43305	                  Butyrivibrio proteoclasticus
  0.01	13	13	-	515622	                    Butyrivibrio proteoclasticus B316
  0.02	16	0	G	2039240	                Anaerotignum
  0.02	16	0	S	28446	                  Anaerotignum propionicum
  0.02	16	16	-	991789	                    Anaerotignum propionicum DSM 1682
  0.01	9	0	G	1663717	                Herbinix
  0.01	9	9	S	1679721	                  Herbinix luporum
  0.00	3	0	G	698776	                Cellulosilyticum
  0.00	3	0	S	29360	                  Cellulosilyticum lentocellum
  0.00	3	3	-	642492	                    Clostridium lentocellum DSM 5427
  0.97	873	0	F	186806	              Eubacteriaceae
  0.97	873	5	G	1730	                Eubacterium
  0.64	572	572	S	39488	                  [Eubacterium] hallii
  0.26	232	0	S	39485	                  [Eubacterium] eligens
  0.26	232	232	-	515620	                    [Eubacterium] eligens ATCC 27750
  0.04	37	23	S	1736	                  Eubacterium limosum
  0.02	14	14	-	903814	                    Eubacterium limosum KIST612
  0.03	27	0	S	29322	                  [Eubacterium] cellulosolvens
  0.03	27	27	-	633697	                    [Eubacterium] cellulosolvens 6
  0.52	465	5	F	31979	              Clostridiaceae
  0.51	455	122	G	1485	                Clostridium
  0.05	49	49	S	46867	                  Clostridium chauvoei
  0.05	48	47	S	1502	                  Clostridium perfringens
  0.00	1	1	-	883064	                    Clostridium perfringens F262
  0.04	39	24	S	1491	                  Clostridium botulinum
  0.01	6	6	-	929506	                    Clostridium botulinum BKT015925
  0.01	5	0	-	36827	                    Clostridium botulinum B
  0.01	5	5	-	935198	                      Clostridium botulinum B str. Eklund 17B (NRP)
  0.00	3	3	-	1415774	                    Clostridium botulinum 202F
  0.00	1	1	-	1408284	                    Clostridium botulinum Prevot_594
  0.04	37	37	S	1492	                  Clostridium butyricum
  0.02	22	22	S	1042156	                  Clostridium sp. SY8519
  0.02	21	16	S	1561	                  Clostridium baratii
  0.01	5	5	-	1415775	                    Clostridium baratii str. Sullivan
  0.02	14	14	S	1216932	                  Clostridium bornimense
  0.01	13	12	S	1520	                  Clostridium beijerinckii
  0.00	1	1	-	290402	                    Clostridium beijerinckii NCIMB 8052
  0.01	11	11	S	169679	                  Clostridium saccharobutylicum
  0.01	11	11	S	394958	                  Clostridium taeniosporum
  0.01	10	9	S	36745	                  Clostridium saccharoperbutylacetonicum
  0.00	1	0	-	1335640	                    Clostridium saccharoperbutylacetonicum N1-4
  0.00	1	1	-	931276	                      Clostridium saccharoperbutylacetonicum N1-4(HMT)
  0.01	9	7	S	1501	                  Clostridium pasteurianum
  0.00	2	2	-	86416	                    Clostridium pasteurianum BC1
  0.01	8	8	S	641107	                  Clostridium sp. DL-VIII
  0.01	5	5	S	1534	                  Clostridium kluyveri
  0.01	5	0	S	238834	                  Clostridium estertheticum
  0.01	5	5	-	1552	                    Clostridium estertheticum subsp. estertheticum
  0.00	4	4	S	1494	                  Clostridium cochlearium
  0.00	4	2	S	1513	                  Clostridium tetani
  0.00	1	1	-	212717	                    Clostridium tetani E88
  0.00	1	1	-	1231072	                    Clostridium tetani 12124569
  0.00	4	0	S	217159	                  Clostridium carboxidivorans
  0.00	4	4	-	536227	                    Clostridium carboxidivorans P7
  0.00	3	0	S	1493	                  Clostridium cellulovorans
  0.00	3	3	-	573061	                    Clostridium cellulovorans 743B
  0.00	3	3	S	29341	                  Clostridium argentinense
  0.00	3	3	S	755731	                  Clostridium sp. BNL1100
  0.00	2	2	S	1488	                  Clostridium acetobutylicum
  0.00	2	2	S	1497	                  Clostridium formicaceticum
  0.00	2	2	S	1519	                  Clostridium tyrobutyricum
  0.00	2	0	S	1542	                  Clostridium novyi
  0.00	2	2	-	386415	                    Clostridium novyi NT
  0.00	1	1	S	1548	                  Clostridium scatologenes
  0.00	1	1	S	84022	                  Clostridium aceticum
  0.00	2	1	G	49082	                Candidatus Arthromitus
  0.00	1	1	S	1041504	                  Candidatus Arthromitus sp. SFB-rat-Yit
  0.00	2	0	G	114627	                Alkaliphilus
  0.00	2	0	S	208226	                  Alkaliphilus metalliredigens
  0.00	2	2	-	293826	                    Alkaliphilus metalliredigens QYMF
  0.00	1	0	G	390805	                Geosporobacter
  0.00	1	1	S	1424294	                  Geosporobacter ferrireducens
  0.29	261	0	F	186804	              Peptostreptococcaceae
  0.29	260	0	G	1870884	                Clostridioides
  0.29	260	127	S	1496	                  Clostridioides difficile
  0.05	47	47	-	499174	                    Clostridioides difficile QCD-23m63
  0.03	30	30	-	479831	                    Clostridioides difficile QCD-63q42
  0.03	27	27	-	699037	                    Clostridioides difficile M68
  0.03	24	24	-	499175	                    Clostridioides difficile ATCC 43255
  0.00	3	3	-	699035	                    Clostridioides difficile M120
  0.00	2	2	-	645462	                    Clostridioides difficile CD196
  0.00	1	0	G	44259	                Filifactor
  0.00	1	0	S	143361	                  Filifactor alocis
  0.00	1	1	-	546269	                    Filifactor alocis ATCC 35896
  0.19	169	4	-	186813	              unclassified Clostridiales
  0.12	104	0	G	946234	                Flavonifractor
  0.12	104	104	S	292800	                  Flavonifractor plautii
  0.07	61	0	G	1392389	                Intestinimonas
  0.07	61	61	S	1297617	                  Intestinimonas butyriciproducens
  0.08	71	36	F	541000	              Ruminococcaceae
  0.03	25	1	G	1263	                Ruminococcus
  0.02	17	17	S	1160721	                  Ruminococcus bicirculans
  0.01	5	0	S	1161942	                  Ruminococcus champanellensis
  0.01	5	5	-	213810	                    Ruminococcus champanellensis 18P13 = JCM 17042
  0.00	2	0	S	1264	                  Ruminococcus albus
  0.00	2	2	-	697329	                    Ruminococcus albus 7 = DSM 20455
  0.01	5	0	G	1637257	                Mageeibacillus
  0.01	5	0	S	884684	                  Mageeibacillus indolicus
  0.01	5	5	-	699246	                    Mageeibacillus indolicus UPII9-5
  0.00	2	0	G	253238	                Ethanoligenens
  0.00	2	0	S	253239	                  Ethanoligenens harbinense
  0.00	2	2	-	663278	                    Ethanoligenens harbinense YUAN-3
  0.00	2	0	-	552397	                unclassified Ruminococcaceae
  0.00	2	2	S	1572656	                  Ruminococcaceae bacterium CPB6
  0.00	1	0	G	1508657	                Ruminiclostridium
  0.00	1	0	S	288965	                  [Clostridium] clariflavum
  0.00	1	1	-	720554	                    [Clostridium] clariflavum DSM 19732
  0.02	16	0	F	990719	              Christensenellaceae
  0.02	16	0	G	990721	                Christensenella
  0.02	16	16	S	1805714	                  Christensenella massiliensis
  0.01	7	0	F	186807	              Peptococcaceae
  0.00	2	1	G	36853	                Desulfitobacterium
  0.00	1	0	S	36854	                  Desulfitobacterium dehalogenans
  0.00	1	1	-	756499	                    Desulfitobacterium dehalogenans ATCC 51507
  0.00	2	0	G	51196	                Syntrophobotulus
  0.00	2	0	S	51197	                  Syntrophobotulus glycolicus
  0.00	2	2	-	645991	                    Syntrophobotulus glycolicus DSM 8271
  0.00	1	0	G	1562	                Desulfotomaculum
  0.00	1	0	S	59610	                  Desulfotomaculum reducens
  0.00	1	1	-	349161	                    Desulfotomaculum reducens MI-1
  0.00	1	0	G	51514	                Dehalobacterium
  0.00	1	1	S	51515	                  Dehalobacterium formicoaceticum
  0.00	1	0	G	79206	                Desulfosporosinus
  0.00	1	0	S	1563	                  Desulfosporosinus orientis
  0.00	1	1	-	768706	                    Desulfosporosinus orientis DSM 765
  0.01	7	0	F	216572	              Oscillospiraceae
  0.01	7	0	G	459786	                Oscillibacter
  0.01	7	0	S	351091	                  Oscillibacter valericigenes
  0.01	7	7	-	693746	                    Oscillibacter valericigenes Sjm18-20
  0.00	3	0	-	538999	              Clostridiales incertae sedis
  0.00	3	0	F	543314	                Clostridiales Family XIII. Incertae Sedis
  0.00	2	0	G	86331	                  Mogibacterium
  0.00	2	2	S	86332	                    Mogibacterium pumilum
  0.00	1	0	S	143393	                  [Eubacterium] sulci
  0.00	1	1	-	888727	                    Eubacterium sulci ATCC 35585
  0.00	1	0	F	31984	              Heliobacteriaceae
  0.00	1	0	G	2697	                Heliobacterium
  0.00	1	0	S	35701	                  Heliobacterium modesticaldum
  0.00	1	1	-	498761	                    Heliobacterium modesticaldum Ice1
  0.00	2	0	O	53433	            Halanaerobiales
  0.00	2	0	F	972	              Halanaerobiaceae
  0.00	2	0	G	2330	                Halanaerobium
  0.00	2	0	S	2331	                  Halanaerobium praevalens
  0.00	2	2	-	572479	                    Halanaerobium praevalens DSM 2228
  0.00	2	0	O	68295	            Thermoanaerobacterales
  0.00	2	0	F	543371	              Thermoanaerobacterales Family III. Incertae Sedis
  0.00	2	1	G	44000	                Caldicellulosiruptor
  0.00	1	0	S	31899	                  Caldicellulosiruptor bescii
  0.00	1	1	-	521460	                    Caldicellulosiruptor bescii DSM 6725
  0.77	688	4	C	909932	          Negativicutes
  0.74	668	0	O	1843489	            Veillonellales
  0.74	668	0	F	31977	              Veillonellaceae
  0.74	662	29	G	29465	                Veillonella
  0.69	618	618	S	29466	                  Veillonella parvula
  0.02	15	15	S	248315	                  Veillonella rodentium
  0.01	5	0	G	906	                Megasphaera
  0.01	5	4	S	907	                  Megasphaera elsdenii
  0.00	1	1	-	1458465	                    Megasphaera elsdenii 14-14
  0.00	1	0	G	39948	                Dialister
  0.00	1	1	S	39950	                  Dialister pneumosintes
  0.01	9	0	O	909929	            Selenomonadales
  0.01	9	0	F	1843491	              Selenomonadaceae
  0.01	8	1	G	970	                Selenomonas
  0.00	3	0	S	69823	                  Selenomonas sputigena
  0.00	3	3	-	546271	                    Selenomonas sputigena ATCC 35185
  0.00	3	3	S	712528	                  Selenomonas sp. oral taxon 126
  0.00	1	0	S	971	                  Selenomonas ruminantium
  0.00	1	0	-	114197	                    Selenomonas ruminantium subsp. lactilytica
  0.00	1	1	-	927704	                      Selenomonas ruminantium subsp. lactilytica TAM6421
  0.00	1	0	G	158846	                Megamonas
  0.00	1	1	S	158847	                  Megamonas hypermegale
  0.01	7	0	O	1843488	            Acidaminococcales
  0.01	7	0	F	909930	              Acidaminococcaceae
  0.01	7	1	G	904	                Acidaminococcus
  0.00	3	0	S	905	                  Acidaminococcus fermentans
  0.00	3	3	-	591001	                    Acidaminococcus fermentans DSM 20731
  0.00	3	0	S	187327	                  Acidaminococcus intestini
  0.00	3	3	-	568816	                    Acidaminococcus intestini RyC-MR95
  0.29	263	1	C	91061	          Bacilli
  0.19	168	3	O	186826	            Lactobacillales
  0.12	109	1	F	1300	              Streptococcaceae
  0.12	104	16	G	1301	                Streptococcus
  0.03	27	0	S	1307	                  Streptococcus suis
  0.03	26	26	-	423211	                    Streptococcus suis GZ1
  0.00	1	1	-	1004952	                    Streptococcus suis D12
  0.02	14	1	-	671232	                  Streptococcus anginosus group
  0.01	11	11	S	1328	                    Streptococcus anginosus
  0.00	2	0	S	1338	                    Streptococcus intermedius
  0.00	2	2	-	862967	                      Streptococcus intermedius B196
  0.01	10	9	S	1304	                  Streptococcus salivarius
  0.00	1	1	-	1048332	                    Streptococcus salivarius CCHSS3
  0.01	8	8	S	1311	                  Streptococcus agalactiae
  0.01	7	2	S	1318	                  Streptococcus parasanguinis
  0.00	4	4	-	760570	                    Streptococcus parasanguinis ATCC 15912
  0.00	1	1	-	1114965	                    Streptococcus parasanguinis FW213
  0.01	7	0	S	197614	                  Streptococcus pasteurianus
  0.01	7	7	-	981540	                    Streptococcus pasteurianus ATCC 43144
  0.00	4	1	S	1314	                  Streptococcus pyogenes
  0.00	3	0	-	342023	                    Streptococcus pyogenes serotype M12
  0.00	3	3	-	370553	                      Streptococcus pyogenes MGAS2096
  0.00	2	2	S	1308	                  Streptococcus thermophilus
  0.00	2	2	S	1313	                  Streptococcus pneumoniae
  0.00	2	0	-	119603	                  Streptococcus dysgalactiae group
  0.00	2	1	S	1334	                    Streptococcus dysgalactiae
  0.00	1	0	-	119602	                      Streptococcus dysgalactiae subsp. equisimilis
  0.00	1	1	-	486410	                        Streptococcus dysgalactiae subsp. equisimilis GGS_124
  0.00	1	0	S	1305	                  Streptococcus sanguinis
  0.00	1	1	-	388919	                    Streptococcus sanguinis SK36
  0.00	1	1	S	1326	                  Streptococcus acidominimus
  0.00	1	1	S	1346	                  Streptococcus iniae
  0.00	1	1	S	102684	                  Streptococcus infantarius
  0.00	1	0	S	150055	                  Streptococcus lutetiensis
  0.00	1	1	-	1076934	                    Streptococcus lutetiensis 033
  0.00	4	0	G	1357	                Lactococcus
  0.00	4	1	S	1358	                  Lactococcus lactis
  0.00	3	2	-	1359	                    Lactococcus lactis subsp. cremoris
  0.00	1	1	-	1104322	                      Lactococcus lactis subsp. cremoris A76
  0.03	29	0	F	81852	              Enterococcaceae
  0.03	27	0	G	1350	                Enterococcus
  0.02	18	17	S	1352	                  Enterococcus faecium
  0.00	1	1	-	1344042	                    Enterococcus faecium T110
  0.00	3	0	S	1351	                  Enterococcus faecalis
  0.00	3	3	-	226185	                    Enterococcus faecalis V583
  0.00	3	3	S	53345	                  Enterococcus durans
  0.00	2	2	S	2005703	                  Enterococcus sp. MN05
  0.00	1	1	S	417368	                  Enterococcus thailandicus
  0.00	1	0	G	2737	                Vagococcus
  0.00	1	1	S	519472	                  Vagococcus teuberi
  0.00	1	0	G	33969	                Melissococcus
  0.00	1	1	S	33970	                  Melissococcus plutonius
  0.02	21	1	F	33958	              Lactobacillaceae
  0.02	19	0	G	1578	                Lactobacillus
  0.01	7	0	S	1623	                  Lactobacillus ruminis
  0.01	7	7	-	1069534	                    Lactobacillus ruminis ATCC 27782
  0.00	2	2	S	1599	                  Lactobacillus sakei
  0.00	1	1	S	1580	                  Lactobacillus brevis
  0.00	1	1	S	1584	                  Lactobacillus delbrueckii
  0.00	1	1	S	1598	                  Lactobacillus reuteri
  0.00	1	1	S	1600	                  Lactobacillus acetotolerans
  0.00	1	1	S	1601	                  Lactobacillus agilis
  0.00	1	1	S	33959	                  Lactobacillus johnsonii
  0.00	1	0	S	109790	                  Lactobacillus jensenii
  0.00	1	1	-	525329	                    Lactobacillus jensenii JV-V16
  0.00	1	1	S	392416	                  Lactobacillus crustorum
  0.00	1	0	-	655183	                  Lactobacillus casei group
  0.00	1	1	S	1597	                    Lactobacillus paracasei
  0.00	1	1	S	1007676	                  Lactobacillus ginsenosidimutans
  0.00	1	0	G	1253	                Pediococcus
  0.00	1	1	S	1255	                  Pediococcus pentosaceus
  0.00	2	0	F	81850	              Leuconostocaceae
  0.00	2	0	G	1243	                Leuconostoc
  0.00	2	2	S	1245	                  Leuconostoc mesenteroides
  0.00	2	0	F	186827	              Aerococcaceae
  0.00	2	1	G	1375	                Aerococcus
  0.00	1	1	S	87541	                  Aerococcus christensenii
  0.00	2	0	F	186828	              Carnobacteriaceae
  0.00	1	0	G	2747	                Carnobacterium
  0.00	1	1	S	208596	                  Carnobacterium sp. 17-4
  0.00	1	0	G	191769	                Marinilactibacillus
  0.00	1	1	S	1911586	                  Marinilactibacillus sp. 15R
  0.10	94	3	O	1385	            Bacillales
  0.04	34	0	F	186817	              Bacillaceae
  0.03	23	7	G	1386	                Bacillus
  0.00	2	2	S	1408	                  Bacillus pumilus
  0.00	2	1	-	653685	                  Bacillus subtilis group
  0.00	1	0	S	1423	                    Bacillus subtilis
  0.00	1	0	-	96241	                      Bacillus subtilis subsp. spizizenii
  0.00	1	1	-	655816	                        Bacillus subtilis subsp. spizizenii str. W23
  0.00	2	2	S	666686	                  Bacillus sp. 1NLA3E
  0.00	1	1	S	33932	                  Bacillus cohnii
  0.00	1	0	-	86661	                  Bacillus cereus group
  0.00	1	1	S	1396	                    Bacillus cereus
  0.00	1	1	S	86664	                  Bacillus flexus
  0.00	1	1	S	98228	                  Bacillus sp. OxB-1
  0.00	1	1	S	199441	                  Bacillus krulwichiae
  0.00	1	1	S	1547283	                  Bacillus weihaiensis
  0.00	1	1	S	1565991	                  Bacillus sp. X1(2014)
  0.00	1	1	S	1664069	                  Bacillus glycinifermentans
  0.00	1	1	S	1705566	                  Bacillus sp. FJAT-18017
  0.00	1	1	S	1774743	                  Bacillus sp. SDLI1
  0.01	5	0	G	84406	                Virgibacillus
  0.00	3	3	S	163877	                  Virgibacillus necropolis
  0.00	1	1	S	1482	                  Virgibacillus halodenitrificans
  0.00	1	1	S	2017483	                  Virgibacillus sp. LM2416
  0.00	2	0	G	351195	                Salimicrobium
  0.00	2	2	S	1230341	                  Salimicrobium jeotgali
  0.00	1	0	G	129337	                Geobacillus
  0.00	1	1	S	471223	                  Geobacillus sp. WCH70
  0.00	1	0	G	182709	                Oceanobacillus
  0.00	1	0	S	182710	                  Oceanobacillus iheyensis
  0.00	1	1	-	221109	                    Oceanobacillus iheyensis HTE831
  0.00	1	0	G	1055323	                Aeribacillus
  0.00	1	1	S	33936	                  Aeribacillus pallidus
  0.00	1	0	G	1329200	                Fictibacillus
  0.00	1	1	S	255247	                  Fictibacillus arsenicus
  0.04	32	0	F	186822	              Paenibacillaceae
  0.03	29	4	G	44249	                Paenibacillus
  0.00	2	2	S	1406	                  Paenibacillus polymyxa
  0.00	2	2	S	1464	                  Paenibacillus larvae
  0.00	2	2	S	1536769	                  Paenibacillus sp. FSL P4-0081
  0.00	2	2	S	1536773	                  Paenibacillus sp. FSL R7-0331
  0.00	2	2	S	1566358	                  Paenibacillus sp. IHBB 10380
  0.00	2	2	S	1616788	                  Paenibacillus bovis
  0.00	2	2	S	1619311	                  Paenibacillus physcomitrellae
  0.00	1	1	S	61624	                  Paenibacillus mucilaginosus
  0.00	1	0	S	159743	                  Paenibacillus terrae
  0.00	1	1	-	985665	                    Paenibacillus terrae HPL-003
  0.00	1	1	S	169760	                  Paenibacillus stellifer
  0.00	1	1	S	189425	                  Paenibacillus graminis
  0.00	1	1	S	414771	                  Paenibacillus donghaensis
  0.00	1	1	S	1536770	                  Paenibacillus sp. FSL R5-0345
  0.00	1	1	S	1536771	                  Paenibacillus sp. FSL R5-0912
  0.00	1	1	S	1536772	                  Paenibacillus sp. FSL R7-0273
  0.00	1	1	S	1536775	                  Paenibacillus sp. FSL H7-0737
  0.00	1	1	S	1763538	                  Paenibacillus sp. LPB0068
  0.00	1	1	S	2023772	                  Paenibacillus sp. RUD330
  0.00	2	0	-	234447	                unclassified Paenibacillaceae
  0.00	2	2	S	1882832	                  Paenibacillaceae bacterium GAS479
  0.00	1	0	G	55080	                Brevibacillus
  0.00	1	0	S	1465	                  Brevibacillus laterosporus
  0.00	1	1	-	1042163	                    Brevibacillus laterosporus LMG 15441
  0.01	12	0	F	90964	              Staphylococcaceae
  0.01	11	0	G	1279	                Staphylococcus
  0.00	3	2	S	1280	                  Staphylococcus aureus
  0.00	1	1	-	46170	                    Staphylococcus aureus subsp. aureus
  0.00	1	1	S	1281	                  Staphylococcus carnosus
  0.00	1	1	S	1282	                  Staphylococcus epidermidis
  0.00	1	1	S	1296	                  Staphylococcus sciuri
  0.00	1	1	S	28035	                  Staphylococcus lugdunensis
  0.00	1	1	S	61015	                  Staphylococcus succinus
  0.00	1	1	S	70255	                  Staphylococcus condimenti
  0.00	1	1	S	985002	                  Staphylococcus argenteus
  0.00	1	1	S	985762	                  Staphylococcus agnetis
  0.00	1	0	G	69965	                Macrococcus
  0.00	1	1	S	1855823	                  Macrococcus canis
  0.01	7	0	F	186818	              Planococcaceae
  0.00	2	0	G	1372	                Planococcus
  0.00	1	0	S	161360	                  Planococcus antarcticus
  0.00	1	1	-	1185653	                    Planococcus antarcticus DSM 14505
  0.00	1	1	S	1038856	                  Planococcus plakortidis
  0.00	2	0	G	1569	                Sporosarcina
  0.00	2	2	S	1571	                  Sporosarcina ureae
  0.00	1	0	G	1649	                Kurthia
  0.00	1	1	S	1750719	                  Kurthia sp. 11kri321
  0.00	1	0	G	157226	                Jeotgalibacillus
  0.00	1	1	S	1508404	                  Jeotgalibacillus malaysiensis
  0.00	1	0	G	648800	                Solibacillus
  0.00	1	1	S	76853	                  Solibacillus silvestris
  0.00	3	0	F	186820	              Listeriaceae
  0.00	3	0	G	2755	                Brochothrix
  0.00	3	3	S	2756	                  Brochothrix thermosphacta
  0.00	2	0	-	539002	              Bacillales incertae sedis
  0.00	1	0	-	539738	                Bacillales Family XI. Incertae Sedis
  0.00	1	0	G	1378	                  Gemella
  0.00	1	1	S	1785995	                    Gemella sp. oral taxon 928
  0.00	1	0	-	539742	                Bacillales Family XII. Incertae Sedis
  0.00	1	0	G	33986	                  Exiguobacterium
  0.00	1	0	S	332410	                    Exiguobacterium sibiricum
  0.00	1	1	-	262543	                      Exiguobacterium sibiricum 255-15
  0.00	1	0	F	186823	              Alicyclobacillaceae
  0.00	1	0	G	432330	                Tumebacillus
  0.00	1	1	S	1903704	                  Tumebacillus sp. AR23208
  0.20	176	0	C	526524	          Erysipelotrichia
  0.20	176	0	O	526525	            Erysipelotrichales
  0.20	176	34	F	128827	              Erysipelotrichaceae
  0.13	120	0	G	1573534	                Faecalitalea
  0.13	120	0	S	39483	                  Faecalitalea cylindroides
  0.13	120	120	-	717960	                    Faecalitalea cylindroides T2-87
  0.01	11	0	G	1729679	                Faecalibaculum
  0.01	11	11	S	1702221	                  Faecalibaculum rodentium
  0.01	9	0	G	191303	                Turicibacter
  0.01	9	9	S	1712675	                  Turicibacter sp. H121
  0.00	2	0	G	1647	                Erysipelothrix
  0.00	1	1	S	1648	                  Erysipelothrix rhusiopathiae
  0.00	1	1	S	1514105	                  Erysipelothrix larvae
  0.03	31	1	C	1737404	          Tissierellia
  0.03	30	0	O	1737405	            Tissierellales
  0.03	27	0	F	1570339	              Peptoniphilaceae
  0.02	14	0	G	1161127	                Murdochiella
  0.02	14	14	S	1852373	                  Murdochiella vaginalis
  0.01	11	0	G	150022	                Finegoldia
  0.01	11	10	S	1260	                  Finegoldia magna
  0.00	1	1	-	334413	                    Finegoldia magna ATCC 29328
  0.00	1	0	G	162289	                Peptoniphilus
  0.00	1	1	S	1912856	                  Peptoniphilus sp. ING2-D1G
  0.00	1	0	G	543311	                Parvimonas
  0.00	1	1	S	33033	                  Parvimonas micra
  0.00	3	0	F	2042895	              Gottschalkiaceae
  0.00	3	0	G	1505664	                Gottschalkia
  0.00	3	0	S	1556	                  Gottschalkia acidurici
  0.00	3	3	-	1128398	                    Gottschalkia acidurici 9a
  0.00	2	0	-	33974	          unclassified Firmicutes sensu stricto
  0.00	2	0	-	84086	            unclassified Firmicutes sensu stricto (miscellaneous)
  0.00	2	2	S	243899	              endosymbiont 'TC1' of Trimyema compressum
  0.77	693	6	P	201174	        Actinobacteria
  0.62	554	14	C	1760	          Actinobacteria
  0.54	485	0	O	85004	            Bifidobacteriales
  0.54	485	0	F	31953	              Bifidobacteriaceae
  0.54	485	48	G	1678	                Bifidobacterium
  0.39	350	320	S	1680	                  Bifidobacterium adolescentis
  0.03	30	30	-	367928	                    Bifidobacterium adolescentis ATCC 15703
  0.05	49	37	S	216816	                  Bifidobacterium longum
  0.01	8	1	-	1679	                    Bifidobacterium longum subsp. longum
  0.00	4	4	-	890402	                      Bifidobacterium longum subsp. longum BBMN68
  0.00	3	3	-	722911	                      Bifidobacterium longum subsp. longum F8
  0.00	3	1	-	1682	                    Bifidobacterium longum subsp. infantis
  0.00	1	1	-	391904	                      Bifidobacterium longum subsp. infantis ATCC 15697 = JCM 1222 = DSM 20088
  0.00	1	1	-	565040	                      Bifidobacterium longum subsp. infantis 157F
  0.00	1	1	-	206672	                    Bifidobacterium longum NCC2705
  0.02	15	4	S	1685	                  Bifidobacterium breve
  0.00	4	4	-	518634	                    Bifidobacterium breve DSM 20213 = JCM 1192
  0.00	2	2	-	866777	                    Bifidobacterium breve ACS-071-V-Sch8b
  0.00	2	2	-	1385939	                    Bifidobacterium breve JCM 7017
  0.00	2	2	-	1385942	                    Bifidobacterium breve 689b
  0.00	1	1	-	1385940	                    Bifidobacterium breve JCM 7019
  0.01	5	3	S	1683	                  Bifidobacterium angulatum
  0.00	2	2	-	518635	                    Bifidobacterium angulatum DSM 20098 = JCM 7096
  0.00	4	0	S	28026	                  Bifidobacterium pseudocatenulatum
  0.00	4	4	-	547043	                    Bifidobacterium pseudocatenulatum DSM 20438 = JCM 1200 = LMG 10505
  0.00	3	1	S	1681	                  Bifidobacterium bifidum
  0.00	2	2	-	702459	                    Bifidobacterium bifidum PRL2010
  0.00	3	0	S	1686	                  Bifidobacterium catenulatum
  0.00	3	3	-	566552	                    Bifidobacterium catenulatum DSM 16992 = JCM 1194 = LMG 11043
  0.00	3	3	S	1689	                  Bifidobacterium dentium
  0.00	2	0	S	630129	                  Bifidobacterium kashiwanohense
  0.00	1	1	-	1150460	                    Bifidobacterium kashiwanohense JCM 15439 = DSM 21854
  0.00	1	1	-	1447716	                    Bifidobacterium kashiwanohense PV20-2
  0.00	1	1	S	1687	                  Bifidobacterium coryneforme
  0.00	1	1	S	1694	                  Bifidobacterium pseudolongum
  0.00	1	1	S	28025	                  Bifidobacterium animalis
  0.02	20	3	O	85006	            Micrococcales
  0.01	7	5	F	85023	              Microbacteriaceae
  0.00	1	1	G	33882	                Microbacterium
  0.00	1	0	G	518733	                Microterricola
  0.00	1	1	S	412690	                  Microterricola viridarii
  0.01	6	1	F	1268	              Micrococcaceae
  0.00	3	0	G	32207	                Rothia
  0.00	3	3	S	43675	                  Rothia mucilaginosa
  0.00	1	0	G	1663	                Arthrobacter
  0.00	1	1	S	1704044	                  Arthrobacter sp. ERGS1:01
  0.00	1	0	G	57493	                Kocuria
  0.00	1	1	S	71999	                  Kocuria palustris
  0.00	2	0	F	85021	              Intrasporangiaceae
  0.00	1	0	G	53357	                Intrasporangium
  0.00	1	0	S	53358	                  Intrasporangium calvum
  0.00	1	1	-	710696	                    Intrasporangium calvum DSM 43043
  0.00	1	0	G	367298	                Phycicoccus
  0.00	1	1	S	443156	                  Phycicoccus dokdonensis
  0.00	1	0	F	85016	              Cellulomonadaceae
  0.00	1	0	G	1707	                Cellulomonas
  0.00	1	0	S	1711	                  Cellulomonas flavigena
  0.00	1	1	-	446466	                    Cellulomonas flavigena DSM 20109
  0.00	1	0	F	125316	              Beutenbergiaceae
  0.00	1	0	G	84756	                Beutenbergia
  0.00	1	0	S	84757	                  Beutenbergia cavernae
  0.00	1	1	-	471853	                    Beutenbergia cavernae DSM 12333
  0.01	12	0	O	85007	            Corynebacteriales
  0.01	12	0	F	1653	              Corynebacteriaceae
  0.01	12	3	G	1716	                Corynebacterium
  0.00	2	2	S	1718	                  Corynebacterium glutamicum
  0.00	2	0	S	108486	                  Corynebacterium falsenii
  0.00	2	2	-	1451189	                    Corynebacterium falsenii DSM 44353
  0.00	1	1	S	43770	                  Corynebacterium striatum
  0.00	1	1	S	65058	                  Corynebacterium ulcerans
  0.00	1	0	S	152794	                  Corynebacterium efficiens
  0.00	1	1	-	196164	                    Corynebacterium efficiens YS-314
  0.00	1	0	S	258224	                  Corynebacterium resistens
  0.00	1	1	-	662755	                    Corynebacterium resistens DSM 45100
  0.00	1	0	S	1231000	                  Corynebacterium lactis
  0.00	1	1	-	1408189	                    Corynebacterium lactis RW2-5
  0.01	11	0	O	2037	            Actinomycetales
  0.01	11	0	F	2049	              Actinomycetaceae
  0.01	11	0	G	1654	                Actinomyces
  0.01	8	8	S	712122	                  Actinomyces sp. oral taxon 414
  0.00	2	2	S	1852377	                  Actinomyces sp. Marseille-P2985
  0.00	1	1	S	1960083	                  Actinomyces gaoshouyii
  0.00	4	0	O	85009	            Propionibacteriales
  0.00	3	0	F	31957	              Propionibacteriaceae
  0.00	2	0	G	203133	                Propionimicrobium
  0.00	2	2	S	1871034	                  Propionimicrobium sp. Marseille-P3275
  0.00	1	1	G	1912216	                Cutibacterium
  0.00	1	0	F	85015	              Nocardioidaceae
  0.00	1	0	G	182639	                Kribbella
  0.00	1	0	S	182640	                  Kribbella flavida
  0.00	1	1	-	479435	                    Kribbella flavida DSM 17836
  0.00	4	0	O	85011	            Streptomycetales
  0.00	4	0	F	2062	              Streptomycetaceae
  0.00	4	2	G	1883	                Streptomyces
  0.00	1	0	S	1038928	                  Streptomyces xinghaiensis
  0.00	1	1	-	1038929	                    Streptomyces xinghaiensis S187
  0.00	1	1	S	1961713	                  Streptomyces sp. MOE7
  0.00	2	0	O	85010	            Pseudonocardiales
  0.00	2	0	F	2070	              Pseudonocardiaceae
  0.00	2	2	G	65496	                Actinoalloteichus
  0.00	1	0	O	1643684	            Nakamurellales
  0.00	1	0	F	85031	              Nakamurellaceae
  0.00	1	0	G	53460	                Nakamurella
  0.00	1	0	S	53461	                  Nakamurella multipartita
  0.00	1	1	-	479431	                    Nakamurella multipartita DSM 44233
  0.00	1	0	O	2039638	            Candidatus Nanopelagicales
  0.00	1	0	G	2039639	              Candidatus Nanopelagicus
  0.00	1	1	S	1884916	                Candidatus Nanopelagicus abundans
  0.15	132	6	C	84998	          Coriobacteriia
  0.07	65	2	O	84999	            Coriobacteriales
  0.06	55	1	F	1643824	              Atopobiaceae
  0.03	28	0	G	1935188	                Libanicoccus
  0.03	28	28	S	1871022	                  Libanicoccus massiliensis
  0.03	24	4	G	133925	                Olsenella
  0.01	9	9	S	1805478	                  Olsenella sp. Marseille-P2300
  0.01	6	6	S	604330	                  Olsenella umbonata
  0.01	5	0	S	133926	                  Olsenella uli
  0.01	5	5	-	633147	                    Olsenella uli DSM 7084
  0.00	2	0	G	1380	                Atopobium
  0.00	2	0	S	1382	                  Atopobium parvulum
  0.00	2	2	-	521095	                    Atopobium parvulum DSM 20469
  0.01	8	0	F	84107	              Coriobacteriaceae
  0.01	6	0	G	33870	                Coriobacterium
  0.01	6	0	S	33871	                  Coriobacterium glomerans
  0.01	6	6	-	700015	                    Coriobacterium glomerans PW2
  0.00	2	0	-	84113	                unclassified Coriobacteriaceae
  0.00	2	2	S	1531429	                  Coriobacteriaceae bacterium 68-1-3
  0.07	61	0	O	1643822	            Eggerthellales
  0.07	61	4	F	1643826	              Eggerthellaceae
  0.04	40	0	G	1981050	                Phoenicibacter
  0.04	40	40	S	1944646	                  Phoenicibacter massiliensis
  0.01	8	1	G	644652	                Gordonibacter
  0.00	4	4	S	1841863	                  Gordonibacter massiliensis
  0.00	2	0	S	471189	                  Gordonibacter pamelaeae
  0.00	2	2	-	657308	                    Gordonibacter pamelaeae 7-10-1-b
  0.00	1	1	S	1335613	                  Gordonibacter urolithinfaciens
  0.00	3	0	G	84108	                Slackia
  0.00	3	0	S	84110	                  Slackia heliotrinireducens
  0.00	3	3	-	471855	                    Slackia heliotrinireducens DSM 20476
  0.00	2	0	G	79603	                Denitrobacterium
  0.00	2	2	S	79604	                  Denitrobacterium detoxificans
  0.00	2	0	G	447020	                Adlercreutzia
  0.00	2	0	S	446660	                  Adlercreutzia equolifaciens
  0.00	2	2	-	1384484	                    Adlercreutzia equolifaciens DSM 19450
  0.00	1	0	G	84111	                Eggerthella
  0.00	1	0	S	84112	                  Eggerthella lenta
  0.00	1	1	-	479437	                    Eggerthella lenta DSM 2243
  0.00	1	0	G	84162	                Cryptobacterium
  0.00	1	0	S	84163	                  Cryptobacterium curtum
  0.00	1	1	-	469378	                    Cryptobacterium curtum DSM 15641
  0.00	1	0	C	84995	          Rubrobacteria
  0.00	1	0	O	84996	            Rubrobacterales
  0.00	1	0	F	84997	              Rubrobacteraceae
  0.00	1	0	G	42255	                Rubrobacter
  0.00	1	0	S	49319	                  Rubrobacter xylanophilus
  0.00	1	1	-	266117	                    Rubrobacter xylanophilus DSM 9941
  0.01	9	0	P	544448	        Tenericutes
  0.01	8	0	C	31969	          Mollicutes
  0.00	4	0	O	186328	            Entomoplasmatales
  0.00	3	0	F	2131	              Spiroplasmataceae
  0.00	3	0	G	2132	                Spiroplasma
  0.00	2	0	S	216935	                  Spiroplasma culicicola
  0.00	2	2	-	1276246	                    Spiroplasma culicicola AES-1
  0.00	1	1	S	315358	                  Spiroplasma eriocheiris
  0.00	1	0	F	33925	              Entomoplasmataceae
  0.00	1	0	G	46239	                Mesoplasma
  0.00	1	0	S	138853	                  Mesoplasma lactucae
  0.00	1	1	-	81460	                    Mesoplasma lactucae ATCC 49193
  0.00	2	0	O	2085	            Mycoplasmatales
  0.00	2	0	F	2092	              Mycoplasmataceae
  0.00	2	0	G	2093	                Mycoplasma
  0.00	1	1	S	2110	                  Mycoplasma agalactiae
  0.00	1	0	-	656088	                  Mycoplasma mycoides group
  0.00	1	1	S	2105	                    Mycoplasma leachii
  0.00	2	0	O	186329	            Acholeplasmatales
  0.00	2	0	F	2146	              Acholeplasmataceae
  0.00	2	0	G	2147	                Acholeplasma
  0.00	1	0	S	38986	                  Acholeplasma palmae
  0.00	1	1	-	1318466	                    Acholeplasma palmae J233
  0.00	1	1	S	61635	                  Acholeplasma brassicae
  0.00	1	0	G	1912503	          Candidatus Izimaplasma
  0.00	1	1	S	1541959	            Candidatus Izimaplasma sp. HR1
  0.01	7	0	-	1798711	        Cyanobacteria/Melainabacteria group
  0.01	7	1	P	1117	          Cyanobacteria
  0.00	3	0	O	1890424	            Synechococcales
  0.00	2	0	F	1890426	              Synechococcaceae
  0.00	2	1	G	1129	                Synechococcus
  0.00	1	1	S	321327	                  Synechococcus sp. JA-3-3Ab
  0.00	1	0	F	1890438	              Leptolyngbyaceae
  0.00	1	0	G	47251	                Leptolyngbya
  0.00	1	1	S	1752064	                  Leptolyngbya sp. NIES-3755
  0.00	2	0	O	1161	            Nostocales
  0.00	1	0	F	1162	              Nostocaceae
  0.00	1	0	G	264688	                Trichormus
  0.00	1	0	S	1164	                  Trichormus azollae
  0.00	1	1	-	551115	                    'Nostoc azollae' 0708
  0.00	1	0	F	1185	              Rivulariaceae
  0.00	1	1	G	1186	                Calothrix
  0.00	1	0	C	307596	            Gloeobacteria
  0.00	1	0	O	307595	              Gloeobacterales
  0.00	1	0	F	1890422	                Gloeobacteraceae
  0.00	1	0	G	33071	                  Gloeobacter
  0.00	1	0	S	1416614	                    Gloeobacter kilaueensis
  0.00	1	1	-	1183438	                      Gloeobacter kilaueensis JS1
  0.00	3	0	P	200795	        Chloroflexi
  0.00	1	0	C	32061	          Chloroflexia
  0.00	1	0	O	32064	            Chloroflexales
  0.00	1	0	-	1508594	              Chloroflexineae
  0.00	1	0	F	1106	                Chloroflexaceae
  0.00	1	1	G	1107	                  Chloroflexus
  0.00	1	0	C	189775	          Thermomicrobia
  0.00	1	0	-	85000	            Sphaerobacteridae
  0.00	1	0	O	85001	              Sphaerobacterales
  0.00	1	0	-	255728	                Sphaerobacterineae
  0.00	1	0	F	85002	                  Sphaerobacteraceae
  0.00	1	0	G	2056	                    Sphaerobacter
  0.00	1	0	S	2057	                      Sphaerobacter thermophilus
  0.00	1	1	-	479434	                        Sphaerobacter thermophilus DSM 20745
  0.00	1	0	C	1382928	          Ardenticatenia
  0.00	1	0	O	1382929	            Ardenticatenales
  0.00	1	0	F	1382930	              Ardenticatenaceae
  0.00	1	0	G	1988031	                Candidatus Promineofilum
  0.00	1	1	S	1806508	                  Candidatus Promineofilum breve
  0.00	1	0	P	1297	        Deinococcus-Thermus
  0.00	1	1	C	188787	          Deinococci
  4.10	3689	50	P	1224	      Proteobacteria
  3.80	3414	20	C	1236	        Gammaproteobacteria
  3.42	3073	22	O	91347	          Enterobacterales
  3.37	3029	435	F	543	            Enterobacteriaceae
  2.86	2569	47	G	561	              Escherichia
  2.80	2519	2353	S	562	                Escherichia coli
  0.12	108	108	-	941323	                  Escherichia coli VR50
  0.01	8	8	-	655817	                  Escherichia coli ABU 83972
  0.01	6	6	-	439855	                  Escherichia coli SMS-3-5
  0.01	6	6	-	585397	                  Escherichia coli ED1a
  0.01	6	0	-	1072458	                  Escherichia coli O7:K1
  0.01	6	6	-	1072459	                    Escherichia coli O7:K1 str. CE10
  0.01	5	0	-	168807	                  Escherichia coli O127:H6
  0.01	5	5	-	574521	                    Escherichia coli O127:H6 str. E2348/69
  0.01	5	5	-	696406	                  Escherichia coli UMNK88
  0.00	4	4	-	1078034	                  Escherichia coli O145:H28
  0.00	3	3	-	585057	                  Escherichia coli IAI39
  0.00	2	2	-	340184	                  Escherichia coli B7A
  0.00	2	2	-	745156	                  Escherichia coli 1303
  0.00	2	0	-	861906	                  Escherichia coli O44:H18
  0.00	2	2	-	216592	                    Escherichia coli 042
  0.00	2	2	-	1050617	                  Escherichia coli UMNF18
  0.00	1	1	-	316401	                  Escherichia coli ETEC H10407
  0.00	1	1	-	405955	                  Escherichia coli APEC O1
  0.00	1	1	-	585035	                  Escherichia coli S88
  0.00	1	1	-	714962	                  Escherichia coli IHE3034
  0.00	1	1	-	930406	                  Escherichia coli O157:H16
  0.00	1	1	-	1322345	                  Escherichia coli ATCC 25922
  0.00	1	1	-	1329907	                  Escherichia coli APEC IMT5155
  0.00	2	2	S	208962	                Escherichia albertii
  0.00	1	0	S	564	                Escherichia fergusonii
  0.00	1	1	-	981367	                  Escherichia fergusonii ECD227
  0.01	10	2	G	547	              Enterobacter
  0.01	6	2	-	354276	                Enterobacter cloacae complex
  0.00	2	2	S	550	                  Enterobacter cloacae
  0.00	2	2	S	1334193	                  Enterobacter lignolyticus
  0.00	2	2	S	1692238	                Enterobacter sp. FY-07
  0.01	5	0	G	590	              Salmonella
  0.01	5	3	S	28901	                Salmonella enterica
  0.00	2	0	-	59201	                  Salmonella enterica subsp. enterica
  0.00	1	0	-	90371	                    Salmonella enterica subsp. enterica serovar Typhimurium
  0.00	1	1	-	1454643	                      Salmonella enterica subsp. enterica serovar Typhimurium str. CDC 2011K-1702
  0.00	1	0	-	913085	                    Salmonella enterica subsp. enterica serovar Wandsworth
  0.00	1	1	-	1243595	                      Salmonella enterica subsp. enterica serovar Wandsworth str. SA20092095
  0.00	3	0	-	191675	              unclassified Enterobacteriaceae
  0.00	3	0	-	84563	                ant, tsetse, mealybug, aphid, etc. endosymbionts
  0.00	3	0	G	1682492	                  Candidatus Tachikawaea
  0.00	3	3	S	1410383	                    Candidatus Tachikawaea gelatinosa
  0.00	2	0	G	544	              Citrobacter
  0.00	1	1	S	35703	                Citrobacter amalonaticus
  0.00	1	1	S	1702170	                Citrobacter sp. FDAARGOS_156
  0.00	2	0	G	570	              Klebsiella
  0.00	2	1	S	573	                Klebsiella pneumoniae
  0.00	1	0	-	72407	                  Klebsiella pneumoniae subsp. pneumoniae
  0.00	1	1	-	1123862	                    Klebsiella pneumoniae subsp. pneumoniae Kp13
  0.00	1	1	G	620	              Shigella
  0.00	1	0	G	413496	              Cronobacter
  0.00	1	1	S	28141	                Cronobacter sakazakii
  0.00	1	0	G	1330545	              Lelliottia
  0.00	1	1	S	1907578	                Lelliottia sp. PFL01
  0.01	9	0	F	1903411	            Yersiniaceae
  0.01	7	0	G	613	              Serratia
  0.00	4	4	S	61651	                Serratia ficaria
  0.00	2	2	S	47917	                Serratia fonticola
  0.00	1	1	S	615	                Serratia marcescens
  0.00	2	0	G	629	              Yersinia
  0.00	1	0	S	630	                Yersinia enterocolitica
  0.00	1	0	-	150053	                  Yersinia enterocolitica subsp. palearctica
  0.00	1	1	-	930944	                    Yersinia enterocolitica subsp. palearctica Y11
  0.00	1	1	S	29486	                Yersinia ruckeri
  0.01	5	0	F	1903414	            Morganellaceae
  0.00	3	0	G	626	              Xenorhabdus
  0.00	1	1	S	40576	                Xenorhabdus bovienii
  0.00	1	0	S	40577	                Xenorhabdus poinarii
  0.00	1	1	-	1354304	                  Xenorhabdus poinarii G6
  0.00	1	1	S	351671	                Xenorhabdus doucetiae
  0.00	1	1	G	583	              Proteus
  0.00	1	0	G	29487	              Photorhabdus
  0.00	1	1	S	291112	                Photorhabdus asymbiotica
  0.00	4	0	F	1903409	            Erwiniaceae
  0.00	3	1	G	53335	              Pantoea
  0.00	1	1	S	553	                Pantoea ananatis
  0.00	1	1	S	1484158	                Pantoea sp. PSNIH1
  0.00	1	0	G	82986	              Tatumella
  0.00	1	1	S	53336	                Tatumella citrea
  0.00	3	0	F	1903410	            Pectobacteriaceae
  0.00	1	0	G	84565	              Sodalis
  0.00	1	0	S	63612	                Sodalis glossinidius
  0.00	1	1	-	343509	                  Sodalis glossinidius str. 'morsitans'
  0.00	1	1	G	122277	              Pectobacterium
  0.00	1	1	G	204037	              Dickeya
  0.00	1	0	F	1903412	            Hafniaceae
  0.00	1	1	G	635	              Edwardsiella
  0.29	260	0	O	135625	          Pasteurellales
  0.29	260	2	F	712	            Pasteurellaceae
  0.28	253	20	G	724	              Haemophilus
  0.23	211	0	S	729	                Haemophilus parainfluenzae
  0.23	211	211	-	862965	                  Haemophilus parainfluenzae T3T1
  0.01	12	12	S	249188	                Haemophilus pittmaniae
  0.01	10	7	S	727	                Haemophilus influenzae
  0.00	1	1	-	862964	                  Haemophilus influenzae 10810
  0.00	1	1	-	1232659	                  Haemophilus influenzae 2019
  0.00	1	1	-	1295140	                  Haemophilus influenzae CGSHiCZ412602
  0.00	3	0	G	416916	              Aggregatibacter
  0.00	3	1	S	732	                Aggregatibacter aphrophilus
  0.00	2	2	-	634176	                  Aggregatibacter aphrophilus NJ8700
  0.00	1	0	G	745	              Pasteurella
  0.00	1	0	S	747	                Pasteurella multocida
  0.00	1	1	-	44283	                  Pasteurella multocida subsp. multocida
  0.00	1	0	G	214906	              Histophilus
  0.00	1	1	S	731	                Histophilus somni
  0.01	13	0	O	72274	          Pseudomonadales
  0.01	11	0	F	135621	            Pseudomonadaceae
  0.01	10	3	G	286	              Pseudomonas
  0.00	1	1	S	53407	                Pseudomonas asplenii
  0.00	1	0	-	136841	                Pseudomonas aeruginosa group
  0.00	1	1	S	300	                  Pseudomonas mendocina
  0.00	1	0	-	136842	                Pseudomonas chlororaphis group
  0.00	1	1	S	587753	                  Pseudomonas chlororaphis
  0.00	1	0	-	136849	                Pseudomonas syringae group
  0.00	1	0	-	251695	                  Pseudomonas syringae group genomosp. 1
  0.00	1	0	S	317	                    Pseudomonas syringae
  0.00	1	0	-	264449	                      Pseudomonas syringae group pathovars incertae sedis
  0.00	1	1	-	103796	                        Pseudomonas syringae pv. actinidiae
  0.00	1	1	S	1421430	                Pseudomonas granadensis
  0.00	1	1	S	1855380	                Pseudomonas sp. Z003-0.4C(8344-21)
  0.00	1	1	S	1981174	                Pseudomonas sp. M30-35
  0.00	1	0	-	351	              Azotobacter group
  0.00	1	0	G	352	                Azotobacter
  0.00	1	1	S	353	                  Azotobacter chroococcum
  0.00	2	0	F	468	            Moraxellaceae
  0.00	1	0	G	469	              Acinetobacter
  0.00	1	1	S	1789224	                Acinetobacter larvae
  0.00	1	0	G	497	              Psychrobacter
  0.00	1	1	S	1699624	                Psychrobacter sp. P11G5
  0.01	12	0	O	135619	          Oceanospirillales
  0.01	7	0	F	28256	            Halomonadaceae
  0.01	5	0	G	2745	              Halomonas
  0.00	2	2	S	115561	                Halomonas hydrothermalis
  0.00	2	2	S	507626	                Halomonas chromatireducens
  0.00	1	1	S	1897729	                Halomonas aestuarii
  0.00	1	0	-	114403	              Zymobacter group
  0.00	1	0	G	1495768	                Candidatus Evansia
  0.00	1	1	S	1495769	                  Candidatus Evansia muelleri
  0.00	1	0	G	504090	              Kushneria
  0.00	1	1	S	157779	                Kushneria marisflavi
  0.00	3	0	F	135620	            Oceanospirillaceae
  0.00	2	0	G	48075	              Marinobacterium
  0.00	2	2	S	1821621	                Marinobacterium aestuarii
  0.00	1	0	G	28253	              Marinomonas
  0.00	1	1	S	400668	                Marinomonas sp. MWYL1
  0.00	1	0	F	191033	            Oleiphilaceae
  0.00	1	0	G	141450	              Oleiphilus
  0.00	1	1	S	141451	                Oleiphilus messinensis
  0.00	1	0	F	1920240	            Kangiellaceae
  0.00	1	0	G	261963	              Kangiella
  0.00	1	1	S	1144748	                Kangiella sediminilitoris
  0.01	8	0	O	135623	          Vibrionales
  0.01	8	0	F	641	            Vibrionaceae
  0.00	3	1	G	662	              Vibrio
  0.00	1	1	S	674	                Vibrio mimicus
  0.00	1	1	S	190893	                Vibrio coralliilyticus
  0.00	3	0	G	2042066	              Paraphotobacterium
  0.00	3	3	S	1755811	                Paraphotobacterium marinum
  0.00	2	0	G	511678	              Aliivibrio
  0.00	2	2	S	668	                Aliivibrio fischeri
  0.01	5	0	O	1706369	          Cellvibrionales
  0.00	4	0	F	1706371	            Cellvibrionaceae
  0.00	4	0	G	10	              Cellvibrio
  0.00	4	4	S	1945512	                Cellvibrio sp. PSBB023
  0.00	1	0	F	1706375	            Spongiibacteraceae
  0.00	1	0	G	1084558	              Oceanicoccus
  0.00	1	1	S	716816	                Oceanicoccus sagamiensis
  0.00	4	0	O	135614	          Xanthomonadales
  0.00	3	0	F	32033	            Xanthomonadaceae
  0.00	2	1	G	338	              Xanthomonas
  0.00	1	0	S	339	                Xanthomonas campestris
  0.00	1	1	-	92826	                  Xanthomonas campestris pv. incanae
  0.00	1	0	G	40323	              Stenotrophomonas
  0.00	1	0	-	995085	                Stenotrophomonas maltophilia group
  0.00	1	1	S	40324	                  Stenotrophomonas maltophilia
  0.00	1	0	F	1775411	            Rhodanobacteraceae
  0.00	1	0	G	70411	              Frateuria
  0.00	1	0	S	81475	                Frateuria aurantia
  0.00	1	1	-	767434	                  Frateuria aurantia DSM 6220
  0.00	4	0	O	135618	          Methylococcales
  0.00	4	0	F	403	            Methylococcaceae
  0.00	2	0	G	416	              Methylomonas
  0.00	2	2	S	1727196	                Methylomonas sp. DH-1
  0.00	1	0	G	39773	              Methylomicrobium
  0.00	1	0	S	39775	                Methylomicrobium album
  0.00	1	1	-	686340	                  Methylomicrobium album BG8
  0.00	1	0	G	762296	              Methylovulum
  0.00	1	1	S	1704499	                Methylovulum psychrotolerans
  0.00	3	0	O	72273	          Thiotrichales
  0.00	3	1	F	34064	            Francisellaceae
  0.00	2	1	G	262	              Francisella
  0.00	1	0	S	657445	                Francisella noatunensis
  0.00	1	1	-	299583	                  Francisella noatunensis subsp. orientalis
  0.00	3	0	O	135613	          Chromatiales
  0.00	2	0	F	72276	            Ectothiorhodospiraceae
  0.00	2	0	G	106633	              Thioalkalivibrio
  0.00	1	1	S	106634	                Thioalkalivibrio versutus
  0.00	1	0	S	186931	                Thioalkalivibrio nitratireducens
  0.00	1	1	-	1255043	                  Thioalkalivibrio nitratireducens DSM 14787
  0.00	1	0	F	1046	            Chromatiaceae
  0.00	1	0	G	85076	              Marichromatium
  0.00	1	0	S	37487	                Marichromatium purpuratum
  0.00	1	1	-	765910	                  Marichromatium purpuratum 984
  0.00	3	0	O	135622	          Alteromonadales
  0.00	1	0	F	72275	            Alteromonadaceae
  0.00	1	0	G	226	              Alteromonas
  0.00	1	1	S	28108	                Alteromonas macleodii
  0.00	1	0	F	267892	            Ferrimonadaceae
  0.00	1	0	G	44011	              Ferrimonas
  0.00	1	0	S	44012	                Ferrimonas balearica
  0.00	1	1	-	550540	                  Ferrimonas balearica DSM 9799
  0.00	1	0	F	267894	            Psychromonadaceae
  0.00	1	0	G	67572	              Psychromonas
  0.00	1	0	S	357794	                Psychromonas ingrahamii
  0.00	1	1	-	357804	                  Psychromonas ingrahamii 37
  0.00	3	0	O	135624	          Aeromonadales
  0.00	3	0	F	84642	            Aeromonadaceae
  0.00	2	0	G	642	              Aeromonas
  0.00	2	1	S	654	                Aeromonas veronii
  0.00	1	1	-	998088	                  Aeromonas veronii B565
  0.00	1	0	G	43947	              Tolumonas
  0.00	1	0	S	43948	                Tolumonas auensis
  0.00	1	1	-	595494	                  Tolumonas auensis DSM 9187
  0.00	2	0	O	118969	          Legionellales
  0.00	2	0	F	444	            Legionellaceae
  0.00	2	0	G	445	              Legionella
  0.00	2	2	S	66969	                Legionella waltersii
  0.00	1	0	-	118884	          unclassified Gammaproteobacteria
  0.00	1	0	G	349742	            Sedimenticola
  0.00	1	1	S	1543721	              Sedimenticola thiotaurini
  0.11	102	6	C	28216	        Betaproteobacteria
  0.09	84	2	O	80840	          Burkholderiales
  0.06	56	2	-	119065	            unclassified Burkholderiales
  0.06	52	0	-	80841	              unclassified Burkholderiales (miscellaneous)
  0.06	52	52	S	1834205	                Burkholderiales bacterium YL45
  0.00	2	0	-	224471	              Burkholderiales Genera incertae sedis
  0.00	1	0	G	32012	                Thiomonas
  0.00	1	0	S	926	                  Thiomonas intermedia
  0.00	1	1	-	75379	                    Thiomonas intermedia K12
  0.00	1	0	G	318147	                Paucibacter
  0.00	1	1	S	1768242	                  Paucibacter sp. KCTC 42545
  0.01	13	1	F	506	            Alcaligenaceae
  0.01	5	4	G	222	              Achromobacter
  0.00	1	1	S	217204	                Achromobacter insolitus
  0.00	4	0	G	517	              Bordetella
  0.00	2	2	S	1746199	                Bordetella sp. N
  0.00	1	1	S	94624	                Bordetella petrii
  0.00	1	1	S	1697043	                Bordetella sp. H567
  0.00	1	0	G	29574	              Taylorella
  0.00	1	0	S	84590	                Taylorella asinigenitalis
  0.00	1	1	-	1008459	                  Taylorella asinigenitalis MCE3
  0.00	1	0	G	290425	              Advenella
  0.00	1	0	S	302406	                Advenella mimigardefordensis
  0.00	1	1	-	1247726	                  Advenella mimigardefordensis DPN7
  0.00	1	0	G	359336	              Castellaniella
  0.00	1	0	S	75697	                Castellaniella defragrans
  0.00	1	1	-	1437824	                  Castellaniella defragrans 65Phen
  0.01	6	0	F	119060	            Burkholderiaceae
  0.01	5	0	G	32008	              Burkholderia
  0.00	3	1	-	87882	                Burkholderia cepacia complex
  0.00	2	2	S	101571	                  Burkholderia ubonensis
  0.00	1	1	S	28095	                Burkholderia gladioli
  0.00	1	1	S	1678678	                Burkholderia sp. HB1
  0.00	1	0	G	106589	              Cupriavidus
  0.00	1	0	S	106590	                Cupriavidus necator
  0.00	1	1	-	381666	                  Ralstonia eutropha H16
  0.00	4	0	F	75682	            Oxalobacteraceae
  0.00	3	0	G	202907	              Collimonas
  0.00	2	2	S	279058	                Collimonas arenae
  0.00	1	0	S	158899	                Collimonas fungivorans
  0.00	1	1	-	1005048	                  Collimonas fungivorans Ter331
  0.00	1	0	G	29580	              Janthinobacterium
  0.00	1	1	S	1644131	                Janthinobacterium sp. 1_2014MBL_MicDiv
  0.00	3	1	F	80864	            Comamonadaceae
  0.00	1	0	-	83494	              unclassified Comamonadaceae
  0.00	1	1	S	1458426	                Comamonadaceae bacterium B1
  0.00	1	0	G	665874	              Limnohabitans
  0.00	1	1	S	1678129	                Limnohabitans sp. 103DPR2
  0.01	6	0	O	206351	          Neisseriales
  0.00	4	0	F	481	            Neisseriaceae
  0.00	4	1	G	482	              Neisseria
  0.00	1	1	S	485	                Neisseria gonorrhoeae
  0.00	1	1	S	326523	                Neisseria zoodegmatis
  0.00	1	1	S	655307	                Neisseria sp. KEM232
  0.00	2	0	F	1499392	            Chromobacteriaceae
  0.00	1	0	G	187	              Aquaspirillum
  0.00	1	1	S	1938604	                Aquaspirillum sp. LM1
  0.00	1	0	G	885864	              Jeongeupia
  0.00	1	1	S	1906741	                Jeongeupia sp. USM3
  0.01	5	0	O	206389	          Rhodocyclales
  0.00	4	0	F	2008794	            Zoogloeaceae
  0.00	3	1	G	33057	              Thauera
  0.00	1	1	S	85643	                Thauera sp. MZ1T
  0.00	1	1	S	2005884	                Thauera sp. K11
  0.00	1	0	G	12960	              Azoarcus
  0.00	1	1	S	748247	                Azoarcus sp. KH32C
  0.00	1	0	F	75787	            Rhodocyclaceae
  0.00	1	0	G	146937	              Azospira
  0.00	1	0	S	146939	                Azospira oryzae
  0.00	1	1	-	640081	                  Dechlorosoma suillum PS
  0.00	1	0	O	32003	          Nitrosomonadales
  0.00	1	0	F	206379	            Nitrosomonadaceae
  0.00	1	0	G	35798	              Nitrosospira
  0.00	1	1	S	1288494	                Nitrosospira lacus
  0.08	75	0	-	68525	        delta/epsilon subdivisions
  0.06	55	0	C	29547	          Epsilonproteobacteria
  0.06	55	0	O	213849	            Campylobacterales
  0.06	52	0	F	72294	              Campylobacteraceae
  0.05	47	4	G	194	                Campylobacter
  0.03	30	25	S	195	                  Campylobacter coli
  0.01	5	5	-	1183380	                    Campylobacter coli RM5611
  0.01	12	0	S	197	                  Campylobacter jejuni
  0.01	12	0	-	32022	                    Campylobacter jejuni subsp. jejuni
  0.01	12	12	-	478547	                      Campylobacter jejuni subsp. jejuni CG8421
  0.00	1	1	S	206	                  Campylobacter sputorum
  0.01	5	0	G	28196	                Arcobacter
  0.00	2	0	S	28199	                  Arcobacter nitrofigilis
  0.00	2	2	-	572480	                    Arcobacter nitrofigilis DSM 7299
  0.00	2	2	S	1850254	                  Arcobacter sp. LPB0137
  0.00	1	1	S	28197	                  Arcobacter butzleri
  0.00	3	0	F	72293	              Helicobacteraceae
  0.00	2	0	G	209	                Helicobacter
  0.00	1	0	S	56877	                  Helicobacter bizzozeronii
  0.00	1	1	-	1002804	                    Helicobacter bizzozeronii CIII-1
  0.00	1	1	S	1591088	                  Helicobacter himalayensis
  0.00	1	0	G	202746	                Sulfurimonas
  0.00	1	0	S	39766	                  Sulfurimonas denitrificans
  0.00	1	1	-	326298	                    Sulfurimonas denitrificans DSM 1251
  0.02	20	0	C	28221	          Deltaproteobacteria
  0.01	8	1	O	29	            Myxococcales
  0.01	6	0	-	80811	              Cystobacterineae
  0.00	3	1	F	39	                Archangiaceae
  0.00	2	0	G	47	                  Archangium
  0.00	2	2	S	48	                    Archangium gephyra
  0.00	2	0	F	1524215	                Anaeromyxobacteraceae
  0.00	2	0	G	161492	                  Anaeromyxobacter
  0.00	2	2	S	404589	                    Anaeromyxobacter sp. Fw109-5
  0.00	1	0	F	31	                Myxococcaceae
  0.00	1	0	G	83461	                  Corallococcus
  0.00	1	0	S	184914	                    Corallococcus coralloides
  0.00	1	1	-	1144275	                      Corallococcus coralloides DSM 2259
  0.00	1	0	-	80812	              Sorangiineae
  0.00	1	0	F	49	                Polyangiaceae
  0.00	1	0	G	39643	                  Sorangium
  0.00	1	0	S	56	                    Sorangium cellulosum
  0.00	1	1	-	1254432	                      Sorangium cellulosum So0157-2
  0.01	5	0	O	213115	            Desulfovibrionales
  0.01	5	0	F	194924	              Desulfovibrionaceae
  0.01	5	0	G	872	                Desulfovibrio
  0.00	2	0	S	880	                  Desulfovibrio salexigens
  0.00	2	2	-	526222	                    Desulfovibrio salexigens DSM 2638
  0.00	1	0	S	873	                  Desulfovibrio africanus
  0.00	1	1	-	690850	                    Desulfovibrio africanus str. Walvis Bay
  0.00	1	1	S	901	                  Desulfovibrio piger
  0.00	1	0	S	191026	                  Desulfovibrio hydrothermalis
  0.00	1	1	-	1121451	                    Desulfovibrio hydrothermalis AM13 = DSM 14728
  0.00	4	0	O	69541	            Desulfuromonadales
  0.00	4	0	F	213422	              Geobacteraceae
  0.00	4	0	G	28231	                Geobacter
  0.00	1	0	S	313985	                  Geobacter lovleyi
  0.00	1	1	-	398767	                    Geobacter lovleyi SZ
  0.00	1	1	S	443143	                  Geobacter sp. M18
  0.00	1	1	S	443144	                  Geobacter sp. M21
  0.00	1	1	S	1340425	                  Geobacter anodireducens
  0.00	2	0	O	213118	            Desulfobacterales
  0.00	1	0	F	213119	              Desulfobacteraceae
  0.00	1	0	G	28222	                Desulfobacula
  0.00	1	0	S	28223	                  Desulfobacula toluolica
  0.00	1	1	-	651182	                    Desulfobacula toluolica Tol2
  0.00	1	0	F	213121	              Desulfobulbaceae
  0.00	1	0	G	427922	                Desulfurivibrio
  0.00	1	0	S	427923	                  Desulfurivibrio alkaliphilus
  0.00	1	1	-	589865	                    Desulfurivibrio alkaliphilus AHT 2
  0.00	1	0	O	213462	            Syntrophobacterales
  0.00	1	0	F	213468	              Syntrophaceae
  0.00	1	0	G	43773	                Syntrophus
  0.00	1	0	S	316277	                  Syntrophus aciditrophicus
  0.00	1	1	-	56780	                    Syntrophus aciditrophicus SB
  0.05	48	7	C	28211	        Alphaproteobacteria
  0.02	21	0	O	356	          Rhizobiales
  0.01	5	1	F	41294	            Bradyrhizobiaceae
  0.00	1	0	G	374	              Bradyrhizobium
  0.00	1	1	S	375	                Bradyrhizobium japonicum
  0.00	1	0	G	1073	              Rhodopseudomonas
  0.00	1	0	S	1076	                Rhodopseudomonas palustris
  0.00	1	1	-	316055	                  Rhodopseudomonas palustris BisA53
  0.00	1	0	G	85413	              Bosea
  0.00	1	1	S	1842539	                Bosea sp. RAC05
  0.00	1	0	G	1649510	              Variibacter
  0.00	1	1	S	1333996	                Variibacter gotjawalensis
  0.01	5	1	F	82115	            Rhizobiaceae
  0.00	3	0	-	227290	              Rhizobium/Agrobacterium group
  0.00	3	0	G	379	                Rhizobium
  0.00	1	0	S	384	                  Rhizobium leguminosarum
  0.00	1	1	-	387	                    Rhizobium leguminosarum bv. viciae
  0.00	1	1	S	396	                  Rhizobium phaseoli
  0.00	1	0	S	29449	                  Rhizobium etli
  0.00	1	1	-	538025	                    Rhizobium etli 8C-3
  0.00	1	0	-	227292	              Sinorhizobium/Ensifer group
  0.00	1	0	G	28105	                Sinorhizobium
  0.00	1	1	S	1842534	                  Sinorhizobium sp. RAC02
  0.00	4	0	F	69277	            Phyllobacteriaceae
  0.00	2	0	G	68287	              Mesorhizobium
  0.00	2	1	S	381	                Mesorhizobium loti
  0.00	1	1	-	266835	                  Mesorhizobium loti MAFF303099
  0.00	1	0	G	31988	              Aminobacter
  0.00	1	1	S	83263	                Aminobacter aminovorans
  0.00	1	0	G	274591	              Hoeflea
  0.00	1	1	S	1620421	                Hoeflea sp. IMCC20628
  0.00	2	0	F	772	            Bartonellaceae
  0.00	2	0	G	773	              Bartonella
  0.00	1	1	S	38323	                Bartonella henselae
  0.00	1	1	S	1686310	                Bartonella apis
  0.00	2	0	F	335928	            Xanthobacteraceae
  0.00	2	0	G	279	              Xanthobacter
  0.00	2	0	S	280	                Xanthobacter autotrophicus
  0.00	2	2	-	78245	                  Xanthobacter autotrophicus Py2
  0.00	1	0	F	119045	            Methylobacteriaceae
  0.00	1	1	G	407	              Methylobacterium
  0.00	1	0	F	655351	            Cohaesibacteraceae
  0.00	1	0	G	655352	              Cohaesibacter
  0.00	1	1	S	1798205	                Cohaesibacter sp. ES.047
  0.00	1	0	F	2036754	            Chelatococcaceae
  0.00	1	0	G	28209	              Chelatococcus
  0.00	1	1	S	1702325	                Chelatococcus sp. CO-6
  0.01	7	0	O	204455	          Rhodobacterales
  0.01	7	0	F	31989	            Rhodobacteraceae
  0.00	2	0	G	1060	              Rhodobacter
  0.00	1	0	S	1061	                Rhodobacter capsulatus
  0.00	1	1	-	272942	                  Rhodobacter capsulatus SB 1003
  0.00	1	0	S	1063	                Rhodobacter sphaeroides
  0.00	1	1	-	557760	                  Rhodobacter sphaeroides KD131
  0.00	1	0	G	2433	              Roseobacter
  0.00	1	0	S	42443	                Roseobacter litoralis
  0.00	1	1	-	391595	                  Roseobacter litoralis Och 149
  0.00	1	0	G	74032	              Antarctobacter
  0.00	1	1	S	74033	                Antarctobacter heliothermus
  0.00	1	0	G	92944	              Ketogulonicigenium
  0.00	1	1	S	92947	                Ketogulonicigenium robustum
  0.00	1	1	G	478070	              Labrenzia
  0.00	1	0	G	1097466	              Defluviimonas
  0.00	1	1	S	1335048	                Defluviimonas alba
  0.01	5	0	O	204441	          Rhodospirillales
  0.00	4	0	F	433	            Acetobacteraceae
  0.00	2	0	G	434	              Acetobacter
  0.00	1	1	S	431306	                Acetobacter ghanensis
  0.00	1	1	S	446692	                Acetobacter senegalensis
  0.00	1	0	G	441	              Gluconobacter
  0.00	1	1	S	318683	                Gluconobacter albidus
  0.00	1	0	G	364409	              Granulibacter
  0.00	1	1	S	364410	                Granulibacter bethesdensis
  0.00	1	0	F	41295	            Rhodospirillaceae
  0.00	1	0	G	171436	              Tistrella
  0.00	1	0	S	171437	                Tistrella mobilis
  0.00	1	1	-	1110502	                  Tistrella mobilis KA081020-065
  0.00	4	1	O	204457	          Sphingomonadales
  0.00	3	1	F	41297	            Sphingomonadaceae
  0.00	1	0	G	541	              Zymomonas
  0.00	1	0	S	542	                Zymomonas mobilis
  0.00	1	0	-	120045	                  Zymomonas mobilis subsp. mobilis
  0.00	1	1	-	627344	                    Zymomonas mobilis subsp. mobilis ATCC 29191
  0.00	1	1	G	165696	              Novosphingobium
  0.00	1	0	O	766	          Rickettsiales
  0.00	1	0	F	775	            Rickettsiaceae
  0.00	1	0	-	33988	              Rickettsieae
  0.00	1	0	G	780	                Rickettsia
  0.00	1	0	-	114292	                  typhus group
  0.00	1	1	S	782	                    Rickettsia prowazekii
  0.00	1	0	O	54526	          Pelagibacterales
  0.00	1	0	F	1655514	            Pelagibacteraceae
  0.00	1	0	G	198251	              Candidatus Pelagibacter
  0.00	1	1	S	1977865	                Candidatus Pelagibacter sp. RS40
  0.00	1	0	-	82117	          unclassified Alphaproteobacteria
  0.00	1	0	G	213485	            Micavibrio
  0.00	1	1	S	349221	              Micavibrio aeruginosavorus
  0.00	1	0	O	204458	          Caulobacterales
  0.00	1	0	F	76892	            Caulobacteraceae
  0.00	1	0	G	41275	              Brevundimonas
  0.00	1	1	S	1532555	                Brevundimonas sp. DS20
  0.05	48	0	P	32066	      Fusobacteria
  0.05	48	0	C	203490	        Fusobacteriia
  0.05	48	0	O	203491	          Fusobacteriales
  0.05	45	0	F	203492	            Fusobacteriaceae
  0.05	44	0	G	848	              Fusobacterium
  0.04	32	32	S	856	                Fusobacterium varium
  0.01	8	1	S	851	                Fusobacterium nucleatum
  0.00	3	3	-	76856	                  Fusobacterium nucleatum subsp. nucleatum
  0.00	3	2	-	155615	                  Fusobacterium nucleatum subsp. vincentii
  0.00	1	1	-	469604	                    Fusobacterium nucleatum subsp. vincentii 3_1_36A2
  0.00	1	1	-	76859	                  Fusobacterium nucleatum subsp. animalis
  0.00	2	2	S	671211	                Fusobacterium sp. oral taxon 203
  0.00	2	0	S	1583098	                Fusobacterium hwasookii
  0.00	1	1	-	1307442	                  Fusobacterium hwasookii ChDC F174
  0.00	1	1	-	1307443	                  Fusobacterium hwasookii ChDC F206
  0.00	1	0	G	167639	              Ilyobacter
  0.00	1	0	S	167642	                Ilyobacter polytropus
  0.00	1	1	-	572544	                  Ilyobacter polytropus DSM 2926
  0.00	3	0	F	1129771	            Leptotrichiaceae
  0.00	2	0	G	32067	              Leptotrichia
  0.00	2	2	S	712357	                Leptotrichia sp. oral taxon 212
  0.00	1	0	G	34104	              Streptobacillus
  0.00	1	0	S	34105	                Streptobacillus moniliformis
  0.00	1	1	-	519441	                  Streptobacillus moniliformis DSM 12112
  0.01	10	0	-	1783257	      PVC group
  0.01	6	0	P	74201	        Verrucomicrobia
  0.01	6	0	C	203494	          Verrucomicrobiae
  0.01	6	0	O	48461	            Verrucomicrobiales
  0.01	5	0	F	1647988	              Akkermansiaceae
  0.01	5	0	G	239934	                Akkermansia
  0.00	4	3	S	239935	                  Akkermansia muciniphila
  0.00	1	1	-	349741	                    Akkermansia muciniphila ATCC BAA-835
  0.00	1	1	S	1679444	                  Akkermansia glycaniphila
  0.00	1	0	F	203557	              Verrucomicrobiaceae
  0.00	1	0	-	490346	                unclassified Verrucomicrobiaceae
  0.00	1	1	S	1882831	                  Verrucomicrobiaceae bacterium GAS474
  0.00	4	0	P	203682	        Planctomycetes
  0.00	4	0	C	203683	          Planctomycetia
  0.00	4	0	O	112	            Planctomycetales
  0.00	4	0	F	126	              Planctomycetaceae
  0.00	4	0	G	1649480	                Planctopirus
  0.00	4	0	S	120	                  Planctopirus limnophila
  0.00	4	4	-	521674	                    Planctopirus limnophila DSM 3776
  0.01	8	0	P	203691	      Spirochaetes
  0.01	8	0	C	203692	        Spirochaetia
  0.01	7	0	O	136	          Spirochaetales
  0.01	7	0	F	137	            Spirochaetaceae
  0.01	7	3	G	157	              Treponema
  0.00	2	0	S	167	                Treponema succinifaciens
  0.00	2	2	-	869209	                  Treponema succinifaciens DSM 2489
  0.00	1	1	S	158	                Treponema denticola
  0.00	1	0	S	81028	                Treponema brennaborense
  0.00	1	1	-	906968	                  Treponema brennaborense DSM 12168
  0.00	1	0	O	1643686	          Brachyspirales
  0.00	1	0	F	143786	            Brachyspiraceae
  0.00	1	0	G	29521	              Brachyspira
  0.00	1	0	S	84377	                Brachyspira intermedia
  0.00	1	1	-	1045858	                  Brachyspira intermedia PWS/A
  0.01	5	0	P	57723	      Acidobacteria
  0.01	5	0	C	204432	        Acidobacteriia
  0.01	5	0	O	204433	          Acidobacteriales
  0.01	5	0	F	204434	            Acidobacteriaceae
  0.01	5	0	G	658061	              Candidatus Koribacter
  0.01	5	0	S	658062	                Candidatus Koribacter versatilis
  0.01	5	5	-	204669	                  Candidatus Koribacter versatilis Ellin345
  0.00	2	0	P	200918	      Thermotogae
  0.00	2	0	C	188708	        Thermotogae
  0.00	2	0	O	2419	          Thermotogales
  0.00	1	0	F	188709	            Thermotogaceae
  0.00	1	0	G	2335	              Thermotoga
  0.00	1	0	S	1508419	                Thermotoga caldifontis
  0.00	1	1	-	1408159	                  Thermotoga caldifontis AZM44c09
  0.00	1	0	F	1643950	            Fervidobacteriaceae
  0.00	1	1	G	2420	              Thermosipho
  0.00	1	0	P	40117	      Nitrospirae
  0.00	1	0	C	203693	        Nitrospira
  0.00	1	0	O	189778	          Nitrospirales
  0.00	1	0	F	189779	            Nitrospiraceae
  0.00	1	0	G	179	              Leptospirillum
  0.00	1	0	-	655606	                Leptospirillum sp. Group I
  0.00	1	0	S	180	                  Leptospirillum ferrooxidans
  0.00	1	1	-	1162668	                    Leptospirillum ferrooxidans C2-3
  0.00	1	0	P	67814	      Caldiserica
  0.00	1	0	C	693071	        Caldisericia
  0.00	1	0	O	693072	          Caldisericales
  0.00	1	0	F	693073	            Caldisericaceae
  0.00	1	0	G	693074	              Caldisericum
  0.00	1	0	S	693075	                Caldisericum exile
  0.00	1	1	-	511051	                  Caldisericum exile AZM16c01
  0.00	1	0	P	74152	      Elusimicrobia
  0.00	1	0	C	641853	        Elusimicrobia
  0.00	1	0	O	641854	          Elusimicrobiales
  0.00	1	0	F	641876	            Elusimicrobiaceae
  0.00	1	0	G	423604	              Elusimicrobium
  0.00	1	0	S	423605	                Elusimicrobium minutum
  0.00	1	1	-	445932	                  Elusimicrobium minutum Pei191
  0.00	1	0	P	200930	      Deferribacteres
  0.00	1	0	C	68337	        Deferribacteres
  0.00	1	0	O	191393	          Deferribacterales
  0.00	1	0	F	191394	            Deferribacteraceae
  0.00	1	0	G	117999	              Denitrovibrio
  0.00	1	0	S	118000	                Denitrovibrio acetiphilus
  0.00	1	1	-	522772	                  Denitrovibrio acetiphilus DSM 12809
  0.00	1	0	P	200940	      Thermodesulfobacteria
  0.00	1	0	C	67799	        Thermodesulfobacteria
  0.00	1	0	O	188710	          Thermodesulfobacteriales
  0.00	1	0	F	188711	            Thermodesulfobacteriaceae
  0.00	1	0	G	1740	              Thermodesulfobacterium
  0.00	1	0	S	1295609	                Thermodesulfobacterium geofontis
  0.00	1	1	-	795359	                  Thermodesulfobacterium geofontis OPF15
  0.00	1	0	D	2157	    Archaea
  0.00	1	0	P	28890	      Euryarchaeota
  0.00	1	0	C	183963	        Halobacteria
  0.00	1	0	O	1644055	          Haloferacales
  0.00	1	0	F	1644056	            Haloferacaceae
  0.00	1	0	G	60846	              Halogeometricum
  0.00	1	0	S	60847	                Halogeometricum borinquense
  0.00	1	1	-	469382	                  Halogeometricum borinquense DSM 11551
  0.01	5	0	D	10239	  Viruses
  0.00	3	0	-	35237	    dsDNA viruses, no RNA stage
  0.00	2	0	O	28883	      Caudovirales
  0.00	2	0	F	10699	        Siphoviridae
  0.00	2	1	-	196894	          unclassified Siphoviridae
  0.00	1	1	S	99179	            Bacteroides phage B40-8
  0.00	1	0	F	10442	      Baculoviridae
  0.00	1	0	G	558016	        Alphabaculovirus
  0.00	1	1	S	1307957	          Clanis bilineata nucleopolyhedrovirus
  0.00	1	0	-	12333	    unclassified bacterial viruses
  0.00	1	0	-	156614	      environmental samples
  0.00	1	1	S	1211417	        uncultured crAssphage
  0.00	1	0	-	29258	    ssDNA viruses
  0.00	1	0	F	10841	      Microviridae
  0.00	1	0	-	117574	        unclassified Microviridae
  0.00	1	1	S	1655645	          Parabacteroides phage YZ-2015b
