 60.87	55431	55431	U	0	unclassified
 39.13	35630	29	-	1	root
 39.09	35597	5	-	131567	  cellular organisms
 39.08	35589	313	D	2	    Bacteria
 16.53	15048	96	-	1783272	      Terrabacteria group
 15.28	13918	265	P	1239	        Firmicutes
 14.18	12910	7	C	186801	          Clostridia
 14.16	12893	394	O	186802	            Clostridiales
  9.89	9004	292	F	186803	              Lachnospiraceae
  5.65	5149	146	G	1506553	                Lachnoclostridium
  5.12	4663	4663	S	208479	                  [Clostridium] bolteae
  0.15	138	138	S	1871021	                  Lachnoclostridium phocaeense
  0.14	125	125	S	1834196	                  Lachnoclostridium sp. YL32
  0.08	72	0	S	84030	                  [Clostridium] saccharolyticum
  0.08	72	72	-	610130	                    [Clostridium] saccharolyticum WM1
  0.01	5	0	S	66219	                  Lachnoclostridium phytofermentans
  0.01	5	5	-	357809	                    Lachnoclostridium phytofermentans ISDg
  1.93	1756	0	G	207244	                Anaerostipes
  1.93	1756	1756	S	649756	                  Anaerostipes hadrus
  0.94	855	85	G	572511	                Blautia
  0.85	770	0	S	1322	                  Blautia hansenii
  0.85	770	770	-	537007	                    Blautia hansenii DSM 20583
  0.63	572	0	G	841	                Roseburia
  0.63	572	0	S	301301	                  Roseburia hominis
  0.63	572	572	-	585394	                    Roseburia hominis A2-183
  0.36	327	0	-	186928	                unclassified Lachnospiraceae
  0.36	327	0	S	39491	                  [Eubacterium] rectale
  0.36	327	327	-	515619	                    [Eubacterium] rectale ATCC 33656
  0.03	29	0	G	2039240	                Anaerotignum
  0.03	29	0	S	28446	                  Anaerotignum propionicum
  0.03	29	29	-	991789	                    Anaerotignum propionicum DSM 1682
  0.02	16	3	G	830	                Butyrivibrio
  0.01	8	0	S	43305	                  Butyrivibrio proteoclasticus
  0.01	8	8	-	515622	                    Butyrivibrio proteoclasticus B316
  0.01	5	5	S	185008	                  Butyrivibrio hungatei
  0.01	6	0	G	1663717	                Herbinix
  0.01	6	6	S	1679721	                  Herbinix luporum
  0.00	2	0	G	698776	                Cellulosilyticum
  0.00	2	0	S	29360	                  Cellulosilyticum lentocellum
  0.00	2	2	-	642492	                    Clostridium lentocellum DSM 5427
  2.55	2324	12	-	186813	              unclassified Clostridiales
  2.41	2199	0	G	946234	                Flavonifractor
  2.41	2199	2199	S	292800	                  Flavonifractor plautii
  0.12	113	0	G	1392389	                Intestinimonas
  0.12	113	113	S	1297617	                  Intestinimonas butyriciproducens
  0.62	565	0	F	186806	              Eubacteriaceae
  0.62	565	7	G	1730	                Eubacterium
  0.43	396	396	S	39488	                  [Eubacterium] hallii
  0.10	93	0	S	39485	                  [Eubacterium] eligens
  0.10	93	93	-	515620	                    [Eubacterium] eligens ATCC 27750
  0.05	47	30	S	1736	                  Eubacterium limosum
  0.02	17	17	-	903814	                    Eubacterium limosum KIST612
  0.02	22	0	S	29322	                  [Eubacterium] cellulosolvens
  0.02	22	22	-	633697	                    [Eubacterium] cellulosolvens 6
  0.35	315	0	F	186804	              Peptostreptococcaceae
  0.34	312	0	G	1870884	                Clostridioides
  0.34	312	203	S	1496	                  Clostridioides difficile
  0.04	33	33	-	499174	                    Clostridioides difficile QCD-23m63
  0.03	26	26	-	699037	                    Clostridioides difficile M68
  0.03	23	23	-	479831	                    Clostridioides difficile QCD-63q42
  0.02	21	21	-	499175	                    Clostridioides difficile ATCC 43255
  0.01	5	5	-	645462	                    Clostridioides difficile CD196
  0.00	1	1	-	699035	                    Clostridioides difficile M120
  0.00	2	0	G	186831	                Acetoanaerobium
  0.00	2	2	S	1511	                  Acetoanaerobium sticklandii
  0.00	1	0	G	44259	                Filifactor
  0.00	1	0	S	143361	                  Filifactor alocis
  0.00	1	1	-	546269	                    Filifactor alocis ATCC 35896
  0.21	195	1	F	31979	              Clostridiaceae
  0.21	191	49	G	1485	                Clostridium
  0.02	15	15	S	1502	                  Clostridium perfringens
  0.02	15	15	S	46867	                  Clostridium chauvoei
  0.02	15	15	S	1042156	                  Clostridium sp. SY8519
  0.02	14	14	S	1492	                  Clostridium butyricum
  0.01	11	11	S	1491	                  Clostridium botulinum
  0.01	11	10	S	1561	                  Clostridium baratii
  0.00	1	1	-	1415775	                    Clostridium baratii str. Sullivan
  0.01	9	9	S	641107	                  Clostridium sp. DL-VIII
  0.01	7	7	S	1520	                  Clostridium beijerinckii
  0.01	6	6	S	36745	                  Clostridium saccharoperbutylacetonicum
  0.01	5	4	S	1501	                  Clostridium pasteurianum
  0.00	1	1	-	86416	                    Clostridium pasteurianum BC1
  0.01	5	5	S	169679	                  Clostridium saccharobutylicum
  0.00	4	4	S	1494	                  Clostridium cochlearium
  0.00	4	4	S	1497	                  Clostridium formicaceticum
  0.00	3	3	S	29341	                  Clostridium argentinense
  0.00	3	3	S	394958	                  Clostridium taeniosporum
  0.00	3	3	S	1216932	                  Clostridium bornimense
  0.00	2	0	S	1513	                  Clostridium tetani
  0.00	2	2	-	1231072	                    Clostridium tetani 12124569
  0.00	2	2	S	1519	                  Clostridium tyrobutyricum
  0.00	2	2	S	1548	                  Clostridium scatologenes
  0.00	2	0	S	217159	                  Clostridium carboxidivorans
  0.00	2	2	-	536227	                    Clostridium carboxidivorans P7
  0.00	1	1	S	1534	                  Clostridium kluyveri
  0.00	1	1	S	84022	                  Clostridium aceticum
  0.00	1	0	S	238834	                  Clostridium estertheticum
  0.00	1	1	-	1552	                    Clostridium estertheticum subsp. estertheticum
  0.00	1	1	S	755731	                  Clostridium sp. BNL1100
  0.00	1	1	G	49082	                Candidatus Arthromitus
  0.00	1	0	G	114627	                Alkaliphilus
  0.00	1	0	S	461876	                  Alkaliphilus oremlandii
  0.00	1	1	-	350688	                    Alkaliphilus oremlandii OhILAs
  0.00	1	0	G	390805	                Geosporobacter
  0.00	1	1	S	1424294	                  Geosporobacter ferrireducens
  0.07	62	30	F	541000	              Ruminococcaceae
  0.02	22	3	G	1263	                Ruminococcus
  0.01	11	11	S	1160721	                  Ruminococcus bicirculans
  0.01	6	0	S	1161942	                  Ruminococcus champanellensis
  0.01	6	6	-	213810	                    Ruminococcus champanellensis 18P13 = JCM 17042
  0.00	2	0	S	1264	                  Ruminococcus albus
  0.00	2	2	-	697329	                    Ruminococcus albus 7 = DSM 20455
  0.01	5	0	G	1508657	                Ruminiclostridium
  0.00	3	2	S	1510	                  [Clostridium] stercorarium
  0.00	1	0	-	29351	                    [Clostridium] stercorarium subsp. thermolacticum
  0.00	1	1	-	1121336	                      [Clostridium] stercorarium subsp. thermolacticum DSM 2910
  0.00	2	2	S	29343	                  [Clostridium] cellulosi
  0.00	4	0	-	552397	                unclassified Ruminococcaceae
  0.00	4	4	S	1572656	                  Ruminococcaceae bacterium CPB6
  0.00	1	0	G	253238	                Ethanoligenens
  0.00	1	0	S	253239	                  Ethanoligenens harbinense
  0.00	1	1	-	663278	                    Ethanoligenens harbinense YUAN-3
  0.02	14	0	F	216572	              Oscillospiraceae
  0.02	14	0	G	459786	                Oscillibacter
  0.02	14	0	S	351091	                  Oscillibacter valericigenes
  0.02	14	14	-	693746	                    Oscillibacter valericigenes Sjm18-20
  0.01	10	0	F	990719	              Christensenellaceae
  0.01	10	0	G	990721	                Christensenella
  0.01	10	10	S	1805714	                  Christensenella massiliensis
  0.01	8	0	F	186807	              Peptococcaceae
  0.00	4	1	G	36853	                Desulfitobacterium
  0.00	1	0	S	36854	                  Desulfitobacterium dehalogenans
  0.00	1	1	-	756499	                    Desulfitobacterium dehalogenans ATCC 51507
  0.00	1	0	S	142877	                  Desulfitobacterium metallireducens
  0.00	1	1	-	871968	                    Desulfitobacterium metallireducens DSM 15288
  0.00	1	0	S	233055	                  Desulfitobacterium dichloroeliminans
  0.00	1	1	-	871963	                    Desulfitobacterium dichloroeliminans LMG P-21439
  0.00	1	0	G	1562	                Desulfotomaculum
  0.00	1	0	S	102134	                  Desulfotomaculum gibsoniae
  0.00	1	1	-	767817	                    Desulfotomaculum gibsoniae DSM 7213
  0.00	1	0	G	51196	                Syntrophobotulus
  0.00	1	0	S	51197	                  Syntrophobotulus glycolicus
  0.00	1	1	-	645991	                    Syntrophobotulus glycolicus DSM 8271
  0.00	1	1	G	56112	                Dehalobacter
  0.00	1	0	G	79206	                Desulfosporosinus
  0.00	1	0	S	79209	                  Desulfosporosinus meridiei
  0.00	1	1	-	768704	                    Desulfosporosinus meridiei DSM 13257
  0.00	2	0	-	538999	              Clostridiales incertae sedis
  0.00	1	0	F	539000	                Clostridiales Family XVII. Incertae Sedis
  0.00	1	0	G	73918	                  Thermaerobacter
  0.00	1	0	S	73919	                    Thermaerobacter marianensis
  0.00	1	1	-	644966	                      Thermaerobacter marianensis DSM 12885
  0.00	1	0	F	543314	                Clostridiales Family XIII. Incertae Sedis
  0.00	1	0	G	86331	                  Mogibacterium
  0.00	1	1	S	86332	                    Mogibacterium pumilum
  0.01	9	0	O	68295	            Thermoanaerobacterales
  0.01	5	0	F	543371	              Thermoanaerobacterales Family III. Incertae Sedis
  0.00	3	0	G	28895	                Thermoanaerobacterium
  0.00	1	1	S	1517	                  Thermoanaerobacterium thermosaccharolyticum
  0.00	1	0	S	29329	                  Thermoanaerobacterium xylanolyticum
  0.00	1	1	-	858215	                    Thermoanaerobacterium xylanolyticum LX-11
  0.00	1	1	S	1550240	                  Thermoanaerobacterium sp. RBIITD
  0.00	2	1	G	44000	                Caldicellulosiruptor
  0.00	1	0	S	44001	                  Caldicellulosiruptor saccharolyticus
  0.00	1	1	-	351627	                    Caldicellulosiruptor saccharolyticus DSM 8903
  0.00	4	0	F	186814	              Thermoanaerobacteraceae
  0.00	2	0	G	249529	                Caldanaerobacter
  0.00	2	0	S	911092	                  Caldanaerobacter subterraneus
  0.00	2	0	-	119072	                    Caldanaerobacter subterraneus subsp. tengcongensis
  0.00	2	2	-	273068	                      Caldanaerobacter subterraneus subsp. tengcongensis MB4
  0.00	2	0	G	499228	                Tepidanaerobacter
  0.00	2	0	S	499229	                  Tepidanaerobacter acetatoxydans
  0.00	2	2	-	1209989	                    Tepidanaerobacter acetatoxydans Re1
  0.00	1	0	O	53433	            Halanaerobiales
  0.00	1	0	F	972	              Halanaerobiaceae
  0.00	1	0	G	2330	                Halanaerobium
  0.00	1	0	S	2331	                  Halanaerobium praevalens
  0.00	1	1	-	572479	                    Halanaerobium praevalens DSM 2228
  0.61	555	4	C	91061	          Bacilli
  0.53	479	7	O	186826	            Lactobacillales
  0.45	414	2	F	1300	              Streptococcaceae
  0.45	409	150	G	1301	                Streptococcus
  0.07	66	17	S	1303	                  Streptococcus oralis
  0.04	35	35	-	1077464	                    Streptococcus oralis subsp. tigurinus
  0.02	14	14	-	927666	                    Streptococcus oralis Uo5
  0.04	38	28	S	28037	                  Streptococcus mitis
  0.01	10	10	-	365659	                    Streptococcus mitis B6
  0.02	20	20	S	1902136	                  Streptococcus sp. NPS 308
  0.02	18	18	S	1311	                  Streptococcus agalactiae
  0.02	16	13	S	1313	                  Streptococcus pneumoniae
  0.00	3	3	-	487214	                    Streptococcus pneumoniae Hungary19A-6
  0.02	16	16	S	712633	                  Streptococcus sp. oral taxon 431
  0.02	15	1	-	671232	                  Streptococcus anginosus group
  0.01	13	12	S	1328	                    Streptococcus anginosus
  0.00	1	1	-	862971	                      Streptococcus anginosus C238
  0.00	1	0	S	1338	                    Streptococcus intermedius
  0.00	1	1	-	862967	                      Streptococcus intermedius B196
  0.02	14	11	S	1304	                  Streptococcus salivarius
  0.00	3	3	-	1048332	                    Streptococcus salivarius CCHSS3
  0.01	13	6	S	1307	                  Streptococcus suis
  0.00	3	3	-	1276647	                    Streptococcus suis TL13
  0.00	2	2	-	423211	                    Streptococcus suis GZ1
  0.00	1	1	-	1004951	                    Streptococcus suis ST1
  0.00	1	1	-	1004952	                    Streptococcus suis D12
  0.01	9	7	S	1318	                  Streptococcus parasanguinis
  0.00	1	1	-	760570	                    Streptococcus parasanguinis ATCC 15912
  0.00	1	1	-	1114965	                    Streptococcus parasanguinis FW213
  0.01	6	0	S	1314	                  Streptococcus pyogenes
  0.01	6	0	-	342023	                    Streptococcus pyogenes serotype M12
  0.01	6	6	-	370553	                      Streptococcus pyogenes MGAS2096
  0.00	4	0	S	197614	                  Streptococcus pasteurianus
  0.00	4	4	-	981540	                    Streptococcus pasteurianus ATCC 43144
  0.00	4	4	S	712624	                  Streptococcus sp. oral taxon 064
  0.00	3	2	S	1302	                  Streptococcus gordonii
  0.00	1	0	-	29390	                    Streptococcus gordonii str. Challis
  0.00	1	1	-	467705	                      Streptococcus gordonii str. Challis substr. CH1
  0.00	3	3	S	1156433	                  Streptococcus sp. I-P16
  0.00	2	2	S	1326	                  Streptococcus acidominimus
  0.00	2	0	S	45634	                  Streptococcus cristatus
  0.00	2	2	-	1302863	                    Streptococcus cristatus AS 1.3089
  0.00	2	0	-	119603	                  Streptococcus dysgalactiae group
  0.00	2	1	S	1334	                    Streptococcus dysgalactiae
  0.00	1	0	-	119602	                      Streptococcus dysgalactiae subsp. equisimilis
  0.00	1	1	-	486410	                        Streptococcus dysgalactiae subsp. equisimilis GGS_124
  0.00	2	0	S	257758	                  Streptococcus pseudopneumoniae
  0.00	2	2	-	1054460	                    Streptococcus pseudopneumoniae IS7493
  0.00	2	2	S	1156431	                  Streptococcus sp. I-G2
  0.00	2	2	S	1759399	                  Streptococcus sp. A12
  0.00	1	1	S	1308	                  Streptococcus thermophilus
  0.00	1	1	S	102684	                  Streptococcus infantarius
  0.00	3	0	G	1357	                Lactococcus
  0.00	3	0	S	1358	                  Lactococcus lactis
  0.00	3	1	-	1359	                    Lactococcus lactis subsp. cremoris
  0.00	2	2	-	1104322	                      Lactococcus lactis subsp. cremoris A76
  0.04	33	0	F	81852	              Enterococcaceae
  0.04	32	3	G	1350	                Enterococcus
  0.03	23	23	S	1352	                  Enterococcus faecium
  0.00	3	1	S	1351	                  Enterococcus faecalis
  0.00	2	2	-	226185	                    Enterococcus faecalis V583
  0.00	2	2	S	53345	                  Enterococcus durans
  0.00	1	1	S	44008	                  Enterococcus cecorum
  0.00	1	0	G	33969	                Melissococcus
  0.00	1	1	S	33970	                  Melissococcus plutonius
  0.02	20	0	F	33958	              Lactobacillaceae
  0.02	19	0	G	1578	                Lactobacillus
  0.01	6	1	S	1624	                  Lactobacillus salivarius
  0.01	5	5	-	1194971	                    Lactobacillus salivarius str. Ren
  0.00	2	2	S	392416	                  Lactobacillus crustorum
  0.00	2	1	-	655183	                  Lactobacillus casei group
  0.00	1	1	S	1597	                    Lactobacillus paracasei
  0.00	1	1	S	1580	                  Lactobacillus brevis
  0.00	1	1	S	1598	                  Lactobacillus reuteri
  0.00	1	0	S	1603	                  Lactobacillus amylophilus
  0.00	1	1	-	1423721	                    Lactobacillus amylophilus DSM 20533 = JCM 1125
  0.00	1	1	S	1604	                  Lactobacillus amylovorus
  0.00	1	0	S	1623	                  Lactobacillus ruminis
  0.00	1	1	-	1069534	                    Lactobacillus ruminis ATCC 27782
  0.00	1	1	S	28038	                  Lactobacillus curvatus
  0.00	1	1	S	47715	                  Lactobacillus rhamnosus
  0.00	1	0	S	47770	                  Lactobacillus crispatus
  0.00	1	1	-	748671	                    Lactobacillus crispatus ST1
  0.00	1	1	S	1007676	                  Lactobacillus ginsenosidimutans
  0.00	1	0	G	1253	                Pediococcus
  0.00	1	1	S	1255	                  Pediococcus pentosaceus
  0.00	3	0	F	81850	              Leuconostocaceae
  0.00	3	0	G	1243	                Leuconostoc
  0.00	1	0	S	1244	                  Leuconostoc gelidum
  0.00	1	1	-	1229756	                    Leuconostoc gelidum JB7
  0.00	1	1	S	1245	                  Leuconostoc mesenteroides
  0.00	1	1	S	979982	                  Leuconostoc sp. C2
  0.00	2	0	F	186828	              Carnobacteriaceae
  0.00	2	0	G	1470540	                Jeotgalibaca
  0.00	1	1	S	708126	                  Jeotgalibaca dankookensis
  0.00	1	1	S	1903686	                  Jeotgalibaca sp. PTS2502
  0.08	72	4	O	1385	            Bacillales
  0.04	32	0	F	186817	              Bacillaceae
  0.03	23	5	G	1386	                Bacillus
  0.01	6	0	-	86661	                  Bacillus cereus group
  0.01	5	3	S	1396	                    Bacillus cereus
  0.00	1	1	-	526968	                      Bacillus cereus R309803
  0.00	1	1	-	526969	                      Bacillus cereus m1550
  0.00	1	0	S	1428	                    Bacillus thuringiensis
  0.00	1	0	-	180854	                      Bacillus thuringiensis serovar huazhongensis
  0.00	1	1	-	527030	                        Bacillus thuringiensis serovar huazhongensis BGSC 4BD1
  0.00	3	1	-	653685	                  Bacillus subtilis group
  0.00	2	2	S	1648923	                    Bacillus paralicheniformis
  0.00	1	1	S	1398	                  Bacillus coagulans
  0.00	1	0	S	1413	                  Bacillus cellulosilyticus
  0.00	1	1	-	649639	                    Bacillus cellulosilyticus DSM 2522
  0.00	1	1	S	1478	                  Bacillus simplex
  0.00	1	0	S	79885	                  Bacillus pseudofirmus
  0.00	1	1	-	398511	                    Bacillus pseudofirmus OF4
  0.00	1	1	S	86664	                  Bacillus flexus
  0.00	1	1	S	98228	                  Bacillus sp. OxB-1
  0.00	1	1	S	666686	                  Bacillus sp. 1NLA3E
  0.00	1	1	S	1547283	                  Bacillus weihaiensis
  0.00	1	1	S	1565991	                  Bacillus sp. X1(2014)
  0.00	4	1	G	84406	                Virgibacillus
  0.00	1	1	S	163877	                  Virgibacillus necropolis
  0.00	1	1	S	403957	                  Virgibacillus sp. SK37
  0.00	1	1	S	1911587	                  Virgibacillus sp. 6R
  0.00	2	0	G	1329200	                Fictibacillus
  0.00	2	2	S	255247	                  Fictibacillus arsenicus
  0.00	1	1	G	150247	                Anoxybacillus
  0.00	1	0	G	182709	                Oceanobacillus
  0.00	1	0	S	182710	                  Oceanobacillus iheyensis
  0.00	1	1	-	221109	                    Oceanobacillus iheyensis HTE831
  0.00	1	0	G	1906945	                Parageobacillus
  0.00	1	0	S	1426	                  Parageobacillus thermoglucosidans
  0.00	1	1	-	634956	                    Parageobacillus thermoglucosidasius C56-YS93
  0.02	21	0	F	186822	              Paenibacillaceae
  0.02	16	3	G	44249	                Paenibacillus
  0.00	2	2	S	1763538	                  Paenibacillus sp. LPB0068
  0.00	1	1	S	1406	                  Paenibacillus polymyxa
  0.00	1	1	S	160799	                  Paenibacillus borealis
  0.00	1	1	S	169760	                  Paenibacillus stellifer
  0.00	1	1	S	324057	                  Paenibacillus sp. JDR-2
  0.00	1	1	S	414771	                  Paenibacillus donghaensis
  0.00	1	1	S	528191	                  Paenibacillus xylanexedens
  0.00	1	1	S	1536772	                  Paenibacillus sp. FSL R7-0273
  0.00	1	1	S	1536773	                  Paenibacillus sp. FSL R7-0331
  0.00	1	1	S	1566358	                  Paenibacillus sp. IHBB 10380
  0.00	1	1	S	1616788	                  Paenibacillus bovis
  0.00	1	1	S	1619311	                  Paenibacillus physcomitrellae
  0.00	2	0	-	85151	                Aneurinibacillus group
  0.00	2	0	G	55079	                  Aneurinibacillus
  0.00	2	2	S	1500254	                    Aneurinibacillus soli
  0.00	2	0	-	234447	                unclassified Paenibacillaceae
  0.00	2	2	S	1882832	                  Paenibacillaceae bacterium GAS479
  0.00	1	0	G	76632	                Thermobacillus
  0.00	1	0	S	377615	                  Thermobacillus composti
  0.00	1	1	-	717605	                    Thermobacillus composti KWC4
  0.01	6	1	F	186818	              Planococcaceae
  0.00	2	1	G	1372	                Planococcus
  0.00	1	0	S	161360	                  Planococcus antarcticus
  0.00	1	1	-	1185653	                    Planococcus antarcticus DSM 14505
  0.00	2	1	G	1569	                Sporosarcina
  0.00	1	1	S	1571	                  Sporosarcina ureae
  0.00	1	0	G	1649	                Kurthia
  0.00	1	1	S	1750719	                  Kurthia sp. 11kri321
  0.01	5	0	F	90964	              Staphylococcaceae
  0.01	5	0	G	1279	                Staphylococcus
  0.00	2	2	S	1280	                  Staphylococcus aureus
  0.00	1	1	S	1282	                  Staphylococcus epidermidis
  0.00	1	1	S	1294	                  Staphylococcus muscae
  0.00	1	1	S	985002	                  Staphylococcus argenteus
  0.00	2	0	F	186820	              Listeriaceae
  0.00	1	0	G	1637	                Listeria
  0.00	1	1	S	1643	                  Listeria welshimeri
  0.00	1	0	G	2755	                Brochothrix
  0.00	1	1	S	2756	                  Brochothrix thermosphacta
  0.00	1	0	F	186823	              Alicyclobacillaceae
  0.00	1	0	G	432330	                Tumebacillus
  0.00	1	1	S	1903704	                  Tumebacillus sp. AR23208
  0.00	1	0	-	539002	              Bacillales incertae sedis
  0.00	1	0	-	539742	                Bacillales Family XII. Incertae Sedis
  0.00	1	0	G	33986	                  Exiguobacterium
  0.00	1	0	S	332410	                    Exiguobacterium sibiricum
  0.00	1	1	-	262543	                      Exiguobacterium sibiricum 255-15
  0.17	156	0	C	526524	          Erysipelotrichia
  0.17	156	0	O	526525	            Erysipelotrichales
  0.17	156	40	F	128827	              Erysipelotrichaceae
  0.11	103	0	G	1573534	                Faecalitalea
  0.11	103	0	S	39483	                  Faecalitalea cylindroides
  0.11	103	103	-	717960	                    Faecalitalea cylindroides T2-87
  0.01	9	0	G	191303	                Turicibacter
  0.01	9	9	S	1712675	                  Turicibacter sp. H121
  0.00	4	0	G	1729679	                Faecalibaculum
  0.00	4	4	S	1702221	                  Faecalibaculum rodentium
  0.03	25	4	C	909932	          Negativicutes
  0.01	8	0	O	1843488	            Acidaminococcales
  0.01	8	0	F	909930	              Acidaminococcaceae
  0.01	8	1	G	904	                Acidaminococcus
  0.00	4	0	S	905	                  Acidaminococcus fermentans
  0.00	4	4	-	591001	                    Acidaminococcus fermentans DSM 20731
  0.00	3	0	S	187327	                  Acidaminococcus intestini
  0.00	3	3	-	568816	                    Acidaminococcus intestini RyC-MR95
  0.01	8	0	O	1843489	            Veillonellales
  0.01	8	0	F	31977	              Veillonellaceae
  0.01	6	1	G	29465	                Veillonella
  0.01	5	5	S	29466	                  Veillonella parvula
  0.00	1	0	G	906	                Megasphaera
  0.00	1	1	S	907	                  Megasphaera elsdenii
  0.00	1	0	G	909928	                Negativicoccus
  0.00	1	1	S	1702287	                  Negativicoccus massiliensis
  0.01	5	0	O	909929	            Selenomonadales
  0.00	3	0	F	1843491	              Selenomonadaceae
  0.00	3	0	G	970	                Selenomonas
  0.00	2	2	S	712528	                  Selenomonas sp. oral taxon 126
  0.00	1	0	S	971	                  Selenomonas ruminantium
  0.00	1	0	-	114197	                    Selenomonas ruminantium subsp. lactilytica
  0.00	1	1	-	927704	                      Selenomonas ruminantium subsp. lactilytica TAM6421
  0.00	2	0	F	1843490	              Sporomusaceae
  0.00	2	0	G	365348	                Pelosinus
  0.00	2	2	S	484770	                  Pelosinus sp. UFO1
  0.01	6	0	C	1737404	          Tissierellia
  0.01	6	0	O	1737405	            Tissierellales
  0.01	6	0	F	1570339	              Peptoniphilaceae
  0.00	4	0	G	1161127	                Murdochiella
  0.00	4	4	S	1852373	                  Murdochiella vaginalis
  0.00	2	0	G	150022	                Finegoldia
  0.00	2	1	S	1260	                  Finegoldia magna
  0.00	1	1	-	525282	                    Finegoldia magna ATCC 53516
  0.00	1	0	-	33974	          unclassified Firmicutes sensu stricto
  0.00	1	0	G	1930845	            Ndongobacter
  0.00	1	1	S	1871025	              Ndongobacter massiliensis
  1.12	1016	3	P	201174	        Actinobacteria
  1.09	992	31	C	1760	          Actinobacteria
  1.00	913	0	O	85004	            Bifidobacteriales
  1.00	913	0	F	31953	              Bifidobacteriaceae
  1.00	913	153	G	1678	                Bifidobacterium
  0.65	595	0	S	28026	                  Bifidobacterium pseudocatenulatum
  0.65	595	595	-	547043	                    Bifidobacterium pseudocatenulatum DSM 20438 = JCM 1200 = LMG 10505
  0.09	82	10	S	630129	                  Bifidobacterium kashiwanohense
  0.06	52	52	-	1447716	                    Bifidobacterium kashiwanohense PV20-2
  0.02	20	20	-	1150460	                    Bifidobacterium kashiwanohense JCM 15439 = DSM 21854
  0.03	26	8	S	216816	                  Bifidobacterium longum
  0.02	15	2	-	1679	                    Bifidobacterium longum subsp. longum
  0.01	6	6	-	890402	                      Bifidobacterium longum subsp. longum BBMN68
  0.00	4	4	-	722911	                      Bifidobacterium longum subsp. longum F8
  0.00	2	2	-	1035817	                      Bifidobacterium longum subsp. longum KACC 91563
  0.00	1	1	-	565042	                      Bifidobacterium longum subsp. longum JCM 1217
  0.00	2	0	-	1682	                    Bifidobacterium longum subsp. infantis
  0.00	1	1	-	391904	                      Bifidobacterium longum subsp. infantis ATCC 15697 = JCM 1222 = DSM 20088
  0.00	1	1	-	565040	                      Bifidobacterium longum subsp. infantis 157F
  0.00	1	1	-	206672	                    Bifidobacterium longum NCC2705
  0.02	17	0	S	1686	                  Bifidobacterium catenulatum
  0.02	17	17	-	566552	                    Bifidobacterium catenulatum DSM 16992 = JCM 1194 = LMG 11043
  0.01	10	9	S	1680	                  Bifidobacterium adolescentis
  0.00	1	1	-	367928	                    Bifidobacterium adolescentis ATCC 15703
  0.01	10	2	S	1685	                  Bifidobacterium breve
  0.01	5	5	-	866777	                    Bifidobacterium breve ACS-071-V-Sch8b
  0.00	2	2	-	1385939	                    Bifidobacterium breve JCM 7017
  0.00	1	1	-	1385942	                    Bifidobacterium breve 689b
  0.01	8	5	S	1683	                  Bifidobacterium angulatum
  0.00	3	3	-	518635	                    Bifidobacterium angulatum DSM 20098 = JCM 7096
  0.00	3	3	S	1681	                  Bifidobacterium bifidum
  0.00	3	3	S	1689	                  Bifidobacterium dentium
  0.00	2	2	S	28025	                  Bifidobacterium animalis
  0.00	2	0	S	158787	                  Bifidobacterium scardovii
  0.00	2	2	-	1150461	                    Bifidobacterium scardovii JCM 12489 = DSM 13734
  0.00	1	0	S	1684	                  Bifidobacterium asteroides
  0.00	1	1	-	1147128	                    Bifidobacterium asteroides PRL2011
  0.00	1	1	S	1694	                  Bifidobacterium pseudolongum
  0.01	13	0	O	2037	            Actinomycetales
  0.01	13	0	F	2049	              Actinomycetaceae
  0.01	13	1	G	1654	                Actinomyces
  0.01	9	9	S	52773	                  Actinomyces meyeri
  0.00	2	2	S	178339	                  Actinomyces hongkongensis
  0.00	1	1	S	1852377	                  Actinomyces sp. Marseille-P2985
  0.01	11	0	O	85006	            Micrococcales
  0.01	8	0	F	1268	              Micrococcaceae
  0.00	4	0	G	32207	                Rothia
  0.00	4	4	S	43675	                  Rothia mucilaginosa
  0.00	2	0	G	1663	                Arthrobacter
  0.00	1	1	S	595593	                  Arthrobacter sp. A3
  0.00	1	1	S	1357915	                  Arthrobacter sp. QXT-31
  0.00	2	0	G	1868332	                Neomicrococcus
  0.00	2	2	S	556325	                  Neomicrococcus aestuarii
  0.00	2	0	F	125316	              Beutenbergiaceae
  0.00	2	0	G	84756	                Beutenbergia
  0.00	2	0	S	84757	                  Beutenbergia cavernae
  0.00	2	2	-	471853	                    Beutenbergia cavernae DSM 12333
  0.00	1	0	F	85023	              Microbacteriaceae
  0.00	1	0	G	33882	                Microbacterium
  0.00	1	1	S	367477	                  Microbacterium sp. XT11
  0.01	9	0	O	85007	            Corynebacteriales
  0.01	6	0	F	1653	              Corynebacteriaceae
  0.01	6	3	G	1716	                Corynebacterium
  0.00	2	2	S	1718	                  Corynebacterium glutamicum
  0.00	1	1	S	136857	                  Corynebacterium testudinoris
  0.00	1	0	F	1762	              Mycobacteriaceae
  0.00	1	0	G	1763	                Mycobacterium
  0.00	1	0	S	1810	                  Mycobacterium vaccae
  0.00	1	1	-	1354275	                    Mycobacterium vaccae 95051
  0.00	1	0	F	85025	              Nocardiaceae
  0.00	1	1	G	1827	                Rhodococcus
  0.00	1	0	F	85026	              Gordoniaceae
  0.00	1	0	G	2053	                Gordonia
  0.00	1	1	S	1737359	                  Gordonia sp. 1D
  0.01	7	1	O	85009	            Propionibacteriales
  0.00	4	0	F	31957	              Propionibacteriaceae
  0.00	3	0	G	203133	                Propionimicrobium
  0.00	3	3	S	1871034	                  Propionimicrobium sp. Marseille-P3275
  0.00	1	0	G	1912216	                Cutibacterium
  0.00	1	0	S	33010	                  Cutibacterium avidum
  0.00	1	1	-	1170318	                    Cutibacterium avidum 44067
  0.00	2	0	F	85015	              Nocardioidaceae
  0.00	1	0	G	2044	                Pimelobacter
  0.00	1	1	S	2045	                  Pimelobacter simplex
  0.00	1	0	G	53387	                Friedmanniella
  0.00	1	1	S	546874	                  Friedmanniella sagamiharensis
  0.00	4	0	O	85011	            Streptomycetales
  0.00	4	0	F	2062	              Streptomycetaceae
  0.00	4	2	G	1883	                Streptomyces
  0.00	1	1	S	54571	                  Streptomyces venezuelae
  0.00	1	1	S	1262452	                  Streptomyces sp. 769
  0.00	3	0	O	85008	            Micromonosporales
  0.00	3	0	F	28056	              Micromonosporaceae
  0.00	2	0	G	1865	                Actinoplanes
  0.00	2	0	S	1866	                  Actinoplanes missouriensis
  0.00	2	2	-	512565	                    Actinoplanes missouriensis 431
  0.00	1	1	G	1873	                Micromonospora
  0.00	1	0	O	1643684	            Nakamurellales
  0.00	1	0	F	85031	              Nakamurellaceae
  0.00	1	0	G	53460	                Nakamurella
  0.00	1	1	S	1090615	                  Nakamurella panacisegetis
  0.02	21	1	C	84998	          Coriobacteriia
  0.01	11	0	O	1643822	            Eggerthellales
  0.01	11	1	F	1643826	              Eggerthellaceae
  0.01	5	3	G	644652	                Gordonibacter
  0.00	1	0	S	471189	                  Gordonibacter pamelaeae
  0.00	1	1	-	657308	                    Gordonibacter pamelaeae 7-10-1-b
  0.00	1	1	S	1841863	                  Gordonibacter massiliensis
  0.01	5	0	G	1981050	                Phoenicibacter
  0.01	5	5	S	1944646	                  Phoenicibacter massiliensis
  0.01	9	0	O	84999	            Coriobacteriales
  0.01	5	2	F	1643824	              Atopobiaceae
  0.00	3	2	G	133925	                Olsenella
  0.00	1	1	S	604330	                  Olsenella umbonata
  0.00	4	0	F	84107	              Coriobacteriaceae
  0.00	3	0	-	84113	                unclassified Coriobacteriaceae
  0.00	3	3	S	1531429	                  Coriobacteriaceae bacterium 68-1-3
  0.00	1	0	G	33870	                Coriobacterium
  0.00	1	0	S	33871	                  Coriobacterium glomerans
  0.00	1	1	-	700015	                    Coriobacterium glomerans PW2
  0.01	7	0	P	544448	        Tenericutes
  0.01	7	0	C	31969	          Mollicutes
  0.00	4	0	O	2085	            Mycoplasmatales
  0.00	4	0	F	2092	              Mycoplasmataceae
  0.00	4	0	G	2093	                Mycoplasma
  0.00	1	1	S	2094	                  Mycoplasma arginini
  0.00	1	1	S	29554	                  Mycoplasma canadense
  0.00	1	0	S	51365	                  Mycoplasma yeatsii
  0.00	1	1	-	743967	                    Mycoplasma yeatsii GM274B
  0.00	1	0	S	171284	                  Mycoplasma cynos
  0.00	1	1	-	1246955	                    Mycoplasma cynos C142
  0.00	2	0	O	186329	            Acholeplasmatales
  0.00	2	0	F	2146	              Acholeplasmataceae
  0.00	1	0	G	2147	                Acholeplasma
  0.00	1	0	S	38986	                  Acholeplasma palmae
  0.00	1	1	-	1318466	                    Acholeplasma palmae J233
  0.00	1	0	G	33926	                Candidatus Phytoplasma
  0.00	1	0	-	85630	                  16SrX (Apple proliferation group)
  0.00	1	1	S	37692	                    Candidatus Phytoplasma mali
  0.00	1	0	O	186328	            Entomoplasmatales
  0.00	1	0	F	2131	              Spiroplasmataceae
  0.00	1	0	G	2132	                Spiroplasma
  0.00	1	1	S	315358	                  Spiroplasma eriocheiris
  0.00	4	0	P	1297	        Deinococcus-Thermus
  0.00	4	1	C	188787	          Deinococci
  0.00	2	0	O	118964	            Deinococcales
  0.00	2	0	F	183710	              Deinococcaceae
  0.00	2	0	G	1298	                Deinococcus
  0.00	1	1	S	1309411	                  Deinococcus soli Cha et al. 2016
  0.00	1	1	S	1768108	                  Deinococcus actinosclerus
  0.00	1	0	O	68933	            Thermales
  0.00	1	0	F	188786	              Thermaceae
  0.00	1	1	G	270	                Thermus
  0.00	4	0	-	1798711	        Cyanobacteria/Melainabacteria group
  0.00	4	0	P	1117	          Cyanobacteria
  0.00	2	0	O	1161	            Nostocales
  0.00	2	0	F	1185	              Rivulariaceae
  0.00	2	1	G	1186	                Calothrix
  0.00	1	1	S	1954172	                  Calothrix sp. NIES-2100
  0.00	1	0	C	307596	            Gloeobacteria
  0.00	1	0	O	307595	              Gloeobacterales
  0.00	1	0	F	1890422	                Gloeobacteraceae
  0.00	1	0	G	33071	                  Gloeobacter
  0.00	1	0	S	33072	                    Gloeobacter violaceus
  0.00	1	1	-	251221	                      Gloeobacter violaceus PCC 7421
  0.00	1	0	O	1890424	            Synechococcales
  0.00	1	0	F	1890428	              Merismopediaceae
  0.00	1	0	G	1142	                Synechocystis
  0.00	1	1	S	1148	                  Synechocystis sp. PCC 6803
  0.00	3	0	P	200795	        Chloroflexi
  0.00	1	0	C	32061	          Chloroflexia
  0.00	1	0	O	32064	            Chloroflexales
  0.00	1	0	-	1508595	              Roseiflexineae
  0.00	1	0	F	1508635	                Roseiflexaceae
  0.00	1	0	G	120961	                  Roseiflexus
  0.00	1	1	S	357808	                    Roseiflexus sp. RS-1
  0.00	1	0	C	292625	          Anaerolineae
  0.00	1	0	O	292629	            Anaerolineales
  0.00	1	0	F	292628	              Anaerolineaceae
  0.00	1	0	-	1324991	                unclassified Anaerolineaceae
  0.00	1	1	S	1889813	                  Anaerolineaceae bacterium oral taxon 439
  0.00	1	0	C	1382928	          Ardenticatenia
  0.00	1	0	O	1382929	            Ardenticatenales
  0.00	1	0	F	1382930	              Ardenticatenaceae
  0.00	1	0	G	1988031	                Candidatus Promineofilum
  0.00	1	1	S	1806508	                  Candidatus Promineofilum breve
 16.37	14906	0	-	1783270	      FCB group
 16.37	14905	0	-	68336	        Bacteroidetes/Chlorobi group
 16.37	14903	38	P	976	          Bacteroidetes
 16.24	14789	1	C	200643	            Bacteroidia
 16.24	14786	225	O	171549	              Bacteroidales
 11.78	10726	0	F	815	                Bacteroidaceae
 11.78	10726	649	G	816	                  Bacteroides
  5.06	4604	3374	S	818	                    Bacteroides thetaiotaomicron
  1.35	1230	1230	-	226186	                      Bacteroides thetaiotaomicron VPI-5482
  2.47	2245	2244	S	28116	                    Bacteroides ovatus
  0.00	1	1	-	1379690	                      Bacteroides ovatus V975
  1.20	1092	1092	S	47678	                    Bacteroides caccae
  0.79	718	718	S	1796613	                    Bacteroides caecimuris
  0.74	672	241	S	821	                    Bacteroides vulgatus
  0.47	431	431	-	435590	                      Bacteroides vulgatus ATCC 8482
  0.26	237	96	S	817	                    Bacteroides fragilis
  0.09	84	84	-	862962	                      Bacteroides fragilis 638R
  0.03	29	29	-	295405	                      Bacteroides fragilis YCH46
  0.03	28	28	-	272559	                      Bacteroides fragilis NCTC 9343
  0.18	160	160	S	246787	                    Bacteroides cellulosilyticus
  0.16	142	0	S	290053	                    Bacteroides helcogenes
  0.16	142	142	-	693979	                      Bacteroides helcogenes P 36-108
  0.15	136	0	S	357276	                    Bacteroides dorei
  0.15	136	136	-	997877	                      Bacteroides dorei CL03T12C01
  0.07	68	0	S	376805	                    Bacteroides salanitronis
  0.07	68	68	-	667015	                      Bacteroides salanitronis DSM 18170
  0.00	3	0	S	151276	                    Bacteroides coprosuis
  0.00	3	3	-	679937	                      Bacteroides coprosuis DSM 18011
  2.00	1824	25	F	2005525	                Tannerellaceae
  1.97	1791	489	G	375288	                  Parabacteroides
  0.83	755	755	S	2025876	                    Parabacteroides sp. CT06
  0.60	547	0	S	823	                    Parabacteroides distasonis
  0.60	547	547	-	435591	                      Parabacteroides distasonis ATCC 8503
  0.01	8	0	G	195950	                  Tannerella
  0.01	6	6	S	712710	                    Tannerella sp. oral taxon HOT-286
  0.00	2	1	S	28112	                    Tannerella forsythia
  0.00	1	1	-	1307833	                      Tannerella forsythia KS16
  1.16	1060	0	F	1853231	                Odoribacteraceae
  1.16	1060	0	G	283168	                  Odoribacter
  1.16	1060	1060	S	28118	                    Odoribacter splanchnicus
  0.82	747	0	F	171550	                Rikenellaceae
  0.82	744	66	G	239759	                  Alistipes
  0.44	404	0	S	214856	                    Alistipes finegoldii
  0.44	404	404	-	679935	                      Alistipes finegoldii DSM 17242
  0.30	274	0	S	328814	                    Alistipes shahii
  0.30	274	274	-	717959	                      Alistipes shahii WAL 8301
  0.00	3	0	G	1611681	                  Mucinivorans
  0.00	3	3	S	1433126	                    Mucinivorans hirudinis
  0.11	100	0	F	171552	                Prevotellaceae
  0.11	100	25	G	838	                  Prevotella
  0.02	20	0	S	839	                    Prevotella ruminicola
  0.02	20	20	-	264731	                      Prevotella ruminicola 23
  0.01	13	12	S	28131	                    Prevotella intermedia
  0.00	1	1	-	1122984	                      Prevotella intermedia ATCC 25611 = DSM 20706
  0.01	13	0	S	52227	                    Prevotella dentalis
  0.01	13	13	-	908937	                      Prevotella dentalis DSM 3688
  0.01	9	0	S	589437	                    Prevotella scopos
  0.01	9	9	-	1236518	                      Prevotella scopos JCM 17725
  0.01	8	8	S	28132	                    Prevotella melaninogenica
  0.01	5	0	S	589436	                    Prevotella fusca
  0.01	5	5	-	1236517	                      Prevotella fusca JCM 17724
  0.00	3	0	S	652716	                    Prevotella sp. oral taxon 299
  0.00	3	3	-	575614	                      Prevotella sp. oral taxon 299 str. F0039
  0.00	2	0	S	28129	                    Prevotella denticola
  0.00	2	2	-	767031	                      Prevotella denticola F0289
  0.00	2	2	S	76123	                    Prevotella enoeca
  0.09	82	0	F	2005519	                Barnesiellaceae
  0.09	82	0	G	397864	                  Barnesiella
  0.09	82	0	S	397865	                    Barnesiella viscericola
  0.09	82	82	-	880074	                      Barnesiella viscericola DSM 18177
  0.02	20	0	F	171551	                Porphyromonadaceae
  0.02	14	0	G	836	                  Porphyromonas
  0.02	14	14	S	837	                    Porphyromonas gingivalis
  0.01	5	0	G	307628	                  Petrimonas
  0.01	5	5	S	1642646	                    Petrimonas mucosa
  0.00	1	0	G	1784836	                  Fermentimonas
  0.00	1	1	S	1562970	                    Fermentimonas caenicola
  0.00	1	0	F	2005520	                Dysgonamonadaceae
  0.00	1	0	G	294702	                  Proteiniphilum
  0.00	1	1	S	1642647	                    Proteiniphilum saccharofermentans
  0.00	1	0	F	2005523	                Paludibacteraceae
  0.00	1	0	G	346096	                  Paludibacter
  0.00	1	0	S	185300	                    Paludibacter propionicigenes
  0.00	1	1	-	694427	                      Paludibacter propionicigenes WB4
  0.00	2	0	O	1970189	              Marinilabiliales
  0.00	1	0	F	1471398	                Prolixibacteraceae
  0.00	1	0	G	1471399	                  Draconibacterium
  0.00	1	1	S	1168034	                    Draconibacterium orientale
  0.00	1	0	F	1573805	                Marinifilaceae
  0.00	1	0	-	1717716	                  unclassified Marinifilaceae
  0.00	1	1	S	1717717	                    Marinifilaceae bacterium SPP2
  0.07	64	0	C	117743	            Flavobacteriia
  0.07	64	0	O	200644	              Flavobacteriales
  0.07	62	4	F	49546	                Flavobacteriaceae
  0.03	26	0	G	28250	                  Ornithobacterium
  0.03	26	0	S	28251	                    Ornithobacterium rhinotracheale
  0.03	26	26	-	1401325	                      Ornithobacterium rhinotracheale ORT-UMN 88
  0.02	16	0	G	59732	                  Chryseobacterium
  0.02	15	15	S	1324352	                    Chryseobacterium gallinarum
  0.00	1	1	S	1685010	                    Chryseobacterium sp. IHBB 10212
  0.00	3	2	G	1016	                  Capnocytophaga
  0.00	1	1	S	1019	                    Capnocytophaga sputigena
  0.00	3	0	G	76831	                  Myroides
  0.00	3	3	S	76832	                    Myroides odoratimimus
  0.00	1	0	G	237	                  Flavobacterium
  0.00	1	1	S	996	                    Flavobacterium columnare
  0.00	1	0	G	34084	                  Riemerella
  0.00	1	1	S	34085	                    Riemerella anatipestifer
  0.00	1	0	G	104264	                  Cellulophaga
  0.00	1	0	S	76594	                    Cellulophaga baltica
  0.00	1	1	-	1348584	                      Cellulophaga baltica 18
  0.00	1	0	G	252356	                  Maribacter
  0.00	1	1	S	1836467	                    Maribacter sp. T28
  0.00	1	0	G	292691	                  Gramella
  0.00	1	0	S	1486245	                    Gramella flava
  0.00	1	1	-	1229726	                      Gramella flava JLT2011
  0.00	1	0	G	308865	                  Elizabethkingia
  0.00	1	1	S	238	                    Elizabethkingia meningoseptica
  0.00	1	1	G	326319	                  Dokdonia
  0.00	1	0	G	358023	                  Lutibacter
  0.00	1	1	S	1622118	                    Lutibacter profundi
  0.00	1	0	G	417127	                  Zunongwangia
  0.00	1	0	S	398743	                    Zunongwangia profunda
  0.00	1	1	-	655815	                      Zunongwangia profunda SM-A87
  0.00	1	0	G	1518147	                  Wenyingzhuangia
  0.00	1	1	S	1790137	                    Wenyingzhuangia fucanilytica
  0.00	1	0	F	39782	                Blattabacteriaceae
  0.00	1	0	G	34098	                  Blattabacterium
  0.00	1	0	S	624186	                    Blattabacterium sp. (Blattella germanica)
  0.00	1	1	-	331104	                      Blattabacterium sp. (Blattella germanica) str. Bge
  0.00	1	0	F	1853230	                Crocinitomicaceae
  0.00	1	0	G	332102	                  Fluviicola
  0.00	1	0	S	191579	                    Fluviicola taffensis
  0.00	1	1	-	755732	                      Fluviicola taffensis DSM 16823
  0.01	6	0	C	768503	            Cytophagia
  0.01	6	0	O	768507	              Cytophagales
  0.00	2	0	F	89373	                Cytophagaceae
  0.00	1	0	G	105	                  Runella
  0.00	1	0	S	106	                    Runella slithyformis
  0.00	1	1	-	761193	                      Runella slithyformis DSM 19594
  0.00	1	0	G	861914	                  Fibrella
  0.00	1	0	S	651143	                    Fibrella aestuarina
  0.00	1	1	-	1166018	                      Fibrella aestuarina BUZ 2
  0.00	2	0	F	1853232	                Hymenobacteraceae
  0.00	2	0	G	89966	                  Hymenobacter
  0.00	1	0	S	1446467	                    Hymenobacter swuensis
  0.00	1	1	-	1227739	                      Hymenobacter swuensis DY53
  0.00	1	1	S	1484118	                    Hymenobacter sp. PAMC 26628
  0.00	2	0	F	1853234	                Persicobacteraceae
  0.00	2	0	G	59740	                  Persicobacter
  0.00	2	2	S	1085624	                    Persicobacter sp. JZB09
  0.00	4	0	C	117747	            Sphingobacteriia
  0.00	4	0	O	200666	              Sphingobacteriales
  0.00	4	0	F	84566	                Sphingobacteriaceae
  0.00	2	0	G	28453	                  Sphingobacterium
  0.00	1	1	S	743722	                    Sphingobacterium sp. 21
  0.00	1	1	S	1538644	                    Sphingobacterium sp. ML3W
  0.00	1	0	G	84567	                  Pedobacter
  0.00	1	0	S	984	                    Pedobacter heparinus
  0.00	1	1	-	485917	                      Pedobacter heparinus DSM 2366
  0.00	1	0	G	423349	                  Mucilaginibacter
  0.00	1	1	S	652787	                    Mucilaginibacter mallensis
  0.00	1	0	O	1100069	            Bacteroidetes Order II. Incertae sedis
  0.00	1	0	F	563843	              Rhodothermaceae
  0.00	1	0	-	1196022	                unclassified Rhodothermaceae
  0.00	1	1	S	1779382	                  Rhodothermaceae bacterium RA
  0.00	1	0	C	1853228	            Chitinophagia
  0.00	1	0	O	1853229	              Chitinophagales
  0.00	1	0	F	563835	                Chitinophagaceae
  0.00	1	0	G	79328	                  Chitinophaga
  0.00	1	0	S	79329	                    Chitinophaga pinensis
  0.00	1	1	-	485918	                      Chitinophaga pinensis DSM 2588
  0.00	2	0	P	1090	          Chlorobi
  0.00	2	0	C	191410	            Chlorobia
  0.00	2	0	O	191411	              Chlorobiales
  0.00	2	0	F	191412	                Chlorobiaceae
  0.00	1	0	G	256319	                  Chlorobaculum
  0.00	1	0	S	274539	                    Chlorobaculum parvum
  0.00	1	1	-	517417	                      Chlorobaculum parvum NCIB 8327
  0.00	1	0	-	274493	                  Chlorobium/Pelodictyon group
  0.00	1	0	G	1091	                    Chlorobium
  0.00	1	0	S	1092	                      Chlorobium limicola
  0.00	1	1	-	290315	                        Chlorobium limicola DSM 245
  0.00	1	0	P	65842	        Fibrobacteres
  0.00	1	0	C	204430	          Fibrobacteria
  0.00	1	0	O	218872	            Fibrobacterales
  0.00	1	0	F	204431	              Fibrobacteraceae
  0.00	1	0	G	832	                Fibrobacter
  0.00	1	0	S	833	                  Fibrobacter succinogenes
  0.00	1	0	-	834	                    Fibrobacter succinogenes subsp. succinogenes
  0.00	1	1	-	59374	                      Fibrobacter succinogenes subsp. succinogenes S85
  4.60	4191	51	P	1224	      Proteobacteria
  4.35	3957	32	C	1236	        Gammaproteobacteria
  2.82	2565	48	O	91347	          Enterobacterales
  2.74	2499	547	F	543	            Enterobacteriaceae
  1.44	1310	40	G	561	              Escherichia
  1.38	1261	1192	S	562	                Escherichia coli
  0.01	12	12	-	1050617	                  Escherichia coli UMNF18
  0.01	5	5	-	340184	                  Escherichia coli B7A
  0.01	5	5	-	1078034	                  Escherichia coli O145:H28
  0.00	4	0	-	168807	                  Escherichia coli O127:H6
  0.00	4	4	-	574521	                    Escherichia coli O127:H6 str. E2348/69
  0.00	4	0	-	861906	                  Escherichia coli O44:H18
  0.00	4	4	-	216592	                    Escherichia coli 042
  0.00	4	4	-	930406	                  Escherichia coli O157:H16
  0.00	3	0	-	498388	                  Escherichia coli C
  0.00	3	3	-	481805	                    Escherichia coli ATCC 8739
  0.00	3	3	-	585397	                  Escherichia coli ED1a
  0.00	3	3	-	696406	                  Escherichia coli UMNK88
  0.00	3	3	-	910348	                  Escherichia coli P12b
  0.00	3	3	-	941323	                  Escherichia coli VR50
  0.00	2	2	-	83334	                  Escherichia coli O157:H7
  0.00	2	0	-	244319	                  Escherichia coli O26:H11
  0.00	2	2	-	573235	                    Escherichia coli O26:H11 str. 11368
  0.00	2	2	-	745156	                  Escherichia coli 1303
  0.00	2	2	-	1355100	                  Escherichia coli JJ1886
  0.00	1	0	-	244320	                  Escherichia coli O55:H7
  0.00	1	1	-	1048689	                    Escherichia coli O55:H7 str. RM12579
  0.00	1	1	-	316401	                  Escherichia coli ETEC H10407
  0.00	1	1	-	331112	                  Escherichia coli HS
  0.00	1	1	-	439855	                  Escherichia coli SMS-3-5
  0.00	1	1	-	591946	                  Escherichia coli LF82
  0.00	1	1	-	913091	                  Escherichia coli TW10598
  0.00	1	0	-	1072458	                  Escherichia coli O7:K1
  0.00	1	1	-	1072459	                    Escherichia coli O7:K1 str. CE10
  0.00	1	1	-	1274814	                  Escherichia coli APEC O78
  0.00	1	1	-	1358422	                  Escherichia coli PCN061
  0.00	1	1	-	1441627	                  Escherichia coli str. Sanji
  0.00	1	0	-	1603259	                  Escherichia coli O139:H28
  0.00	1	1	-	331111	                    Escherichia coli O139:H28 str. E24377A
  0.00	1	1	-	1954351	                  Escherichia coli APEC O2-211
  0.01	7	6	S	208962	                Escherichia albertii
  0.00	1	1	-	1440052	                  Escherichia albertii KF1
  0.00	2	0	S	564	                Escherichia fergusonii
  0.00	2	2	-	585054	                  Escherichia fergusonii ATCC 35469
  0.36	327	8	G	544	              Citrobacter
  0.35	318	24	-	1344959	                Citrobacter freundii complex
  0.32	287	282	S	546	                  Citrobacter freundii
  0.01	5	5	-	1333848	                    Citrobacter freundii CFNIH1
  0.00	4	4	S	67827	                  Citrobacter werkmanii
  0.00	3	3	S	57706	                  Citrobacter braakii
  0.00	1	1	S	1702170	                Citrobacter sp. FDAARGOS_156
  0.28	252	59	G	570	              Klebsiella
  0.19	176	166	S	573	                Klebsiella pneumoniae
  0.01	10	2	-	72407	                  Klebsiella pneumoniae subsp. pneumoniae
  0.00	4	4	-	1123862	                    Klebsiella pneumoniae subsp. pneumoniae Kp13
  0.00	4	4	-	1328324	                    Klebsiella pneumoniae subsp. pneumoniae KPNIH27
  0.01	13	13	S	571	                Klebsiella oxytoca
  0.00	2	2	S	1463165	                Klebsiella quasipneumoniae
  0.00	1	1	S	244366	                Klebsiella variicola
  0.00	1	1	S	2026240	                Klebsiella sp. KPN1705
  0.03	31	0	G	590	              Salmonella
  0.03	31	5	S	28901	                Salmonella enterica
  0.03	24	10	-	59201	                  Salmonella enterica subsp. enterica
  0.01	6	4	-	90370	                    Salmonella enterica subsp. enterica serovar Typhi
  0.00	2	2	-	220341	                      Salmonella enterica subsp. enterica serovar Typhi str. CT18
  0.00	3	1	-	58712	                    Salmonella enterica subsp. enterica serovar Anatum
  0.00	2	2	-	1454593	                      Salmonella enterica subsp. enterica serovar Anatum str. USDA-ARS-USMARC-1765
  0.00	1	0	-	54388	                    Salmonella enterica subsp. enterica serovar Paratyphi A
  0.00	1	1	-	941189	                      Salmonella enterica subsp. enterica serovar Paratyphi A str. ATCC 11511
  0.00	1	0	-	57743	                    Salmonella enterica subsp. enterica serovar Weltevreden
  0.00	1	1	-	1173939	                      Salmonella enterica subsp. enterica serovar Weltevreden str. 1655
  0.00	1	1	-	90371	                    Salmonella enterica subsp. enterica serovar Typhimurium
  0.00	1	1	-	108619	                    Salmonella enterica subsp. enterica serovar Newport
  0.00	1	0	-	260368	                    Salmonella enterica subsp. enterica serovar Bergen
  0.00	1	1	-	1240708	                      Salmonella enterica subsp. enterica serovar Bergen str. ST350
  0.00	2	0	-	59204	                  Salmonella enterica subsp. diarizonae
  0.00	2	0	-	1243611	                    Salmonella enterica subsp. diarizonae serovar 50:k:z
  0.00	2	2	-	1243612	                      Salmonella enterica subsp. diarizonae serovar 50:k:z str. MZ0080
  0.03	23	1	G	547	              Enterobacter
  0.02	19	4	-	354276	                Enterobacter cloacae complex
  0.01	11	11	S	550	                  Enterobacter cloacae
  0.00	2	0	S	158836	                  Enterobacter hormaechei
  0.00	2	2	-	301102	                    Enterobacter hormaechei subsp. oharae
  0.00	1	1	S	61645	                  Enterobacter asburiae
  0.00	1	1	S	1870930	                  Enterobacter cloacae complex sp. 35734
  0.00	2	2	S	1692238	                Enterobacter sp. FY-07
  0.00	1	1	S	1868135	                Enterobacter sp. HK169
  0.00	4	0	G	620	              Shigella
  0.00	2	0	S	623	                Shigella flexneri
  0.00	1	1	-	374923	                  Shigella flexneri 1a
  0.00	1	1	-	591020	                  Shigella flexneri 2002017
  0.00	1	0	S	621	                Shigella boydii
  0.00	1	1	-	344609	                  Shigella boydii CDC 3083-94
  0.00	1	1	S	624	                Shigella sonnei
  0.00	2	0	G	1330545	              Lelliottia
  0.00	1	1	S	61646	                Lelliottia amnigena
  0.00	1	1	S	1907578	                Lelliottia sp. PFL01
  0.00	1	0	G	160674	              Raoultella
  0.00	1	1	S	54291	                Raoultella ornithinolytica
  0.00	1	0	-	191675	              unclassified Enterobacteriaceae
  0.00	1	0	-	36866	                unclassified Enterobacteriaceae (miscellaneous)
  0.00	1	1	S	891974	                  Plautia stali symbiont
  0.00	1	1	G	413496	              Cronobacter
  0.01	7	1	F	1903411	            Yersiniaceae
  0.00	4	0	G	629	              Yersinia
  0.00	4	4	S	630	                Yersinia enterocolitica
  0.00	2	0	G	613	              Serratia
  0.00	2	2	S	61651	                Serratia ficaria
  0.01	5	0	F	1903414	            Morganellaceae
  0.00	4	3	G	583	              Proteus
  0.00	1	1	S	584	                Proteus mirabilis
  0.00	1	0	G	29487	              Photorhabdus
  0.00	1	1	S	291112	                Photorhabdus asymbiotica
  0.00	3	0	F	1903410	            Pectobacteriaceae
  0.00	2	0	G	204037	              Dickeya
  0.00	1	1	S	204039	                Dickeya dianthicola
  0.00	1	1	S	204042	                Dickeya zeae
  0.00	1	0	G	84565	              Sodalis
  0.00	1	0	S	63612	                Sodalis glossinidius
  0.00	1	1	-	343509	                  Sodalis glossinidius str. 'morsitans'
  0.00	2	0	F	1903409	            Erwiniaceae
  0.00	1	0	G	551	              Erwinia
  0.00	1	0	S	552	                Erwinia amylovora
  0.00	1	1	-	716540	                  Erwinia amylovora ATCC 49946
  0.00	1	0	G	53335	              Pantoea
  0.00	1	1	S	592316	                Pantoea sp. At-9b
  0.00	1	0	F	1903412	            Hafniaceae
  0.00	1	1	G	635	              Edwardsiella
  1.43	1305	0	O	135625	          Pasteurellales
  1.43	1305	27	F	712	            Pasteurellaceae
  1.38	1255	47	G	724	              Haemophilus
  1.24	1131	0	S	729	                Haemophilus parainfluenzae
  1.24	1131	1131	-	862965	                  Haemophilus parainfluenzae T3T1
  0.05	47	20	S	727	                Haemophilus influenzae
  0.01	11	11	-	862964	                  Haemophilus influenzae 10810
  0.00	4	4	-	1334187	                  Haemophilus influenzae KR494
  0.00	3	3	-	1232659	                  Haemophilus influenzae 2019
  0.00	3	3	-	1295140	                  Haemophilus influenzae CGSHiCZ412602
  0.00	2	2	-	262728	                  Haemophilus influenzae R2866
  0.00	1	1	-	262727	                  Haemophilus influenzae R2846
  0.00	1	1	-	281310	                  Haemophilus influenzae 86-028NP
  0.00	1	1	-	866630	                  Haemophilus influenzae F3031
  0.00	1	1	-	935897	                  Haemophilus influenzae F3047
  0.03	27	27	S	249188	                Haemophilus pittmaniae
  0.00	3	3	S	730	                [Haemophilus] ducreyi
  0.02	17	0	G	416916	              Aggregatibacter
  0.02	14	8	S	732	                Aggregatibacter aphrophilus
  0.01	6	6	-	634176	                  Aggregatibacter aphrophilus NJ8700
  0.00	3	3	S	714	                Aggregatibacter actinomycetemcomitans
  0.00	2	0	G	214906	              Histophilus
  0.00	2	1	S	731	                Histophilus somni
  0.00	1	1	-	205914	                  Haemophilus somnus 129PT
  0.00	1	0	G	745	              Pasteurella
  0.00	1	0	S	747	                Pasteurella multocida
  0.00	1	0	-	44283	                  Pasteurella multocida subsp. multocida
  0.00	1	1	-	1436299	                    Pasteurella multocida subsp. multocida str. HN07
  0.00	1	0	G	476528	              Bibersteinia
  0.00	1	1	S	47735	                Bibersteinia trehalosi
  0.00	1	0	G	697331	              Basfia
  0.00	1	0	S	157673	                [Mannheimia] succiniciproducens
  0.00	1	1	-	221988	                  Mannheimia succiniciproducens MBEL55E
  0.00	1	0	-	1524964	              unclassified Pasteurellaceae
  0.00	1	0	-	67757	                unclassified Pasteurellaceae (miscellaneous)
  0.00	1	1	S	1679001	                  Pasteurellaceae bacterium NI1060
  0.02	14	0	O	72274	          Pseudomonadales
  0.01	10	0	F	135621	            Pseudomonadaceae
  0.01	10	2	G	286	              Pseudomonas
  0.00	2	0	-	136841	                Pseudomonas aeruginosa group
  0.00	1	1	S	287	                  Pseudomonas aeruginosa
  0.00	1	0	S	300	                  Pseudomonas mendocina
  0.00	1	1	-	1225174	                    Pseudomonas mendocina S5.2
  0.00	1	1	S	53407	                Pseudomonas asplenii
  0.00	1	0	S	65741	                Pseudomonas knackmussii
  0.00	1	1	-	1301098	                  Pseudomonas knackmussii B13
  0.00	1	0	-	136846	                Pseudomonas stutzeri group
  0.00	1	0	-	578833	                  Pseudomonas stutzeri subgroup
  0.00	1	1	S	316	                    Pseudomonas stutzeri
  0.00	1	1	S	157783	                Pseudomonas cremoricolorata
  0.00	1	1	S	797277	                Pseudomonas litoralis
  0.00	1	1	S	1434072	                Pseudomonas salegens
  0.00	4	0	F	468	            Moraxellaceae
  0.00	4	1	G	469	              Acinetobacter
  0.00	2	2	-	909768	                Acinetobacter calcoaceticus/baumannii complex
  0.00	1	1	S	1608473	                Acinetobacter sp. NCu2D-2
  0.01	10	0	O	135622	          Alteromonadales
  0.01	6	0	F	72275	            Alteromonadaceae
  0.00	4	2	G	2742	              Marinobacter
  0.00	1	0	S	2743	                Marinobacter hydrocarbonoclasticus
  0.00	1	1	-	1163748	                  Marinobacter hydrocarbonoclasticus ATCC 49840
  0.00	1	0	S	1033846	                Marinobacter adhaerens
  0.00	1	1	-	225937	                  Marinobacter adhaerens HP15
  0.00	2	0	G	226	              Alteromonas
  0.00	1	1	S	28108	                Alteromonas macleodii
  0.00	1	1	S	715451	                Alteromonas naphthalenivorans
  0.00	3	0	F	267892	            Ferrimonadaceae
  0.00	3	0	G	44011	              Ferrimonas
  0.00	3	0	S	44012	                Ferrimonas balearica
  0.00	3	3	-	550540	                  Ferrimonas balearica DSM 9799
  0.00	1	0	F	267889	            Colwelliaceae
  0.00	1	0	G	28228	              Colwellia
  0.00	1	1	S	58049	                Colwellia sp. MT41
  0.01	8	0	O	135619	          Oceanospirillales
  0.01	5	0	F	28256	            Halomonadaceae
  0.00	3	0	G	2745	              Halomonas
  0.00	1	1	S	507626	                Halomonas chromatireducens
  0.00	1	1	S	1883416	                Halomonas sp. 1513
  0.00	1	1	S	1897729	                Halomonas aestuarii
  0.00	1	0	G	42054	              Chromohalobacter
  0.00	1	0	S	158080	                Chromohalobacter salexigens
  0.00	1	1	-	290398	                  Chromohalobacter salexigens DSM 3043
  0.00	1	0	-	114403	              Zymobacter group
  0.00	1	0	G	1495768	                Candidatus Evansia
  0.00	1	1	S	1495769	                  Candidatus Evansia muelleri
  0.00	1	0	F	135620	            Oceanospirillaceae
  0.00	1	0	G	48075	              Marinobacterium
  0.00	1	1	S	1821621	                Marinobacterium aestuarii
  0.00	1	0	F	191033	            Oleiphilaceae
  0.00	1	0	G	141450	              Oleiphilus
  0.00	1	1	S	141451	                Oleiphilus messinensis
  0.00	1	0	F	224379	            Hahellaceae
  0.00	1	0	G	305899	              Endozoicomonas
  0.00	1	0	S	1027273	                Endozoicomonas montiporae
  0.00	1	1	-	570277	                  Endozoicomonas montiporae CL-33
  0.01	5	0	O	135614	          Xanthomonadales
  0.00	3	1	F	32033	            Xanthomonadaceae
  0.00	1	0	G	338	              Xanthomonas
  0.00	1	0	S	339	                Xanthomonas campestris
  0.00	1	1	-	92826	                  Xanthomonas campestris pv. incanae
  0.00	1	0	G	40323	              Stenotrophomonas
  0.00	1	0	-	995085	                Stenotrophomonas maltophilia group
  0.00	1	1	S	40324	                  Stenotrophomonas maltophilia
  0.00	2	1	F	1775411	            Rhodanobacteraceae
  0.00	1	0	G	70411	              Frateuria
  0.00	1	0	S	81475	                Frateuria aurantia
  0.00	1	1	-	767434	                  Frateuria aurantia DSM 6220
  0.00	4	0	O	135613	          Chromatiales
  0.00	2	0	F	72276	            Ectothiorhodospiraceae
  0.00	1	0	G	106633	              Thioalkalivibrio
  0.00	1	1	S	106634	                Thioalkalivibrio versutus
  0.00	1	0	G	133193	              Alkalilimnicola
  0.00	1	0	S	351052	                Alkalilimnicola ehrlichii
  0.00	1	1	-	187272	                  Alkalilimnicola ehrlichii MLHE-1
  0.00	1	0	F	1046	            Chromatiaceae
  0.00	1	0	G	85076	              Marichromatium
  0.00	1	0	S	37487	                Marichromatium purpuratum
  0.00	1	1	-	765910	                  Marichromatium purpuratum 984
  0.00	1	0	F	255526	            Halothiobacillaceae
  0.00	1	0	G	109262	              Halothiobacillus
  0.00	1	0	S	927	                Halothiobacillus neapolitanus
  0.00	1	1	-	555778	                  Halothiobacillus neapolitanus c2
  0.00	3	0	O	135624	          Aeromonadales
  0.00	3	0	F	84642	            Aeromonadaceae
  0.00	2	0	G	642	              Aeromonas
  0.00	2	2	S	645	                Aeromonas salmonicida
  0.00	1	0	G	43947	              Tolumonas
  0.00	1	0	S	43948	                Tolumonas auensis
  0.00	1	1	-	595494	                  Tolumonas auensis DSM 9187
  0.00	2	0	O	72273	          Thiotrichales
  0.00	2	0	F	34064	            Francisellaceae
  0.00	2	1	G	262	              Francisella
  0.00	1	1	S	1547445	                Francisella sp. FSC1006
  0.00	2	0	O	135618	          Methylococcales
  0.00	2	0	F	403	            Methylococcaceae
  0.00	2	0	G	416	              Methylomonas
  0.00	1	0	S	421	                Methylomonas methanica
  0.00	1	1	-	857087	                  Methylomonas methanica MC09
  0.00	1	1	S	1727196	                Methylomonas sp. DH-1
  0.00	2	0	O	135623	          Vibrionales
  0.00	2	0	F	641	            Vibrionaceae
  0.00	2	0	G	662	              Vibrio
  0.00	1	1	S	55601	                Vibrio anguillarum
  0.00	1	1	S	1435069	                Vibrio tritonius
  0.00	2	0	O	1706369	          Cellvibrionales
  0.00	1	0	F	1706373	            Microbulbiferaceae
  0.00	1	0	G	48073	              Microbulbifer
  0.00	1	1	S	1769779	                Microbulbifer aggregans
  0.00	1	0	F	1706375	            Spongiibacteraceae
  0.00	1	0	G	1084558	              Oceanicoccus
  0.00	1	1	S	716816	                Oceanicoccus sagamiensis
  0.00	1	0	-	118884	          unclassified Gammaproteobacteria
  0.00	1	0	G	1608298	            Thiolapillus
  0.00	1	1	S	1076588	              Thiolapillus brandeum
  0.00	1	0	O	118969	          Legionellales
  0.00	1	1	F	444	            Legionellaceae
  0.00	1	0	O	1240482	          Orbales
  0.00	1	0	F	1240483	            Orbaceae
  0.00	1	0	G	1193503	              Gilliamella
  0.00	1	1	S	1196095	                Gilliamella apicola
  0.08	73	0	-	68525	        delta/epsilon subdivisions
  0.05	43	0	C	29547	          Epsilonproteobacteria
  0.05	43	0	O	213849	            Campylobacterales
  0.05	42	0	F	72294	              Campylobacteraceae
  0.05	41	8	G	194	                Campylobacter
  0.02	20	14	S	195	                  Campylobacter coli
  0.01	6	6	-	1183380	                    Campylobacter coli RM5611
  0.01	13	2	S	197	                  Campylobacter jejuni
  0.01	11	1	-	32022	                    Campylobacter jejuni subsp. jejuni
  0.01	10	10	-	478547	                      Campylobacter jejuni subsp. jejuni CG8421
  0.00	1	0	G	28196	                Arcobacter
  0.00	1	1	S	1850254	                  Arcobacter sp. LPB0137
  0.00	1	0	F	72293	              Helicobacteraceae
  0.00	1	0	G	209	                Helicobacter
  0.00	1	1	S	1591088	                  Helicobacter himalayensis
  0.03	30	3	C	28221	          Deltaproteobacteria
  0.02	15	0	O	213115	            Desulfovibrionales
  0.02	14	0	F	194924	              Desulfovibrionaceae
  0.01	11	2	G	872	                Desulfovibrio
  0.00	4	1	S	881	                  Desulfovibrio vulgaris
  0.00	2	2	-	883	                    Desulfovibrio vulgaris str. 'Miyazaki F'
  0.00	1	1	-	391774	                    Desulfovibrio vulgaris DP4
  0.00	2	2	S	901	                  Desulfovibrio piger
  0.00	1	0	S	873	                  Desulfovibrio africanus
  0.00	1	1	-	690850	                    Desulfovibrio africanus str. Walvis Bay
  0.00	1	0	S	876	                  Desulfovibrio desulfuricans
  0.00	1	1	-	641491	                    Desulfovibrio desulfuricans ND132
  0.00	1	1	S	44742	                  Desulfovibrio fairfieldensis
  0.00	3	0	G	2035811	                Pseudodesulfovibrio
  0.00	3	3	S	1716143	                  Pseudodesulfovibrio indicus
  0.00	1	0	F	213116	              Desulfomicrobiaceae
  0.00	1	0	G	898	                Desulfomicrobium
  0.00	1	0	S	899	                  Desulfomicrobium baculatum
  0.00	1	1	-	525897	                    Desulfomicrobium baculatum DSM 4028
  0.01	5	1	O	69541	            Desulfuromonadales
  0.00	3	0	F	213422	              Geobacteraceae
  0.00	3	0	G	28231	                Geobacter
  0.00	1	0	S	28232	                  Geobacter metallireducens
  0.00	1	1	-	269799	                    Geobacter metallireducens GS-15
  0.00	1	1	S	443144	                  Geobacter sp. M21
  0.00	1	0	S	1203471	                  Geobacter daltonii
  0.00	1	1	-	316067	                    Geobacter daltonii FRC-32
  0.00	1	0	F	213421	              Desulfuromonadaceae
  0.00	1	0	G	890	                Desulfuromonas
  0.00	1	1	S	1603606	                  Desulfuromonas soudanensis
  0.00	3	0	O	29	            Myxococcales
  0.00	3	0	-	80811	              Cystobacterineae
  0.00	2	0	F	39	                Archangiaceae
  0.00	1	0	G	40	                  Stigmatella
  0.00	1	0	S	41	                    Stigmatella aurantiaca
  0.00	1	1	-	378806	                      Stigmatella aurantiaca DW4/3-1
  0.00	1	0	G	47	                  Archangium
  0.00	1	1	S	48	                    Archangium gephyra
  0.00	1	0	F	1524215	                Anaeromyxobacteraceae
  0.00	1	0	G	161492	                  Anaeromyxobacter
  0.00	1	1	S	404589	                    Anaeromyxobacter sp. Fw109-5
  0.00	2	0	O	213118	            Desulfobacterales
  0.00	1	0	F	213119	              Desulfobacteraceae
  0.00	1	0	G	896	                Desulfococcus
  0.00	1	0	S	181663	                  Desulfococcus oleovorans
  0.00	1	1	-	96561	                    Desulfococcus oleovorans Hxd3
  0.00	1	0	F	213121	              Desulfobulbaceae
  0.00	1	0	G	427922	                Desulfurivibrio
  0.00	1	0	S	427923	                  Desulfurivibrio alkaliphilus
  0.00	1	1	-	589865	                    Desulfurivibrio alkaliphilus AHT 2
  0.00	2	0	O	213462	            Syntrophobacterales
  0.00	1	0	F	213465	              Syntrophobacteraceae
  0.00	1	0	G	29526	                Syntrophobacter
  0.00	1	0	S	119484	                  Syntrophobacter fumaroxidans
  0.00	1	1	-	335543	                    Syntrophobacter fumaroxidans MPOB
  0.00	1	0	F	213468	              Syntrophaceae
  0.00	1	0	G	43773	                Syntrophus
  0.00	1	0	S	316277	                  Syntrophus aciditrophicus
  0.00	1	1	-	56780	                    Syntrophus aciditrophicus SB
  0.07	63	2	C	28216	        Betaproteobacteria
  0.05	46	3	O	80840	          Burkholderiales
  0.03	26	1	-	119065	            unclassified Burkholderiales
  0.03	24	0	-	80841	              unclassified Burkholderiales (miscellaneous)
  0.03	24	24	S	1834205	                Burkholderiales bacterium YL45
  0.00	1	0	-	224471	              Burkholderiales Genera incertae sedis
  0.00	1	0	G	93681	                Roseateles
  0.00	1	1	S	76731	                  Roseateles depolymerans
  0.01	7	1	F	119060	            Burkholderiaceae
  0.00	4	1	G	32008	              Burkholderia
  0.00	1	1	S	28095	                Burkholderia gladioli
  0.00	1	1	-	87882	                Burkholderia cepacia complex
  0.00	1	0	-	111527	                pseudomallei group
  0.00	1	1	S	342113	                  Burkholderia oklahomensis
  0.00	2	0	G	93217	              Pandoraea
  0.00	1	1	S	93220	                Pandoraea pnomenusa
  0.00	1	1	S	573737	                Pandoraea oxalativorans
  0.01	6	2	F	80864	            Comamonadaceae
  0.00	1	0	G	34072	              Variovorax
  0.00	1	1	S	1034889	                Variovorax sp. HW608
  0.00	1	0	G	47420	              Hydrogenophaga
  0.00	1	1	S	1842537	                Hydrogenophaga sp. RAC07
  0.00	1	0	-	83494	              unclassified Comamonadaceae
  0.00	1	1	S	1458426	                Comamonadaceae bacterium B1
  0.00	1	0	G	201096	              Alicycliphilus
  0.00	1	1	S	179636	                Alicycliphilus denitrificans
  0.00	3	0	F	506	            Alcaligenaceae
  0.00	3	0	G	517	              Bordetella
  0.00	1	1	S	123899	                Bordetella trematum
  0.00	1	1	S	463014	                Bordetella flabilis
  0.00	1	1	S	1746199	                Bordetella sp. N
  0.00	1	0	F	75682	            Oxalobacteraceae
  0.00	1	0	G	202907	              Collimonas
  0.00	1	1	S	279058	                Collimonas arenae
  0.01	10	0	O	206351	          Neisseriales
  0.01	7	0	F	481	            Neisseriaceae
  0.01	5	1	G	482	              Neisseria
  0.00	1	1	S	490	                Neisseria sicca
  0.00	1	1	S	655307	                Neisseria sp. KEM232
  0.00	1	1	S	1853276	                Neisseria sp. 10022
  0.00	1	1	S	1853278	                Neisseria sp. 10023
  0.00	1	0	G	59	              Vitreoscilla
  0.00	1	1	S	63	                Vitreoscilla filiformis
  0.00	1	0	G	538	              Eikenella
  0.00	1	1	S	539	                Eikenella corrodens
  0.00	3	0	F	1499392	            Chromobacteriaceae
  0.00	2	0	G	187	              Aquaspirillum
  0.00	2	2	S	1938604	                Aquaspirillum sp. LM1
  0.00	1	0	-	90153	              Chromobacterium group
  0.00	1	0	G	535	                Chromobacterium
  0.00	1	0	S	536	                  Chromobacterium violaceum
  0.00	1	1	-	243365	                    Chromobacterium violaceum ATCC 12472
  0.00	3	0	O	206389	          Rhodocyclales
  0.00	2	0	F	2008795	            Azonexaceae
  0.00	2	0	G	73029	              Dechloromonas
  0.00	2	0	S	259537	                Dechloromonas aromatica
  0.00	2	2	-	159087	                  Dechloromonas aromatica RCB
  0.00	1	0	F	75787	            Rhodocyclaceae
  0.00	1	0	G	146937	              Azospira
  0.00	1	0	S	146939	                Azospira oryzae
  0.00	1	1	-	640081	                  Dechlorosoma suillum PS
  0.00	2	0	O	32003	          Nitrosomonadales
  0.00	1	0	F	206379	            Nitrosomonadaceae
  0.00	1	0	G	35798	              Nitrosospira
  0.00	1	1	S	1288494	                Nitrosospira lacus
  0.00	1	0	F	2008790	            Thiobacillaceae
  0.00	1	0	G	919	              Thiobacillus
  0.00	1	0	S	36861	                Thiobacillus denitrificans
  0.00	1	1	-	292415	                  Thiobacillus denitrificans ATCC 25259
  0.05	47	7	C	28211	        Alphaproteobacteria
  0.02	18	0	O	356	          Rhizobiales
  0.01	5	0	F	82115	            Rhizobiaceae
  0.01	5	1	-	227290	              Rhizobium/Agrobacterium group
  0.00	4	2	G	379	                Rhizobium
  0.00	1	0	S	29449	                  Rhizobium etli
  0.00	1	1	-	538025	                    Rhizobium etli 8C-3
  0.00	1	1	S	348824	                  Rhizobium favelukesii
  0.00	4	0	F	69277	            Phyllobacteriaceae
  0.00	3	0	G	68287	              Mesorhizobium
  0.00	2	1	S	381	                Mesorhizobium loti
  0.00	1	1	-	266835	                  Mesorhizobium loti MAFF303099
  0.00	1	0	S	536018	                Mesorhizobium australicum
  0.00	1	1	-	754035	                  Mesorhizobium australicum WSM2073
  0.00	1	0	G	245876	              Nitratireductor
  0.00	1	1	S	472175	                Nitratireductor basaltis
  0.00	3	2	F	41294	            Bradyrhizobiaceae
  0.00	1	0	G	1073	              Rhodopseudomonas
  0.00	1	0	S	1076	                Rhodopseudomonas palustris
  0.00	1	1	-	316057	                  Rhodopseudomonas palustris BisB5
  0.00	3	0	F	119045	            Methylobacteriaceae
  0.00	3	1	G	407	              Methylobacterium
  0.00	2	2	S	270351	                Methylobacterium aquaticum
  0.00	2	0	F	335928	            Xanthobacteraceae
  0.00	2	0	G	279	              Xanthobacter
  0.00	2	0	S	280	                Xanthobacter autotrophicus
  0.00	2	2	-	78245	                  Xanthobacter autotrophicus Py2
  0.00	1	0	F	255475	            Aurantimonadaceae
  0.00	1	0	G	414371	              Aureimonas
  0.00	1	1	S	1349819	                Aureimonas sp. AU20
  0.01	6	0	O	204458	          Caulobacterales
  0.01	6	0	F	76892	            Caulobacteraceae
  0.00	3	0	G	75	              Caulobacter
  0.00	2	2	S	155892	                Caulobacter vibrioides
  0.00	1	0	S	88688	                Caulobacter segnis
  0.00	1	1	-	509190	                  Caulobacter segnis ATCC 21756
  0.00	1	0	G	20	              Phenylobacterium
  0.00	1	0	S	284016	                Phenylobacterium zucineum
  0.00	1	1	-	450851	                  Phenylobacterium zucineum HLK1
  0.00	1	0	G	41275	              Brevundimonas
  0.00	1	1	S	1938605	                Brevundimonas sp. LM2
  0.00	1	0	G	76890	              Asticcacaulis
  0.00	1	0	S	78587	                Asticcacaulis excentricus
  0.00	1	1	-	573065	                  Asticcacaulis excentricus CB 48
  0.01	5	0	O	204441	          Rhodospirillales
  0.00	4	0	F	41295	            Rhodospirillaceae
  0.00	3	0	G	191	              Azospirillum
  0.00	2	2	S	192	                Azospirillum brasilense
  0.00	1	1	S	528244	                Azospirillum thiophilum
  0.00	1	0	G	168934	              Thalassospira
  0.00	1	0	S	220697	                Thalassospira xiamenensis
  0.00	1	1	-	1123366	                  Thalassospira xiamenensis M-5 = DSM 17429
  0.00	1	0	F	433	            Acetobacteraceae
  0.00	1	0	G	364409	              Granulibacter
  0.00	1	1	S	364410	                Granulibacter bethesdensis
  0.01	5	0	O	204455	          Rhodobacterales
  0.00	4	0	F	31989	            Rhodobacteraceae
  0.00	2	0	G	1060	              Rhodobacter
  0.00	1	0	S	1061	                Rhodobacter capsulatus
  0.00	1	1	-	272942	                  Rhodobacter capsulatus SB 1003
  0.00	1	0	S	1063	                Rhodobacter sphaeroides
  0.00	1	1	-	349102	                  Rhodobacter sphaeroides ATCC 17025
  0.00	1	0	G	34008	              Rhodovulum
  0.00	1	1	S	35806	                Rhodovulum sulfidophilum
  0.00	1	0	G	1759396	              Marivivens
  0.00	1	1	S	1920883	                Marivivens sp. JLT3646
  0.00	1	0	F	69657	            Hyphomonadaceae
  0.00	1	0	G	74317	              Maricaulis
  0.00	1	0	S	74318	                Maricaulis maris
  0.00	1	1	-	394221	                  Maricaulis maris MCS10
  0.01	5	1	O	204457	          Sphingomonadales
  0.00	3	1	F	41297	            Sphingomonadaceae
  0.00	1	0	G	165695	              Sphingobium
  0.00	1	1	S	120107	                Sphingobium cloacae
  0.00	1	0	G	1434046	              Sphingorhabdus
  0.00	1	1	S	266812	                Sphingorhabdus flavimaris
  0.00	1	0	F	335929	            Erythrobacteraceae
  0.00	1	0	G	361177	              Altererythrobacter
  0.00	1	1	S	361183	                Altererythrobacter epoxidivorans
  0.00	1	0	-	82117	          unclassified Alphaproteobacteria
  0.00	1	0	G	213485	            Micavibrio
  0.00	1	1	S	349221	              Micavibrio aeruginosavorus
  1.21	1098	0	P	32066	      Fusobacteria
  1.21	1098	0	C	203490	        Fusobacteriia
  1.21	1098	1	O	203491	          Fusobacteriales
  1.20	1093	0	F	203492	            Fusobacteriaceae
  1.20	1092	5	G	848	              Fusobacterium
  1.19	1081	1081	S	856	                Fusobacterium varium
  0.01	6	4	S	851	                Fusobacterium nucleatum
  0.00	1	1	-	76857	                  Fusobacterium nucleatum subsp. polymorphum
  0.00	1	1	-	76859	                  Fusobacterium nucleatum subsp. animalis
  0.00	1	0	G	167639	              Ilyobacter
  0.00	1	0	S	167642	                Ilyobacter polytropus
  0.00	1	1	-	572544	                  Ilyobacter polytropus DSM 2926
  0.00	4	0	F	1129771	            Leptotrichiaceae
  0.00	2	1	G	32067	              Leptotrichia
  0.00	1	1	S	712357	                Leptotrichia sp. oral taxon 212
  0.00	1	0	G	32068	              Sebaldella
  0.00	1	0	S	826	                Sebaldella termitidis
  0.00	1	1	-	526218	                  Sebaldella termitidis ATCC 33386
  0.00	1	0	G	34104	              Streptobacillus
  0.00	1	0	S	34105	                Streptobacillus moniliformis
  0.00	1	1	-	519441	                  Streptobacillus moniliformis DSM 12112
  0.02	14	0	P	203691	      Spirochaetes
  0.02	14	0	C	203692	        Spirochaetia
  0.01	12	0	O	136	          Spirochaetales
  0.01	12	0	F	137	            Spirochaetaceae
  0.01	10	4	G	157	              Treponema
  0.00	2	0	S	158	                Treponema denticola
  0.00	1	1	-	999430	                  Treponema denticola ATCC 35404
  0.00	1	1	-	999431	                  Treponema denticola H1-T
  0.00	2	2	S	1539298	                Treponema sp. OMZ 838
  0.00	1	0	S	81028	                Treponema brennaborense
  0.00	1	1	-	906968	                  Treponema brennaborense DSM 12168
  0.00	1	1	S	221027	                Treponema putidum
  0.00	1	0	G	146	              Spirochaeta
  0.00	1	0	S	46355	                Spirochaeta africana
  0.00	1	1	-	889378	                  Spirochaeta africana DSM 8902
  0.00	1	0	G	1616789	              Salinispira
  0.00	1	1	S	1307761	                Salinispira pacifica
  0.00	2	0	O	1643686	          Brachyspirales
  0.00	2	0	F	143786	            Brachyspiraceae
  0.00	2	0	G	29521	              Brachyspira
  0.00	1	1	S	52584	                Brachyspira pilosicoli
  0.00	1	0	S	84377	                Brachyspira intermedia
  0.00	1	1	-	1045858	                  Brachyspira intermedia PWS/A
  0.01	7	0	-	1783257	      PVC group
  0.01	5	0	P	74201	        Verrucomicrobia
  0.00	2	0	C	203494	          Verrucomicrobiae
  0.00	2	0	O	48461	            Verrucomicrobiales
  0.00	1	0	F	203557	              Verrucomicrobiaceae
  0.00	1	0	-	490346	                unclassified Verrucomicrobiaceae
  0.00	1	1	S	1882831	                  Verrucomicrobiaceae bacterium GAS474
  0.00	1	0	F	1647988	              Akkermansiaceae
  0.00	1	0	G	239934	                Akkermansia
  0.00	1	1	S	239935	                  Akkermansia muciniphila
  0.00	1	0	-	326457	          unclassified Verrucomicrobia
  0.00	1	0	-	417295	            unclassified Verrucomicrobia (miscellaneous)
  0.00	1	1	S	1637999	              Verrucomicrobia bacterium IMCC26134
  0.00	1	0	C	414999	          Opitutae
  0.00	1	0	O	415000	            Opitutales
  0.00	1	0	F	134623	              Opitutaceae
  0.00	1	0	-	278955	                unclassified Opitutaceae
  0.00	1	1	S	794903	                  Opitutaceae bacterium TAV5
  0.00	1	0	C	1955630	          Methylacidiphilae
  0.00	1	0	O	717963	            Methylacidiphilales
  0.00	1	0	F	717964	              Methylacidiphilaceae
  0.00	1	0	G	511745	                Methylacidiphilum
  0.00	1	0	S	591154	                  Methylacidiphilum fumariolicum
  0.00	1	1	-	1156937	                    Methylacidiphilum fumariolicum SolV
  0.00	2	0	P	203682	        Planctomycetes
  0.00	2	0	C	203683	          Planctomycetia
  0.00	2	0	O	112	            Planctomycetales
  0.00	2	0	F	126	              Planctomycetaceae
  0.00	1	0	G	1649480	                Planctopirus
  0.00	1	0	S	120	                  Planctopirus limnophila
  0.00	1	1	-	521674	                    Planctopirus limnophila DSM 3776
  0.00	1	0	G	1936111	                Fuerstia
  0.00	1	1	S	1891926	                  Fuerstia marisgermanicae
  0.00	4	0	P	508458	      Synergistetes
  0.00	4	0	C	649775	        Synergistia
  0.00	4	0	O	649776	          Synergistales
  0.00	4	0	F	649777	            Synergistaceae
  0.00	3	0	G	428711	              Jonquetella
  0.00	3	0	S	428712	                Jonquetella anthropi
  0.00	3	3	-	885272	                  Jonquetella anthropi DSM 22815
  0.00	1	0	G	508459	              Cloacibacillus
  0.00	1	1	S	1197717	                Cloacibacillus porcorum
  0.00	2	0	-	2323	      unclassified Bacteria
  0.00	2	0	-	1783234	        Bacteria candidate phyla
  0.00	2	0	P	95818	          Candidatus Saccharibacteria
  0.00	2	2	S	1476577	            Candidatus Saccharibacteria oral taxon TM7x
  0.00	2	0	P	57723	      Acidobacteria
  0.00	2	0	C	204432	        Acidobacteriia
  0.00	2	0	O	204433	          Acidobacteriales
  0.00	2	0	F	204434	            Acidobacteriaceae
  0.00	2	1	G	392733	              Terriglobus
  0.00	1	0	S	870903	                Terriglobus saanensis
  0.00	1	1	-	401053	                  Terriglobus saanensis SP1PR4
  0.00	1	0	P	67814	      Caldiserica
  0.00	1	0	C	693071	        Caldisericia
  0.00	1	0	O	693072	          Caldisericales
  0.00	1	0	F	693073	            Caldisericaceae
  0.00	1	0	G	693074	              Caldisericum
  0.00	1	0	S	693075	                Caldisericum exile
  0.00	1	1	-	511051	                  Caldisericum exile AZM16c01
  0.00	1	0	P	200783	      Aquificae
  0.00	1	0	C	187857	        Aquificae
  0.00	1	0	O	32069	          Aquificales
  0.00	1	0	F	224027	            Hydrogenothermaceae
  0.00	1	0	G	182899	              Persephonella
  0.00	1	0	S	309805	                Persephonella marina
  0.00	1	1	-	123214	                  Persephonella marina EX-H1
  0.00	1	0	P	200918	      Thermotogae
  0.00	1	0	C	188708	        Thermotogae
  0.00	1	0	O	2419	          Thermotogales
  0.00	1	0	F	1643950	            Fervidobacteriaceae
  0.00	1	1	G	2420	              Thermosipho
  0.00	1	0	P	200940	      Thermodesulfobacteria
  0.00	1	0	C	67799	        Thermodesulfobacteria
  0.00	1	0	O	188710	          Thermodesulfobacteriales
  0.00	1	0	F	188711	            Thermodesulfobacteriaceae
  0.00	1	0	G	1740	              Thermodesulfobacterium
  0.00	1	0	S	1741	                Thermodesulfobacterium commune
  0.00	1	1	-	289377	                  Thermodesulfobacterium commune DSM 2178
  0.00	3	0	D	2157	    Archaea
  0.00	3	0	P	28890	      Euryarchaeota
  0.00	2	0	C	183925	        Methanobacteria
  0.00	2	0	O	2158	          Methanobacteriales
  0.00	2	0	F	2159	            Methanobacteriaceae
  0.00	1	0	G	2160	              Methanobacterium
  0.00	1	1	S	1379702	                Methanobacterium sp. MB1
  0.00	1	0	G	2172	              Methanobrevibacter
  0.00	1	1	S	294671	                Methanobrevibacter olleyae
  0.00	1	0	C	224756	        Methanomicrobia
  0.00	1	0	O	2191	          Methanomicrobiales
  0.00	1	0	F	1198451	            Methanoregulaceae
  0.00	1	0	G	475087	              Methanosphaerula
  0.00	1	0	S	475088	                Methanosphaerula palustris
  0.00	1	1	-	521011	                  Methanosphaerula palustris E1-9c
  0.00	4	0	D	10239	  Viruses
  0.00	3	0	-	35237	    dsDNA viruses, no RNA stage
  0.00	2	0	O	28883	      Caudovirales
  0.00	2	0	F	10699	        Siphoviridae
  0.00	2	1	-	196894	          unclassified Siphoviridae
  0.00	1	1	S	432201	            Enterobacteria phage HK544
  0.00	1	0	F	10240	      Poxviridae
  0.00	1	0	-	10241	        Chordopoxvirinae
  0.00	1	0	-	40070	          unclassified Chordopoxvirinae
  0.00	1	1	S	67082	            BeAn 58058 virus
  0.00	1	0	-	35268	    Retro-transcribing viruses
  0.00	1	0	F	11632	      Retroviridae
  0.00	1	0	-	35276	        unclassified Retroviridae
  0.00	1	0	-	206037	          Human endogenous retroviruses
  0.00	1	0	S	45617	            Human endogenous retrovirus K
  0.00	1	1	-	166122	              Human endogenous retrovirus K113
