 68.11	50779	50779	U	0	unclassified
 31.89	23775	17	-	1	root
 31.87	23758	2	-	131567	  cellular organisms
 31.86	23752	281	D	2	    Bacteria
 17.07	12723	68	-	1783272	      Terrabacteria group
 14.29	10654	167	P	1239	        Firmicutes
 13.65	10179	3	C	186801	          Clostridia
 13.65	10175	225	O	186802	            Clostridiales
  7.89	5879	134	F	186803	              Lachnospiraceae
  5.48	4088	144	G	1506553	                Lachnoclostridium
  4.74	3532	3532	S	208479	                  [Clostridium] bolteae
  0.33	244	244	S	1834196	                  Lachnoclostridium sp. YL32
  0.12	86	0	S	84030	                  [Clostridium] saccharolyticum
  0.12	86	86	-	610130	                    [Clostridium] saccharolyticum WM1
  0.10	77	77	S	1871021	                  Lachnoclostridium phocaeense
  0.01	5	0	S	66219	                  Lachnoclostridium phytofermentans
  0.01	5	5	-	357809	                    Lachnoclostridium phytofermentans ISDg
  1.87	1392	0	G	841	                Roseburia
  1.87	1392	0	S	301301	                  Roseburia hominis
  1.87	1392	1392	-	585394	                    Roseburia hominis A2-183
  0.18	131	25	G	572511	                Blautia
  0.14	104	0	S	1322	                  Blautia hansenii
  0.14	104	104	-	537007	                    Blautia hansenii DSM 20583
  0.00	2	2	S	1796616	                  Blautia sp. YL58
  0.12	87	0	-	186928	                unclassified Lachnospiraceae
  0.12	87	0	S	39491	                  [Eubacterium] rectale
  0.12	87	87	-	515619	                    [Eubacterium] rectale ATCC 33656
  0.05	36	0	G	207244	                Anaerostipes
  0.05	36	36	S	649756	                  Anaerostipes hadrus
  0.01	6	0	G	2039240	                Anaerotignum
  0.01	6	0	S	28446	                  Anaerotignum propionicum
  0.01	6	6	-	991789	                    Anaerotignum propionicum DSM 1682
  0.01	4	0	G	830	                Butyrivibrio
  0.00	2	0	S	43305	                  Butyrivibrio proteoclasticus
  0.00	2	2	-	515622	                    Butyrivibrio proteoclasticus B316
  0.00	2	2	S	185008	                  Butyrivibrio hungatei
  0.00	1	0	G	698776	                Cellulosilyticum
  0.00	1	0	S	29360	                  Cellulosilyticum lentocellum
  0.00	1	1	-	642492	                    Clostridium lentocellum DSM 5427
  2.35	1753	16	-	186813	              unclassified Clostridiales
  2.00	1493	0	G	946234	                Flavonifractor
  2.00	1493	1493	S	292800	                  Flavonifractor plautii
  0.33	244	0	G	1392389	                Intestinimonas
  0.33	244	244	S	1297617	                  Intestinimonas butyriciproducens
  1.42	1057	54	F	541000	              Ruminococcaceae
  1.32	982	8	G	1263	                Ruminococcus
  1.24	921	921	S	1160721	                  Ruminococcus bicirculans
  0.06	46	0	S	1161942	                  Ruminococcus champanellensis
  0.06	46	46	-	213810	                    Ruminococcus champanellensis 18P13 = JCM 17042
  0.01	7	0	S	1264	                  Ruminococcus albus
  0.01	7	7	-	697329	                    Ruminococcus albus 7 = DSM 20455
  0.01	8	0	-	552397	                unclassified Ruminococcaceae
  0.01	8	8	S	1572656	                  Ruminococcaceae bacterium CPB6
  0.01	6	0	G	253238	                Ethanoligenens
  0.01	6	0	S	253239	                  Ethanoligenens harbinense
  0.01	6	6	-	663278	                    Ethanoligenens harbinense YUAN-3
  0.01	5	0	G	1508657	                Ruminiclostridium
  0.00	2	2	S	29343	                  [Clostridium] cellulosi
  0.00	1	1	S	1510	                  [Clostridium] stercorarium
  0.00	1	0	S	1521	                  [Clostridium] cellulolyticum
  0.00	1	1	-	394503	                    [Clostridium] cellulolyticum H10
  0.00	1	0	S	288965	                  [Clostridium] clariflavum
  0.00	1	1	-	720554	                    [Clostridium] clariflavum DSM 19732
  0.00	2	0	G	1637257	                Mageeibacillus
  0.00	2	0	S	884684	                  Mageeibacillus indolicus
  0.00	2	2	-	699246	                    Mageeibacillus indolicus UPII9-5
  1.29	964	0	F	186806	              Eubacteriaceae
  1.29	964	1	G	1730	                Eubacterium
  1.12	834	0	S	39485	                  [Eubacterium] eligens
  1.12	834	834	-	515620	                    [Eubacterium] eligens ATCC 27750
  0.10	75	75	S	39488	                  [Eubacterium] hallii
  0.06	43	7	S	1736	                  Eubacterium limosum
  0.05	36	36	-	903814	                    Eubacterium limosum KIST612
  0.01	11	0	S	29322	                  [Eubacterium] cellulosolvens
  0.01	11	11	-	633697	                    [Eubacterium] cellulosolvens 6
  0.15	110	0	F	186804	              Peptostreptococcaceae
  0.15	109	0	G	1870884	                Clostridioides
  0.15	109	52	S	1496	                  Clostridioides difficile
  0.04	29	29	-	499174	                    Clostridioides difficile QCD-23m63
  0.01	10	10	-	479831	                    Clostridioides difficile QCD-63q42
  0.01	9	9	-	499175	                    Clostridioides difficile ATCC 43255
  0.01	9	9	-	699037	                    Clostridioides difficile M68
  0.00	1	0	G	44259	                Filifactor
  0.00	1	0	S	143361	                  Filifactor alocis
  0.00	1	1	-	546269	                    Filifactor alocis ATCC 35896
  0.08	59	0	F	216572	              Oscillospiraceae
  0.08	59	0	G	459786	                Oscillibacter
  0.08	59	0	S	351091	                  Oscillibacter valericigenes
  0.08	59	59	-	693746	                    Oscillibacter valericigenes Sjm18-20
  0.08	57	0	F	990719	              Christensenellaceae
  0.08	57	0	G	990721	                Christensenella
  0.08	57	57	S	1805714	                  Christensenella massiliensis
  0.05	40	1	F	186807	              Peptococcaceae
  0.03	19	0	G	51196	                Syntrophobotulus
  0.03	19	0	S	51197	                  Syntrophobotulus glycolicus
  0.03	19	19	-	645991	                    Syntrophobotulus glycolicus DSM 8271
  0.01	8	1	G	36853	                Desulfitobacterium
  0.01	4	1	S	49338	                  Desulfitobacterium hafniense
  0.00	3	3	-	138119	                    Desulfitobacterium hafniense Y51
  0.00	1	0	S	36854	                  Desulfitobacterium dehalogenans
  0.00	1	1	-	756499	                    Desulfitobacterium dehalogenans ATCC 51507
  0.00	1	0	S	142877	                  Desulfitobacterium metallireducens
  0.00	1	1	-	871968	                    Desulfitobacterium metallireducens DSM 15288
  0.00	1	0	S	233055	                  Desulfitobacterium dichloroeliminans
  0.00	1	1	-	871963	                    Desulfitobacterium dichloroeliminans LMG P-21439
  0.01	6	1	G	1562	                Desulfotomaculum
  0.00	3	0	S	102134	                  Desulfotomaculum gibsoniae
  0.00	3	3	-	767817	                    Desulfotomaculum gibsoniae DSM 7213
  0.00	1	0	S	1564	                  Desulfotomaculum ruminis
  0.00	1	1	-	696281	                    Desulfotomaculum ruminis DSM 2154
  0.00	1	1	S	1833852	                  Desulfotomaculum ferrireducens
  0.01	5	0	G	51514	                Dehalobacterium
  0.01	5	5	S	51515	                  Dehalobacterium formicoaceticum
  0.00	1	0	G	56112	                Dehalobacter
  0.00	1	0	S	55583	                  Dehalobacter restrictus
  0.00	1	1	-	871738	                    Dehalobacter restrictus DSM 9455
  0.03	26	0	F	31979	              Clostridiaceae
  0.03	26	3	G	1485	                Clostridium
  0.01	8	8	S	1042156	                  Clostridium sp. SY8519
  0.01	7	7	S	1502	                  Clostridium perfringens
  0.00	2	0	S	1513	                  Clostridium tetani
  0.00	2	2	-	1231072	                    Clostridium tetani 12124569
  0.00	1	0	S	1491	                  Clostridium botulinum
  0.00	1	1	-	929506	                    Clostridium botulinum BKT015925
  0.00	1	1	S	1520	                  Clostridium beijerinckii
  0.00	1	1	S	1534	                  Clostridium kluyveri
  0.00	1	1	S	29341	                  Clostridium argentinense
  0.00	1	1	S	641107	                  Clostridium sp. DL-VIII
  0.00	1	1	S	755731	                  Clostridium sp. BNL1100
  0.00	3	0	F	543349	              Symbiobacteriaceae
  0.00	3	0	G	2733	                Symbiobacterium
  0.00	3	0	S	2734	                  Symbiobacterium thermophilum
  0.00	3	3	-	292459	                    Symbiobacterium thermophilum IAM 14863
  0.00	2	0	-	538999	              Clostridiales incertae sedis
  0.00	2	0	F	543314	                Clostridiales Family XIII. Incertae Sedis
  0.00	2	0	G	86331	                  Mogibacterium
  0.00	2	2	S	86332	                    Mogibacterium pumilum
  0.00	1	0	O	68295	            Thermoanaerobacterales
  0.00	1	0	F	543371	              Thermoanaerobacterales Family III. Incertae Sedis
  0.00	1	0	G	28895	                Thermoanaerobacterium
  0.00	1	0	S	29329	                  Thermoanaerobacterium xylanolyticum
  0.00	1	1	-	858215	                    Thermoanaerobacterium xylanolyticum LX-11
  0.19	143	0	C	91061	          Bacilli
  0.14	101	12	O	186826	            Lactobacillales
  0.09	70	0	F	1300	              Streptococcaceae
  0.09	68	8	G	1301	                Streptococcus
  0.02	17	0	S	1307	                  Streptococcus suis
  0.02	15	15	-	423211	                    Streptococcus suis GZ1
  0.00	2	2	-	1004952	                    Streptococcus suis D12
  0.02	16	0	-	671232	                  Streptococcus anginosus group
  0.02	16	16	S	1328	                    Streptococcus anginosus
  0.02	14	14	S	1311	                  Streptococcus agalactiae
  0.01	7	0	S	1314	                  Streptococcus pyogenes
  0.01	7	0	-	342023	                    Streptococcus pyogenes serotype M12
  0.01	7	7	-	370553	                      Streptococcus pyogenes MGAS2096
  0.00	3	3	S	1326	                  Streptococcus acidominimus
  0.00	1	1	S	1303	                  Streptococcus oralis
  0.00	1	1	S	1304	                  Streptococcus salivarius
  0.00	1	0	-	119603	                  Streptococcus dysgalactiae group
  0.00	1	0	S	1334	                    Streptococcus dysgalactiae
  0.00	1	0	-	119602	                      Streptococcus dysgalactiae subsp. equisimilis
  0.00	1	1	-	486410	                        Streptococcus dysgalactiae subsp. equisimilis GGS_124
  0.00	2	0	G	1357	                Lactococcus
  0.00	2	0	S	1358	                  Lactococcus lactis
  0.00	2	1	-	1359	                    Lactococcus lactis subsp. cremoris
  0.00	1	1	-	1104322	                      Lactococcus lactis subsp. cremoris A76
  0.02	15	0	F	81852	              Enterococcaceae
  0.02	15	2	G	1350	                Enterococcus
  0.01	11	10	S	1352	                  Enterococcus faecium
  0.00	1	1	-	1155766	                    Enterococcus faecium Aus0004
  0.00	2	1	S	1354	                  Enterococcus hirae
  0.00	1	1	-	768486	                    Enterococcus hirae ATCC 9790
  0.00	3	0	F	33958	              Lactobacillaceae
  0.00	2	1	G	1578	                Lactobacillus
  0.00	1	1	S	1613	                  Lactobacillus fermentum
  0.00	1	0	G	1253	                Pediococcus
  0.00	1	1	S	1255	                  Pediococcus pentosaceus
  0.00	1	0	F	186827	              Aerococcaceae
  0.00	1	0	G	1375	                Aerococcus
  0.00	1	1	S	119206	                  Aerococcus sanguinicola
  0.06	42	3	O	1385	            Bacillales
  0.03	20	0	F	186822	              Paenibacillaceae
  0.02	18	5	G	44249	                Paenibacillus
  0.00	2	1	S	61624	                  Paenibacillus mucilaginosus
  0.00	1	1	-	1116391	                    Paenibacillus mucilaginosus 3016
  0.00	2	2	S	414771	                  Paenibacillus donghaensis
  0.00	2	2	S	1536769	                  Paenibacillus sp. FSL P4-0081
  0.00	1	1	S	162209	                  Paenibacillus naphthalenovorans
  0.00	1	1	S	189425	                  Paenibacillus graminis
  0.00	1	1	S	324057	                  Paenibacillus sp. JDR-2
  0.00	1	0	S	365617	                  Paenibacillus sabinae
  0.00	1	1	-	1268072	                    Paenibacillus sabinae T27
  0.00	1	1	S	1536773	                  Paenibacillus sp. FSL R7-0331
  0.00	1	1	S	1536774	                  Paenibacillus sp. FSL H7-0357
  0.00	1	1	S	1536775	                  Paenibacillus sp. FSL H7-0737
  0.00	1	1	G	55080	                Brevibacillus
  0.00	1	0	G	76632	                Thermobacillus
  0.00	1	0	S	377615	                  Thermobacillus composti
  0.00	1	1	-	717605	                    Thermobacillus composti KWC4
  0.01	11	0	F	186817	              Bacillaceae
  0.01	11	4	G	1386	                Bacillus
  0.00	3	1	-	653685	                  Bacillus subtilis group
  0.00	1	1	S	1423	                    Bacillus subtilis
  0.00	1	1	S	1648923	                    Bacillus paralicheniformis
  0.00	1	0	-	86661	                  Bacillus cereus group
  0.00	1	0	S	1396	                    Bacillus cereus
  0.00	1	1	-	526968	                      Bacillus cereus R309803
  0.00	1	1	S	199441	                  Bacillus krulwichiae
  0.00	1	1	S	632773	                  Bacillus beveridgei
  0.00	1	1	S	1441095	                  Bacillus gobiensis
  0.01	4	0	F	186823	              Alicyclobacillaceae
  0.00	3	0	G	432330	                Tumebacillus
  0.00	2	2	S	1214604	                  Tumebacillus algifaecis
  0.00	1	1	S	1903704	                  Tumebacillus sp. AR23208
  0.00	1	0	G	29330	                Alicyclobacillus
  0.00	1	0	S	405212	                  Alicyclobacillus acidocaldarius
  0.00	1	0	-	1388	                    Alicyclobacillus acidocaldarius subsp. acidocaldarius
  0.00	1	1	-	521098	                      Alicyclobacillus acidocaldarius subsp. acidocaldarius DSM 446
  0.00	2	0	F	186818	              Planococcaceae
  0.00	1	0	G	1372	                Planococcus
  0.00	1	1	S	192421	                  Planococcus maritimus
  0.00	1	0	G	648802	                Rummeliibacillus
  0.00	1	1	S	241244	                  Rummeliibacillus stabekisii
  0.00	1	0	F	90964	              Staphylococcaceae
  0.00	1	0	G	1279	                Staphylococcus
  0.00	1	1	S	985762	                  Staphylococcus agnetis
  0.00	1	0	-	539002	              Bacillales incertae sedis
  0.00	1	0	-	539742	                Bacillales Family XII. Incertae Sedis
  0.00	1	0	G	33986	                  Exiguobacterium
  0.00	1	0	S	332410	                    Exiguobacterium sibiricum
  0.00	1	1	-	262543	                      Exiguobacterium sibiricum 255-15
  0.17	126	0	C	526524	          Erysipelotrichia
  0.17	126	0	O	526525	            Erysipelotrichales
  0.17	126	20	F	128827	              Erysipelotrichaceae
  0.12	93	0	G	1573534	                Faecalitalea
  0.12	93	0	S	39483	                  Faecalitalea cylindroides
  0.12	93	93	-	717960	                    Faecalitalea cylindroides T2-87
  0.01	10	0	G	191303	                Turicibacter
  0.01	10	10	S	1712675	                  Turicibacter sp. H121
  0.00	2	0	G	1729679	                Faecalibaculum
  0.00	2	2	S	1702221	                  Faecalibaculum rodentium
  0.00	1	1	G	1647	                Erysipelothrix
  0.03	25	1	C	909932	          Negativicutes
  0.02	12	0	O	909929	            Selenomonadales
  0.02	12	1	F	1843491	              Selenomonadaceae
  0.01	11	5	G	970	                Selenomonas
  0.00	3	3	S	712528	                  Selenomonas sp. oral taxon 126
  0.00	1	0	S	971	                  Selenomonas ruminantium
  0.00	1	0	-	114197	                    Selenomonas ruminantium subsp. lactilytica
  0.00	1	1	-	927704	                      Selenomonas ruminantium subsp. lactilytica TAM6421
  0.00	1	0	S	69823	                  Selenomonas sputigena
  0.00	1	1	-	546271	                    Selenomonas sputigena ATCC 35185
  0.00	1	1	S	1884263	                  Selenomonas sp. oral taxon 920
  0.01	6	0	O	1843488	            Acidaminococcales
  0.01	6	0	F	909930	              Acidaminococcaceae
  0.01	6	1	G	904	                Acidaminococcus
  0.01	5	0	S	905	                  Acidaminococcus fermentans
  0.01	5	5	-	591001	                    Acidaminococcus fermentans DSM 20731
  0.01	6	0	O	1843489	            Veillonellales
  0.01	6	0	F	31977	              Veillonellaceae
  0.00	3	0	G	906	                Megasphaera
  0.00	3	1	S	907	                  Megasphaera elsdenii
  0.00	2	2	-	1458465	                    Megasphaera elsdenii 14-14
  0.00	1	0	G	29465	                Veillonella
  0.00	1	1	S	29466	                  Veillonella parvula
  0.00	1	0	G	39948	                Dialister
  0.00	1	1	S	39950	                  Dialister pneumosintes
  0.00	1	0	G	909928	                Negativicoccus
  0.00	1	1	S	1702287	                  Negativicoccus massiliensis
  0.01	10	1	C	1737404	          Tissierellia
  0.01	9	0	O	1737405	            Tissierellales
  0.01	9	0	F	1570339	              Peptoniphilaceae
  0.01	6	0	G	1161127	                Murdochiella
  0.01	6	6	S	1852373	                  Murdochiella vaginalis
  0.00	2	0	G	150022	                Finegoldia
  0.00	2	2	S	1260	                  Finegoldia magna
  0.00	1	0	G	165779	                Anaerococcus
  0.00	1	0	S	33034	                  Anaerococcus prevotii
  0.00	1	1	-	525919	                    Anaerococcus prevotii DSM 20548
  0.00	3	0	C	1676648	          Limnochordia
  0.00	3	0	O	1676649	            Limnochordales
  0.00	3	0	F	1676650	              Limnochordaceae
  0.00	3	0	G	1676651	                Limnochorda
  0.00	3	3	S	1555112	                  Limnochorda pilosa
  0.00	1	0	-	33974	          unclassified Firmicutes sensu stricto
  0.00	1	0	G	1930845	            Ndongobacter
  0.00	1	1	S	1871025	              Ndongobacter massiliensis
  2.66	1984	5	P	201174	        Actinobacteria
  2.49	1853	1	C	84998	          Coriobacteriia
  2.46	1837	0	O	1643822	            Eggerthellales
  2.46	1837	8	F	1643826	              Eggerthellaceae
  2.42	1801	1	G	84111	                Eggerthella
  2.41	1799	1224	S	84112	                  Eggerthella lenta
  0.77	575	575	-	479437	                    Eggerthella lenta DSM 2243
  0.00	1	1	S	502558	                  Eggerthella sp. YY7918
  0.02	17	1	G	644652	                Gordonibacter
  0.01	7	7	S	1335613	                  Gordonibacter urolithinfaciens
  0.01	6	6	S	1841863	                  Gordonibacter massiliensis
  0.00	3	0	S	471189	                  Gordonibacter pamelaeae
  0.00	3	3	-	657308	                    Gordonibacter pamelaeae 7-10-1-b
  0.01	8	0	G	447020	                Adlercreutzia
  0.01	8	0	S	446660	                  Adlercreutzia equolifaciens
  0.01	8	8	-	1384484	                    Adlercreutzia equolifaciens DSM 19450
  0.00	3	0	G	84108	                Slackia
  0.00	3	0	S	84110	                  Slackia heliotrinireducens
  0.00	3	3	-	471855	                    Slackia heliotrinireducens DSM 20476
  0.02	15	0	O	84999	            Coriobacteriales
  0.02	12	1	F	1643824	              Atopobiaceae
  0.01	7	0	G	133925	                Olsenella
  0.00	2	0	S	133926	                  Olsenella uli
  0.00	2	2	-	633147	                    Olsenella uli DSM 7084
  0.00	2	2	S	604330	                  Olsenella umbonata
  0.00	2	2	S	1805478	                  Olsenella sp. Marseille-P2300
  0.00	1	1	S	712411	                  Olsenella sp. oral taxon 807
  0.01	4	0	G	1935188	                Libanicoccus
  0.01	4	4	S	1871022	                  Libanicoccus massiliensis
  0.00	3	0	F	84107	              Coriobacteriaceae
  0.00	2	0	G	33870	                Coriobacterium
  0.00	2	0	S	33871	                  Coriobacterium glomerans
  0.00	2	2	-	700015	                    Coriobacterium glomerans PW2
  0.00	1	0	-	84113	                unclassified Coriobacteriaceae
  0.00	1	1	S	1531429	                  Coriobacteriaceae bacterium 68-1-3
  0.17	124	22	C	1760	          Actinobacteria
  0.05	37	0	O	85004	            Bifidobacteriales
  0.05	37	0	F	31953	              Bifidobacteriaceae
  0.05	37	4	G	1678	                Bifidobacterium
  0.02	13	10	S	216816	                  Bifidobacterium longum
  0.00	2	0	-	1679	                    Bifidobacterium longum subsp. longum
  0.00	2	2	-	722911	                      Bifidobacterium longum subsp. longum F8
  0.00	1	1	-	1682	                    Bifidobacterium longum subsp. infantis
  0.01	7	1	S	1685	                  Bifidobacterium breve
  0.01	4	4	-	866777	                    Bifidobacterium breve ACS-071-V-Sch8b
  0.00	2	2	-	1385942	                    Bifidobacterium breve 689b
  0.00	2	2	S	1680	                  Bifidobacterium adolescentis
  0.00	2	0	S	1681	                  Bifidobacterium bifidum
  0.00	2	2	-	702459	                    Bifidobacterium bifidum PRL2010
  0.00	2	0	S	1686	                  Bifidobacterium catenulatum
  0.00	2	2	-	566552	                    Bifidobacterium catenulatum DSM 16992 = JCM 1194 = LMG 11043
  0.00	2	2	S	1689	                  Bifidobacterium dentium
  0.00	2	0	S	158787	                  Bifidobacterium scardovii
  0.00	2	2	-	1150461	                    Bifidobacterium scardovii JCM 12489 = DSM 13734
  0.00	1	1	S	1687	                  Bifidobacterium coryneforme
  0.00	1	0	S	28026	                  Bifidobacterium pseudocatenulatum
  0.00	1	1	-	547043	                    Bifidobacterium pseudocatenulatum DSM 20438 = JCM 1200 = LMG 10505
  0.00	1	0	S	33905	                  Bifidobacterium thermophilum
  0.00	1	1	-	1254439	                    Bifidobacterium thermophilum RBL67
  0.02	15	4	O	85006	            Micrococcales
  0.01	4	2	F	1268	              Micrococcaceae
  0.00	1	1	G	1663	                Arthrobacter
  0.00	1	0	G	1742993	                Pseudarthrobacter
  0.00	1	1	S	728066	                  Pseudarthrobacter equi
  0.00	2	0	F	85016	              Cellulomonadaceae
  0.00	2	0	G	1707	                Cellulomonas
  0.00	2	0	S	1711	                  Cellulomonas flavigena
  0.00	2	2	-	446466	                    Cellulomonas flavigena DSM 20109
  0.00	2	0	F	85021	              Intrasporangiaceae
  0.00	1	0	G	53457	                Janibacter
  0.00	1	1	S	857417	                  Janibacter indicus
  0.00	1	0	G	367298	                Phycicoccus
  0.00	1	1	S	443156	                  Phycicoccus dokdonensis
  0.00	1	0	F	85020	              Dermabacteraceae
  0.00	1	0	G	472568	                Devriesea
  0.00	1	1	S	472569	                  Devriesea agamarum
  0.00	1	0	F	85023	              Microbacteriaceae
  0.00	1	0	G	33882	                Microbacterium
  0.00	1	1	S	300019	                  Microbacterium paludicola
  0.00	1	0	F	125316	              Beutenbergiaceae
  0.00	1	0	G	84756	                Beutenbergia
  0.00	1	0	S	84757	                  Beutenbergia cavernae
  0.00	1	1	-	471853	                    Beutenbergia cavernae DSM 12333
  0.02	15	1	O	85007	            Corynebacteriales
  0.01	8	0	F	1653	              Corynebacteriaceae
  0.01	8	1	G	1716	                Corynebacterium
  0.00	1	1	S	43771	                  Corynebacterium urealyticum
  0.00	1	0	S	152794	                  Corynebacterium efficiens
  0.00	1	1	-	196164	                    Corynebacterium efficiens YS-314
  0.00	1	1	S	156978	                  Corynebacterium imitans
  0.00	1	1	S	161899	                  Corynebacterium singulare
  0.00	1	1	S	571915	                  Corynebacterium mustelae
  0.00	1	0	S	575200	                  Corynebacterium maris
  0.00	1	1	-	1224163	                    Corynebacterium maris DSM 45190
  0.00	1	0	S	1231000	                  Corynebacterium lactis
  0.00	1	1	-	1408189	                    Corynebacterium lactis RW2-5
  0.01	4	0	F	1762	              Mycobacteriaceae
  0.01	4	2	G	1763	                Mycobacterium
  0.00	1	0	-	670516	                  Mycobacterium chelonae group
  0.00	1	0	-	670506	                    Mycobacterium abscessus subgroup
  0.00	1	1	S	36809	                      Mycobacterium abscessus
  0.00	1	1	S	1879023	                  Mycobacterium sp. djl-10
  0.00	1	0	F	85026	              Gordoniaceae
  0.00	1	0	G	2053	                Gordonia
  0.00	1	1	S	1737359	                  Gordonia sp. 1D
  0.00	1	0	-	697024	              unclassified Corynebacteriales
  0.00	1	0	G	1847725	                Lawsonella
  0.00	1	1	S	1528099	                  Lawsonella clevelandensis
  0.02	12	0	O	85011	            Streptomycetales
  0.02	12	0	F	2062	              Streptomycetaceae
  0.02	12	1	G	1883	                Streptomyces
  0.00	2	2	S	47763	                  Streptomyces lydicus
  0.00	1	0	S	1930	                  Streptomyces scabiei
  0.00	1	1	-	680198	                    Streptomyces scabiei 87.22
  0.00	1	1	S	54571	                  Streptomyces venezuelae
  0.00	1	1	S	68223	                  Streptomyces katrae
  0.00	1	0	S	68280	                  Streptomyces violaceusniger
  0.00	1	1	-	653045	                    Streptomyces violaceusniger Tu 4113
  0.00	1	1	S	68570	                  Streptomyces albulus
  0.00	1	1	S	146923	                  Streptomyces parvulus
  0.00	1	0	-	629295	                  Streptomyces griseus group
  0.00	1	0	-	1482596	                    Streptomyces griseus subgroup
  0.00	1	0	S	1911	                      Streptomyces griseus
  0.00	1	0	-	67263	                        Streptomyces griseus subsp. griseus
  0.00	1	1	-	455632	                          Streptomyces griseus subsp. griseus NBRC 13350
  0.00	1	1	S	1262452	                  Streptomyces sp. 769
  0.00	1	1	S	1812480	                  Streptomyces sp. fd1-xmd
  0.01	9	0	O	85009	            Propionibacteriales
  0.01	8	1	F	31957	              Propionibacteriaceae
  0.01	4	0	G	203133	                Propionimicrobium
  0.01	4	4	S	1871034	                  Propionimicrobium sp. Marseille-P3275
  0.00	3	0	G	1912216	                Cutibacterium
  0.00	2	2	S	1747	                  Cutibacterium acnes
  0.00	1	0	S	33010	                  Cutibacterium avidum
  0.00	1	1	-	1170318	                    Cutibacterium avidum 44067
  0.00	1	0	F	85015	              Nocardioidaceae
  0.00	1	0	G	53387	                Friedmanniella
  0.00	1	1	S	546874	                  Friedmanniella sagamiharensis
  0.01	5	0	O	2037	            Actinomycetales
  0.01	5	0	F	2049	              Actinomycetaceae
  0.00	3	3	G	1654	                Actinomyces
  0.00	1	0	G	2050	                Mobiluncus
  0.00	1	0	S	2051	                  Mobiluncus curtisii
  0.00	1	1	-	548479	                    Mobiluncus curtisii ATCC 43063
  0.00	1	0	G	1653174	                Actinotignum
  0.00	1	1	S	59505	                  Actinotignum schaalii
  0.00	3	0	O	85008	            Micromonosporales
  0.00	3	0	F	28056	              Micromonosporaceae
  0.00	2	0	G	1873	                Micromonospora
  0.00	1	1	S	1877	                  Micromonospora echinospora
  0.00	1	1	S	299146	                  Micromonospora narathiwatensis
  0.00	1	0	G	1865	                Actinoplanes
  0.00	1	1	S	113562	                  Actinoplanes derwentensis
  0.00	3	0	O	85012	            Streptosporangiales
  0.00	2	0	F	83676	              Nocardiopsaceae
  0.00	2	0	G	2013	                Nocardiopsis
  0.00	1	1	S	2014	                  Nocardiopsis dassonvillei
  0.00	1	0	S	53437	                  Nocardiopsis alba
  0.00	1	1	-	1205910	                    Nocardiopsis alba ATCC BAA-2165
  0.00	1	0	F	2004	              Streptosporangiaceae
  0.00	1	0	G	83681	                Nonomuraea
  0.00	1	1	S	1909395	                  Nonomuraea sp. ATCC 55076
  0.00	2	0	O	85010	            Pseudonocardiales
  0.00	2	0	F	2070	              Pseudonocardiaceae
  0.00	1	1	G	1813	                Amycolatopsis
  0.00	1	0	G	1851	                Saccharomonospora
  0.00	1	0	S	40989	                  Saccharomonospora cyanea
  0.00	1	1	-	882082	                    Saccharomonospora cyanea NA-134
  0.00	1	0	O	414714	            Catenulisporales
  0.00	1	0	F	414877	              Catenulisporaceae
  0.00	1	0	G	414878	                Catenulispora
  0.00	1	0	S	304895	                  Catenulispora acidiphila
  0.00	1	1	-	479433	                    Catenulispora acidiphila DSM 44928
  0.00	1	0	C	84992	          Acidimicrobiia
  0.00	1	0	O	84993	            Acidimicrobiales
  0.00	1	0	F	84994	              Acidimicrobiaceae
  0.00	1	0	G	682522	                Ilumatobacter
  0.00	1	0	S	467094	                  Ilumatobacter coccineus
  0.00	1	1	-	1313172	                    Ilumatobacter coccineus YM16-304
  0.00	1	0	C	1497346	          Thermoleophilia
  0.00	1	0	O	588673	            Solirubrobacterales
  0.00	1	0	F	320583	              Conexibacteraceae
  0.00	1	0	G	191494	                Conexibacter
  0.00	1	0	S	191495	                  Conexibacter woesei
  0.00	1	1	-	469383	                    Conexibacter woesei DSM 14684
  0.01	6	0	P	200795	        Chloroflexi
  0.00	3	0	C	292625	          Anaerolineae
  0.00	3	0	O	292629	            Anaerolineales
  0.00	3	0	F	292628	              Anaerolineaceae
  0.00	2	0	-	1324991	                unclassified Anaerolineaceae
  0.00	2	2	S	1889813	                  Anaerolineaceae bacterium oral taxon 439
  0.00	1	0	G	233189	                Anaerolinea
  0.00	1	0	S	167964	                  Anaerolinea thermophila
  0.00	1	1	-	926569	                    Anaerolinea thermophila UNI-1
  0.00	2	0	C	301297	          Dehalococcoidia
  0.00	1	0	G	670486	            Dehalogenimonas
  0.00	1	0	S	552810	              Dehalogenimonas lykanthroporepellens
  0.00	1	1	-	552811	                Dehalogenimonas lykanthroporepellens BL-DC-9
  0.00	1	0	O	1202465	            Dehalococcoidales
  0.00	1	0	F	1202464	              Dehalococcoidaceae
  0.00	1	0	G	61434	                Dehalococcoides
  0.00	1	0	S	61435	                  Dehalococcoides mccartyi
  0.00	1	1	-	1193806	                    Dehalococcoides mccartyi BTF08
  0.00	1	0	C	1382928	          Ardenticatenia
  0.00	1	0	O	1382929	            Ardenticatenales
  0.00	1	0	F	1382930	              Ardenticatenaceae
  0.00	1	0	G	1988031	                Candidatus Promineofilum
  0.00	1	1	S	1806508	                  Candidatus Promineofilum breve
  0.01	5	0	P	1297	        Deinococcus-Thermus
  0.01	5	0	C	188787	          Deinococci
  0.00	3	0	O	68933	            Thermales
  0.00	3	0	F	188786	              Thermaceae
  0.00	2	0	G	208447	                Oceanithermus
  0.00	2	0	S	187137	                  Oceanithermus profundus
  0.00	2	2	-	670487	                    Oceanithermus profundus DSM 14977
  0.00	1	0	G	270	                Thermus
  0.00	1	0	S	56957	                  Thermus oshimai
  0.00	1	1	-	751945	                    Thermus oshimai JL-2
  0.00	2	0	O	118964	            Deinococcales
  0.00	2	0	F	183710	              Deinococcaceae
  0.00	2	0	G	1298	                Deinococcus
  0.00	2	0	S	55148	                  Deinococcus proteolyticus
  0.00	2	2	-	693977	                    Deinococcus proteolyticus MRP
  0.01	5	0	-	1798711	        Cyanobacteria/Melainabacteria group
  0.01	5	0	P	1117	          Cyanobacteria
  0.01	4	0	O	1890424	            Synechococcales
  0.01	4	0	F	1890426	              Synechococcaceae
  0.01	4	2	G	1129	                Synechococcus
  0.00	1	1	S	32051	                  Synechococcus sp. WH 7803
  0.00	1	1	S	195250	                  Synechococcus sp. PCC 7336
  0.00	1	0	O	1161	            Nostocales
  0.00	1	0	F	1185	              Rivulariaceae
  0.00	1	0	G	1186	                Calothrix
  0.00	1	1	S	2005462	                  Calothrix sp. NIES-3974
  0.00	1	0	P	544448	        Tenericutes
  0.00	1	0	C	31969	          Mollicutes
  0.00	1	0	O	2085	            Mycoplasmatales
  0.00	1	0	F	2092	              Mycoplasmataceae
  0.00	1	0	G	2093	                Mycoplasma
  0.00	1	1	S	29555	                  Mycoplasma canis
 13.37	9966	0	-	1783270	      FCB group
 13.36	9964	1	-	68336	        Bacteroidetes/Chlorobi group
 13.36	9958	31	P	976	          Bacteroidetes
 13.26	9884	0	C	200643	            Bacteroidia
 13.26	9883	104	O	171549	              Bacteroidales
  5.31	3956	0	F	815	                Bacteroidaceae
  5.31	3956	187	G	816	                  Bacteroides
  2.07	1543	1543	S	28116	                    Bacteroides ovatus
  2.05	1527	1034	S	818	                    Bacteroides thetaiotaomicron
  0.66	493	493	-	226186	                      Bacteroides thetaiotaomicron VPI-5482
  0.36	266	132	S	821	                    Bacteroides vulgatus
  0.18	134	134	-	435590	                      Bacteroides vulgatus ATCC 8482
  0.28	209	209	S	1796613	                    Bacteroides caecimuris
  0.10	71	16	S	817	                    Bacteroides fragilis
  0.05	36	36	-	862962	                      Bacteroides fragilis 638R
  0.02	15	15	-	272559	                      Bacteroides fragilis NCTC 9343
  0.01	4	4	-	295405	                      Bacteroides fragilis YCH46
  0.09	68	0	S	357276	                    Bacteroides dorei
  0.09	68	68	-	997877	                      Bacteroides dorei CL03T12C01
  0.04	29	29	S	47678	                    Bacteroides caccae
  0.03	22	22	S	246787	                    Bacteroides cellulosilyticus
  0.03	21	0	S	290053	                    Bacteroides helcogenes
  0.03	21	21	-	693979	                      Bacteroides helcogenes P 36-108
  0.02	13	0	S	376805	                    Bacteroides salanitronis
  0.02	13	13	-	667015	                      Bacteroides salanitronis DSM 18170
  3.45	2572	20	F	2005525	                Tannerellaceae
  3.42	2548	1037	G	375288	                  Parabacteroides
  1.04	773	773	S	2025876	                    Parabacteroides sp. CT06
  0.99	738	0	S	823	                    Parabacteroides distasonis
  0.99	738	738	-	435591	                      Parabacteroides distasonis ATCC 8503
  0.01	4	0	G	195950	                  Tannerella
  0.00	3	2	S	28112	                    Tannerella forsythia
  0.00	1	1	-	1307832	                      Tannerella forsythia 3313
  0.00	1	1	S	712710	                    Tannerella sp. oral taxon HOT-286
  2.21	1651	0	F	1853231	                Odoribacteraceae
  2.21	1651	0	G	283168	                  Odoribacter
  2.21	1651	1651	S	28118	                    Odoribacter splanchnicus
  2.10	1569	0	F	171550	                Rikenellaceae
  2.10	1568	113	G	239759	                  Alistipes
  1.38	1026	0	S	328814	                    Alistipes shahii
  1.38	1026	1026	-	717959	                      Alistipes shahii WAL 8301
  0.58	429	0	S	214856	                    Alistipes finegoldii
  0.58	429	429	-	679935	                      Alistipes finegoldii DSM 17242
  0.00	1	0	G	1611681	                  Mucinivorans
  0.00	1	1	S	1433126	                    Mucinivorans hirudinis
  0.02	18	0	F	171552	                Prevotellaceae
  0.02	18	3	G	838	                  Prevotella
  0.01	5	0	S	52227	                    Prevotella dentalis
  0.01	5	5	-	908937	                      Prevotella dentalis DSM 3688
  0.01	4	0	S	839	                    Prevotella ruminicola
  0.01	4	4	-	264731	                      Prevotella ruminicola 23
  0.00	2	0	S	28129	                    Prevotella denticola
  0.00	2	2	-	767031	                      Prevotella denticola F0289
  0.00	1	1	S	28131	                    Prevotella intermedia
  0.00	1	1	S	76123	                    Prevotella enoeca
  0.00	1	0	S	589436	                    Prevotella fusca
  0.00	1	1	-	1236517	                      Prevotella fusca JCM 17724
  0.00	1	0	S	589437	                    Prevotella scopos
  0.00	1	1	-	1236518	                      Prevotella scopos JCM 17725
  0.01	6	0	F	2005519	                Barnesiellaceae
  0.01	6	0	G	397864	                  Barnesiella
  0.01	6	0	S	397865	                    Barnesiella viscericola
  0.01	6	6	-	880074	                      Barnesiella viscericola DSM 18177
  0.01	5	0	F	171551	                Porphyromonadaceae
  0.00	3	0	G	836	                  Porphyromonas
  0.00	3	0	S	28123	                    Porphyromonas asaccharolytica
  0.00	3	3	-	879243	                      Porphyromonas asaccharolytica DSM 20707
  0.00	1	0	G	307628	                  Petrimonas
  0.00	1	1	S	1642646	                    Petrimonas mucosa
  0.00	1	0	G	1784836	                  Fermentimonas
  0.00	1	1	S	1562970	                    Fermentimonas caenicola
  0.00	1	0	-	333046	                unclassified Bacteroidales
  0.00	1	0	-	185291	                  unclassified Bacteroidales (miscellaneous)
  0.00	1	1	S	1400053	                    Bacteroidales bacterium CF
  0.00	1	0	F	2005520	                Dysgonamonadaceae
  0.00	1	0	G	294702	                  Proteiniphilum
  0.00	1	1	S	1642647	                    Proteiniphilum saccharofermentans
  0.00	1	0	O	1970189	              Marinilabiliales
  0.00	1	0	F	1471398	                Prolixibacteraceae
  0.00	1	0	G	1471399	                  Draconibacterium
  0.00	1	1	S	1168034	                    Draconibacterium orientale
  0.04	29	0	C	117743	            Flavobacteriia
  0.04	29	0	O	200644	              Flavobacteriales
  0.04	28	1	F	49546	                Flavobacteriaceae
  0.03	23	0	G	28250	                  Ornithobacterium
  0.03	23	0	S	28251	                    Ornithobacterium rhinotracheale
  0.03	23	23	-	1401325	                      Ornithobacterium rhinotracheale ORT-UMN 88
  0.00	2	0	G	59732	                  Chryseobacterium
  0.00	2	2	S	1324352	                    Chryseobacterium gallinarum
  0.00	1	0	G	76831	                  Myroides
  0.00	1	1	S	76832	                    Myroides odoratimimus
  0.00	1	0	G	291183	                  Lacinutrix
  0.00	1	1	S	1486034	                    Lacinutrix venerupis
  0.00	1	0	F	246874	                Cryomorphaceae
  0.00	1	0	G	267986	                  Owenweeksia
  0.00	1	0	S	253245	                    Owenweeksia hongkongensis
  0.00	1	1	-	926562	                      Owenweeksia hongkongensis DSM 17368
  0.01	10	0	C	768503	            Cytophagia
  0.01	10	0	O	768507	              Cytophagales
  0.01	8	0	F	1853232	                Hymenobacteraceae
  0.01	8	1	G	89966	                  Hymenobacter
  0.00	3	3	S	1411621	                    Hymenobacter sedentarius
  0.00	2	0	S	1446467	                    Hymenobacter swuensis
  0.00	2	2	-	1227739	                      Hymenobacter swuensis DY53
  0.00	1	1	S	1385664	                    Hymenobacter sp. DG25B
  0.00	1	1	S	1484118	                    Hymenobacter sp. PAMC 26628
  0.00	2	0	F	89373	                Cytophagaceae
  0.00	1	0	G	107	                  Spirosoma
  0.00	1	1	S	1211326	                    Spirosoma aerolatum
  0.00	1	0	G	861914	                  Fibrella
  0.00	1	1	S	1834519	                    Fibrella sp. ES10-3-2-2
  0.00	3	0	C	1853228	            Chitinophagia
  0.00	3	0	O	1853229	              Chitinophagales
  0.00	3	0	F	563835	                Chitinophagaceae
  0.00	1	0	G	79328	                  Chitinophaga
  0.00	1	1	S	2033437	                    Chitinophaga sp. MD30
  0.00	1	0	G	379899	                  Niabella
  0.00	1	1	S	1176587	                    Niabella ginsenosidivorans
  0.00	1	0	G	398041	                  Flavisolibacter
  0.00	1	1	S	1492898	                    Flavisolibacter tropicus
  0.00	1	0	O	1100069	            Bacteroidetes Order II. Incertae sedis
  0.00	1	0	F	563843	              Rhodothermaceae
  0.00	1	0	-	1196022	                unclassified Rhodothermaceae
  0.00	1	1	S	1779382	                  Rhodothermaceae bacterium RA
  0.01	5	0	P	1090	          Chlorobi
  0.01	5	0	C	191410	            Chlorobia
  0.01	5	0	O	191411	              Chlorobiales
  0.01	5	0	F	191412	                Chlorobiaceae
  0.00	3	1	G	256319	                  Chlorobaculum
  0.00	2	0	S	1097	                    Chlorobaculum tepidum
  0.00	2	2	-	194439	                      Chlorobium tepidum TLS
  0.00	1	0	G	1101	                  Prosthecochloris
  0.00	1	1	S	281093	                    Prosthecochloris sp. GSB1
  0.00	1	0	-	274493	                  Chlorobium/Pelodictyon group
  0.00	1	0	G	1091	                    Chlorobium
  0.00	1	0	S	337090	                      Chlorobium chlorochromatii
  0.00	1	1	-	340177	                        Chlorobium chlorochromatii CaD3
  0.00	2	0	P	65842	        Fibrobacteres
  0.00	2	0	C	204430	          Fibrobacteria
  0.00	2	0	O	218872	            Fibrobacterales
  0.00	2	0	F	204431	              Fibrobacteraceae
  0.00	2	0	G	832	                Fibrobacter
  0.00	2	0	S	833	                  Fibrobacter succinogenes
  0.00	2	0	-	834	                    Fibrobacter succinogenes subsp. succinogenes
  0.00	2	2	-	59374	                      Fibrobacter succinogenes subsp. succinogenes S85
  1.02	759	63	P	1224	      Proteobacteria
  0.58	436	17	C	1236	        Gammaproteobacteria
  0.49	368	32	O	91347	          Enterobacterales
  0.43	321	96	F	543	            Enterobacteriaceae
  0.27	198	2	G	561	              Escherichia
  0.26	196	183	S	562	                Escherichia coli
  0.00	3	3	-	1078034	                  Escherichia coli O145:H28
  0.00	2	2	-	696406	                  Escherichia coli UMNK88
  0.00	1	1	-	83334	                  Escherichia coli O157:H7
  0.00	1	1	-	405955	                  Escherichia coli APEC O1
  0.00	1	1	-	439855	                  Escherichia coli SMS-3-5
  0.00	1	1	-	585397	                  Escherichia coli ED1a
  0.00	1	1	-	930406	                  Escherichia coli O157:H16
  0.00	1	1	-	1311757	                  Escherichia coli ACN001
  0.00	1	1	-	1322345	                  Escherichia coli ATCC 25922
  0.00	1	0	-	1603259	                  Escherichia coli O139:H28
  0.00	1	1	-	331111	                    Escherichia coli O139:H28 str. E24377A
  0.01	11	3	G	570	              Klebsiella
  0.01	6	6	S	573	                Klebsiella pneumoniae
  0.00	1	1	S	548	                Klebsiella aerogenes
  0.00	1	1	S	571	                Klebsiella oxytoca
  0.01	5	0	G	544	              Citrobacter
  0.00	2	0	-	1344959	                Citrobacter freundii complex
  0.00	2	2	S	546	                  Citrobacter freundii
  0.00	1	1	S	35703	                Citrobacter amalonaticus
  0.00	1	1	S	67824	                Citrobacter farmeri
  0.00	1	1	S	1702170	                Citrobacter sp. FDAARGOS_156
  0.00	3	0	G	547	              Enterobacter
  0.00	3	0	-	354276	                Enterobacter cloacae complex
  0.00	1	0	S	158836	                  Enterobacter hormaechei
  0.00	1	1	-	301105	                    Enterobacter hormaechei subsp. hormaechei
  0.00	1	0	S	1334193	                  Enterobacter lignolyticus
  0.00	1	1	-	701347	                    Enterobacter lignolyticus SCF1
  0.00	1	1	S	1812934	                  Enterobacter cloacae complex 'Hoffmann cluster III'
  0.00	3	0	G	590	              Salmonella
  0.00	3	0	S	28901	                Salmonella enterica
  0.00	3	0	-	59201	                  Salmonella enterica subsp. enterica
  0.00	3	3	-	28150	                    Salmonella enterica subsp. enterica serovar Senftenberg
  0.00	2	0	-	191675	              unclassified Enterobacteriaceae
  0.00	2	0	-	36866	                unclassified Enterobacteriaceae (miscellaneous)
  0.00	2	2	S	891974	                  Plautia stali symbiont
  0.00	1	0	G	83654	              Leclercia
  0.00	1	1	S	83655	                Leclercia adecarboxylata
  0.00	1	0	G	413496	              Cronobacter
  0.00	1	1	S	413503	                Cronobacter malonaticus
  0.00	1	0	G	1335483	              Shimwellia
  0.00	1	0	S	563	                Shimwellia blattae
  0.00	1	1	-	630626	                  Shimwellia blattae DSM 4481 = NBRC 105725
  0.01	10	0	F	1903411	            Yersiniaceae
  0.01	8	2	G	613	              Serratia
  0.00	2	2	S	615	                Serratia marcescens
  0.00	1	1	S	614	                Serratia liquefaciens
  0.00	1	0	S	28151	                Serratia proteamaculans
  0.00	1	1	-	399741	                  Serratia proteamaculans 568
  0.00	1	1	S	61651	                Serratia ficaria
  0.00	1	1	S	61652	                Serratia rubidaea
  0.00	1	0	G	629	              Yersinia
  0.00	1	1	S	630	                Yersinia enterocolitica
  0.00	1	0	G	34037	              Rahnella
  0.00	1	0	S	34038	                Rahnella aquatilis
  0.00	1	1	-	745277	                  Rahnella aquatilis CIP 78.65 = ATCC 33071
  0.00	2	0	F	1903414	            Morganellaceae
  0.00	2	0	G	586	              Providencia
  0.00	1	1	S	588	                Providencia stuartii
  0.00	1	0	S	516075	                Providencia sneebia
  0.00	1	1	-	1141660	                  Providencia sneebia DSM 19967
  0.00	1	0	F	1903409	            Erwiniaceae
  0.00	1	0	G	53335	              Pantoea
  0.00	1	0	-	1654067	                Pantoea agglomerans group
  0.00	1	1	S	549	                  Pantoea agglomerans
  0.00	1	0	F	1903410	            Pectobacteriaceae
  0.00	1	0	G	71655	              Brenneria
  0.00	1	1	S	598467	                Brenneria sp. EniD312
  0.00	1	0	F	1903416	            Budviciaceae
  0.00	1	0	G	82984	              Pragia
  0.00	1	1	S	82985	                Pragia fontium
  0.02	16	0	O	72274	          Pseudomonadales
  0.02	16	1	F	135621	            Pseudomonadaceae
  0.02	13	3	G	286	              Pseudomonas
  0.00	2	0	-	136845	                Pseudomonas putida group
  0.00	2	1	S	303	                  Pseudomonas putida
  0.00	1	1	-	390235	                    Pseudomonas putida W619
  0.00	2	0	-	136846	                Pseudomonas stutzeri group
  0.00	2	0	-	578833	                  Pseudomonas stutzeri subgroup
  0.00	2	1	S	316	                    Pseudomonas stutzeri
  0.00	1	1	-	1196835	                      Pseudomonas stutzeri CCUG 29243
  0.00	1	1	S	69328	                Pseudomonas sp. VLB120
  0.00	1	1	S	104087	                Pseudomonas frederiksbergensis
  0.00	1	0	-	136843	                Pseudomonas fluorescens group
  0.00	1	1	S	47878	                  Pseudomonas azotoformans
  0.00	1	1	S	797277	                Pseudomonas litoralis
  0.00	1	1	S	1788301	                Pseudomonas versuta
  0.00	1	1	S	1881017	                Pseudomonas sp. 7SR1
  0.00	2	0	-	351	              Azotobacter group
  0.00	2	0	G	352	                Azotobacter
  0.00	2	2	S	354	                  Azotobacter vinelandii
  0.01	8	0	O	135613	          Chromatiales
  0.01	5	0	F	72276	            Ectothiorhodospiraceae
  0.00	2	0	G	106633	              Thioalkalivibrio
  0.00	2	0	S	186931	                Thioalkalivibrio nitratireducens
  0.00	2	2	-	1255043	                  Thioalkalivibrio nitratireducens DSM 14787
  0.00	1	0	G	1051	              Ectothiorhodospira
  0.00	1	1	S	1442136	                Ectothiorhodospira sp. BSL-9
  0.00	1	0	G	1335745	              Spiribacter
  0.00	1	1	S	1335757	                Spiribacter curvatus
  0.00	1	0	G	1765964	              Acidihalobacter
  0.00	1	1	S	160660	                Acidihalobacter prosperus
  0.00	1	0	F	1046	            Chromatiaceae
  0.00	1	0	G	85076	              Marichromatium
  0.00	1	0	S	37487	                Marichromatium purpuratum
  0.00	1	1	-	765910	                  Marichromatium purpuratum 984
  0.00	1	0	F	255526	            Halothiobacillaceae
  0.00	1	0	G	109262	              Halothiobacillus
  0.00	1	1	S	1860122	                Halothiobacillus sp. LS2
  0.00	1	0	F	449719	            Granulosicoccaceae
  0.00	1	0	G	437504	              Granulosicoccus
  0.00	1	0	S	437505	                Granulosicoccus antarcticus
  0.00	1	1	-	1192854	                  Granulosicoccus antarcticus IMCC3135
  0.01	6	0	O	135619	          Oceanospirillales
  0.01	4	0	F	28256	            Halomonadaceae
  0.00	3	0	G	2745	              Halomonas
  0.00	1	1	S	507626	                Halomonas chromatireducens
  0.00	1	1	S	1178482	                Halomonas huangheensis
  0.00	1	1	S	1897729	                Halomonas aestuarii
  0.00	1	0	G	504090	              Kushneria
  0.00	1	1	S	157779	                Kushneria marisflavi
  0.00	1	0	F	135620	            Oceanospirillaceae
  0.00	1	0	G	48075	              Marinobacterium
  0.00	1	1	S	1821621	                Marinobacterium aestuarii
  0.00	1	0	F	224372	            Alcanivoracaceae
  0.00	1	0	G	59753	              Alcanivorax
  0.00	1	1	S	2014542	                Alcanivorax sp. N3-7A
  0.01	4	0	O	135623	          Vibrionales
  0.01	4	0	F	641	            Vibrionaceae
  0.00	2	0	G	662	              Vibrio
  0.00	1	1	S	687	                Vibrio gazogenes
  0.00	1	1	S	28173	                Vibrio nigripulchritudo
  0.00	2	0	G	2042066	              Paraphotobacterium
  0.00	2	2	S	1755811	                Paraphotobacterium marinum
  0.01	4	0	O	135624	          Aeromonadales
  0.01	4	0	F	84642	            Aeromonadaceae
  0.00	3	1	G	642	              Aeromonas
  0.00	2	2	S	654	                Aeromonas veronii
  0.00	1	0	G	347533	              Zobellella
  0.00	1	1	S	347534	                Zobellella denitrificans
  0.00	3	0	O	135614	          Xanthomonadales
  0.00	2	1	F	32033	            Xanthomonadaceae
  0.00	1	0	G	40323	              Stenotrophomonas
  0.00	1	0	-	995085	                Stenotrophomonas maltophilia group
  0.00	1	1	S	40324	                  Stenotrophomonas maltophilia
  0.00	1	0	F	1775411	            Rhodanobacteraceae
  0.00	1	0	G	231454	              Dyella
  0.00	1	1	S	1379159	                Dyella jiangningensis
  0.00	3	0	O	135622	          Alteromonadales
  0.00	3	0	F	72275	            Alteromonadaceae
  0.00	2	1	G	2742	              Marinobacter
  0.00	1	1	S	1749259	                Marinobacter sp. LQ44
  0.00	1	0	G	226	              Alteromonas
  0.00	1	1	S	1917158	                Alteromonas sp. RW2A1
  0.00	2	0	O	1706369	          Cellvibrionales
  0.00	2	0	F	1706371	            Cellvibrionaceae
  0.00	2	0	G	10	              Cellvibrio
  0.00	1	1	S	1945512	                Cellvibrio sp. PSBB023
  0.00	1	1	S	1987723	                Cellvibrio sp. PSBB006
  0.00	1	0	O	72273	          Thiotrichales
  0.00	1	0	F	34064	            Francisellaceae
  0.00	1	1	G	262	              Francisella
  0.00	1	0	-	118884	          unclassified Gammaproteobacteria
  0.00	1	0	G	1273155	            Thiohalobacter
  0.00	1	1	S	585455	              Thiohalobacter thiocyanaticus
  0.00	1	0	O	135618	          Methylococcales
  0.00	1	0	F	403	            Methylococcaceae
  0.00	1	0	G	416	              Methylomonas
  0.00	1	1	S	1727196	                Methylomonas sp. DH-1
  0.00	1	0	O	1692040	          Acidiferrobacterales
  0.00	1	0	F	1692041	            Acidiferrobacteraceae
  0.00	1	0	G	1744881	              Sulfuricaulis
  0.00	1	1	S	1620215	                Sulfuricaulis limicola
  0.00	1	0	O	1934945	          Immundisolibacterales
  0.00	1	0	F	1934946	            Immundisolibacteraceae
  0.00	1	0	G	1934947	              Immundisolibacter
  0.00	1	1	S	1810504	                Immundisolibacter cernigliae
  0.18	137	0	-	68525	        delta/epsilon subdivisions
  0.14	104	6	C	28221	          Deltaproteobacteria
  0.09	70	0	O	213115	            Desulfovibrionales
  0.09	68	3	F	194924	              Desulfovibrionaceae
  0.08	59	14	G	872	                Desulfovibrio
  0.03	19	8	S	881	                  Desulfovibrio vulgaris
  0.01	11	11	-	883	                    Desulfovibrio vulgaris str. 'Miyazaki F'
  0.01	10	10	S	901	                  Desulfovibrio piger
  0.01	6	6	S	44742	                  Desulfovibrio fairfieldensis
  0.01	4	0	S	58180	                  Desulfovibrio alaskensis
  0.01	4	4	-	207559	                    Desulfovibrio alaskensis G20
  0.00	3	0	S	879	                  Desulfovibrio gigas
  0.00	3	3	-	1121448	                    Desulfovibrio gigas DSM 1382 = ATCC 19364
  0.00	2	0	S	880	                  Desulfovibrio salexigens
  0.00	2	2	-	526222	                    Desulfovibrio salexigens DSM 2638
  0.00	1	0	S	876	                  Desulfovibrio desulfuricans
  0.00	1	1	-	641491	                    Desulfovibrio desulfuricans ND132
  0.01	5	0	G	2035811	                Pseudodesulfovibrio
  0.01	5	5	S	1716143	                  Pseudodesulfovibrio indicus
  0.00	1	0	G	41707	                Lawsonia
  0.00	1	1	S	29546	                  Lawsonia intracellularis
  0.00	2	0	F	213116	              Desulfomicrobiaceae
  0.00	2	0	G	898	                Desulfomicrobium
  0.00	1	0	S	899	                  Desulfomicrobium baculatum
  0.00	1	1	-	525897	                    Desulfomicrobium baculatum DSM 4028
  0.00	1	0	S	132132	                  Desulfomicrobium orale
  0.00	1	1	-	888061	                    Desulfomicrobium orale DSM 12838
  0.02	13	0	O	29	            Myxococcales
  0.01	10	0	-	80811	              Cystobacterineae
  0.01	5	0	F	1524215	                Anaeromyxobacteraceae
  0.01	5	2	G	161492	                  Anaeromyxobacter
  0.00	2	1	S	161493	                    Anaeromyxobacter dehalogenans
  0.00	1	1	-	290397	                      Anaeromyxobacter dehalogenans 2CP-C
  0.00	1	1	S	404589	                    Anaeromyxobacter sp. Fw109-5
  0.01	4	1	F	39	                Archangiaceae
  0.00	1	0	G	40	                  Stigmatella
  0.00	1	0	S	41	                    Stigmatella aurantiaca
  0.00	1	1	-	378806	                      Stigmatella aurantiaca DW4/3-1
  0.00	1	0	G	44	                  Melittangium
  0.00	1	0	S	83453	                    Melittangium boletus
  0.00	1	1	-	1294270	                      Melittangium boletus DSM 14713
  0.00	1	0	G	47	                  Archangium
  0.00	1	1	S	48	                    Archangium gephyra
  0.00	1	0	F	31	                Myxococcaceae
  0.00	1	0	G	32	                  Myxococcus
  0.00	1	0	S	34	                    Myxococcus xanthus
  0.00	1	1	-	246197	                      Myxococcus xanthus DK 1622
  0.00	2	0	-	80812	              Sorangiineae
  0.00	2	0	F	49	                Polyangiaceae
  0.00	2	0	G	39643	                  Sorangium
  0.00	2	1	S	56	                    Sorangium cellulosum
  0.00	1	1	-	448385	                      Sorangium cellulosum So ce56
  0.00	1	0	-	224462	              Nannocystineae
  0.00	1	0	F	224464	                Kofleriaceae
  0.00	1	0	G	162027	                  Haliangium
  0.00	1	0	S	80816	                    Haliangium ochraceum
  0.00	1	1	-	502025	                      Haliangium ochraceum DSM 14365
  0.01	9	1	O	69541	            Desulfuromonadales
  0.01	6	0	F	213422	              Geobacteraceae
  0.01	6	1	G	28231	                Geobacter
  0.00	1	1	S	35554	                  Geobacter sulfurreducens
  0.00	1	0	S	313985	                  Geobacter lovleyi
  0.00	1	1	-	398767	                    Geobacter lovleyi SZ
  0.00	1	1	S	443143	                  Geobacter sp. M18
  0.00	1	1	S	443144	                  Geobacter sp. M21
  0.00	1	1	S	1340425	                  Geobacter anodireducens
  0.00	2	0	F	213421	              Desulfuromonadaceae
  0.00	1	0	G	18	                Pelobacter
  0.00	1	0	S	19	                  Pelobacter carbinolicus
  0.00	1	1	-	338963	                    Pelobacter carbinolicus DSM 2380
  0.00	1	0	G	890	                Desulfuromonas
  0.00	1	1	S	1603606	                  Desulfuromonas soudanensis
  0.01	4	0	O	213118	            Desulfobacterales
  0.00	3	0	F	213119	              Desulfobacteraceae
  0.00	2	0	G	218207	                Desulfatibacillum
  0.00	2	0	S	259354	                  Desulfatibacillum alkenivorans
  0.00	2	2	-	439235	                    Desulfatibacillum alkenivorans AK-01
  0.00	1	0	G	896	                Desulfococcus
  0.00	1	0	S	181663	                  Desulfococcus oleovorans
  0.00	1	1	-	96561	                    Desulfococcus oleovorans Hxd3
  0.00	1	0	F	213121	              Desulfobulbaceae
  0.00	1	0	G	427922	                Desulfurivibrio
  0.00	1	0	S	427923	                  Desulfurivibrio alkaliphilus
  0.00	1	1	-	589865	                    Desulfurivibrio alkaliphilus AHT 2
  0.00	1	0	O	213462	            Syntrophobacterales
  0.00	1	0	F	213465	              Syntrophobacteraceae
  0.00	1	0	G	29526	                Syntrophobacter
  0.00	1	0	S	119484	                  Syntrophobacter fumaroxidans
  0.00	1	1	-	335543	                    Syntrophobacter fumaroxidans MPOB
  0.00	1	0	O	453227	            Desulfarculales
  0.00	1	0	F	453228	              Desulfarculaceae
  0.00	1	0	G	453229	                Desulfarculus
  0.00	1	0	S	453230	                  Desulfarculus baarsii
  0.00	1	1	-	644282	                    Desulfarculus baarsii DSM 2075
  0.04	33	0	C	29547	          Epsilonproteobacteria
  0.04	33	0	O	213849	            Campylobacterales
  0.04	32	0	F	72294	              Campylobacteraceae
  0.04	30	8	G	194	                Campylobacter
  0.02	12	9	S	195	                  Campylobacter coli
  0.00	3	3	-	1183380	                    Campylobacter coli RM5611
  0.01	7	0	S	197	                  Campylobacter jejuni
  0.01	7	0	-	32022	                    Campylobacter jejuni subsp. jejuni
  0.01	7	7	-	478547	                      Campylobacter jejuni subsp. jejuni CG8421
  0.00	2	0	S	200	                  Campylobacter curvus
  0.00	2	2	-	360105	                    Campylobacter curvus 525.92
  0.00	1	0	S	198	                  Campylobacter hyointestinalis
  0.00	1	1	-	91353	                    Campylobacter hyointestinalis subsp. lawsonii
  0.00	2	0	G	57665	                Sulfurospirillum
  0.00	1	0	S	194424	                  Sulfurospirillum halorespirans
  0.00	1	1	-	1193502	                    Sulfurospirillum halorespirans DSM 13726
  0.00	1	1	S	366522	                  Sulfurospirillum cavolei
  0.00	1	0	F	72293	              Helicobacteraceae
  0.00	1	1	G	209	                Helicobacter
  0.09	67	7	C	28211	        Alphaproteobacteria
  0.04	27	3	O	356	          Rhizobiales
  0.01	7	0	F	41294	            Bradyrhizobiaceae
  0.01	5	0	G	374	              Bradyrhizobium
  0.00	1	0	S	44255	                Bradyrhizobium oligotrophicum
  0.00	1	1	-	1245469	                  Bradyrhizobium oligotrophicum S58
  0.00	1	1	S	114615	                Bradyrhizobium sp. ORS 278
  0.00	1	1	S	115808	                Bradyrhizobium sp. ORS 285
  0.00	1	1	S	288000	                Bradyrhizobium sp. BTAi1
  0.00	1	1	S	319017	                Bradyrhizobium sp. WSM471
  0.00	2	1	G	85413	              Bosea
  0.00	1	1	S	1842539	                Bosea sp. RAC05
  0.01	7	0	F	82115	            Rhizobiaceae
  0.01	5	2	-	227290	              Rhizobium/Agrobacterium group
  0.00	2	2	G	379	                Rhizobium
  0.00	1	0	G	1525371	                Neorhizobium
  0.00	1	1	S	399	                  Neorhizobium galegae
  0.00	2	0	G	323620	              Shinella
  0.00	2	2	S	879274	                Shinella sp. HZN7
  0.00	3	0	F	69277	            Phyllobacteriaceae
  0.00	2	1	G	68287	              Mesorhizobium
  0.00	1	0	S	71433	                Mesorhizobium amorphae
  0.00	1	1	-	1082933	                  Mesorhizobium amorphae CCNWGS0123
  0.00	1	0	G	274591	              Hoeflea
  0.00	1	0	S	244596	                Hoeflea phototrophica
  0.00	1	1	-	411684	                  Hoeflea phototrophica DFL-43
  0.00	2	0	F	45401	            Hyphomicrobiaceae
  0.00	2	0	G	81	              Hyphomicrobium
  0.00	1	0	S	53399	                Hyphomicrobium denitrificans
  0.00	1	1	-	670307	                  Hyphomicrobium denitrificans 1NES1
  0.00	1	1	S	717785	                Hyphomicrobium sp. MC1
  0.00	1	0	F	772	            Bartonellaceae
  0.00	1	0	G	773	              Bartonella
  0.00	1	1	S	1686310	                Bartonella apis
  0.00	1	0	F	119045	            Methylobacteriaceae
  0.00	1	1	G	407	              Methylobacterium
  0.00	1	0	F	255475	            Aurantimonadaceae
  0.00	1	0	G	293088	              Martelella
  0.00	1	0	S	293089	                Martelella mediterranea
  0.00	1	1	-	1122214	                  Martelella mediterranea DSM 17316
  0.00	1	1	F	335928	            Xanthobacteraceae
  0.00	1	0	F	655351	            Cohaesibacteraceae
  0.00	1	0	G	655352	              Cohaesibacter
  0.00	1	1	S	1798205	                Cohaesibacter sp. ES.047
  0.02	15	0	O	204441	          Rhodospirillales
  0.01	10	2	F	433	            Acetobacteraceae
  0.00	2	0	G	441	              Gluconobacter
  0.00	2	1	S	442	                Gluconobacter oxydans
  0.00	1	1	-	1288313	                  Gluconobacter oxydans DSM 3504
  0.00	2	0	G	364409	              Granulibacter
  0.00	2	2	S	364410	                Granulibacter bethesdensis
  0.00	1	1	G	434	              Acetobacter
  0.00	1	0	G	89583	              Gluconacetobacter
  0.00	1	0	S	33996	                Gluconacetobacter diazotrophicus
  0.00	1	1	-	272568	                  Gluconacetobacter diazotrophicus PA1 5
  0.00	1	0	G	320496	              Neoasaia
  0.00	1	1	S	320497	                Neoasaia chiangmaiensis
  0.00	1	0	G	1434011	              Komagataeibacter
  0.00	1	0	S	1177712	                Komagataeibacter medellinensis
  0.00	1	1	-	634177	                  Komagataeibacter medellinensis NBRC 3288
  0.01	5	0	F	41295	            Rhodospirillaceae
  0.00	2	0	G	191	              Azospirillum
  0.00	2	2	S	192	                Azospirillum brasilense
  0.00	1	0	G	1081	              Rhodospirillum
  0.00	1	0	S	34018	                Rhodospirillum centenum
  0.00	1	1	-	414684	                  Rhodospirillum centenum SW
  0.00	1	0	G	13134	              Magnetospirillum
  0.00	1	1	S	1639348	                Magnetospirillum sp. ME-1
  0.00	1	0	G	168934	              Thalassospira
  0.00	1	0	S	220697	                Thalassospira xiamenensis
  0.00	1	1	-	1123366	                  Thalassospira xiamenensis M-5 = DSM 17429
  0.01	7	0	O	204455	          Rhodobacterales
  0.01	7	1	F	31989	            Rhodobacteraceae
  0.00	2	0	G	354203	              Yangia
  0.00	2	2	S	1792508	                Yangia sp. CCB-MM3
  0.00	1	1	G	34008	              Rhodovulum
  0.00	1	0	G	152161	              Stappia
  0.00	1	1	S	1881061	                Stappia sp. ES.058
  0.00	1	0	G	227873	              Pannonibacter
  0.00	1	1	S	121719	                Pannonibacter phragmitetus
  0.00	1	0	G	1759396	              Marivivens
  0.00	1	1	S	1920883	                Marivivens sp. JLT3646
  0.01	7	0	O	204457	          Sphingomonadales
  0.01	4	0	F	41297	            Sphingomonadaceae
  0.00	2	0	G	165695	              Sphingobium
  0.00	1	1	S	484429	                Sphingobium sp. YBL2
  0.00	1	1	S	1315974	                Sphingobium sp. TKS
  0.00	1	1	G	13687	              Sphingomonas
  0.00	1	0	G	165697	              Sphingopyxis
  0.00	1	1	S	33050	                Sphingopyxis macrogoltabida
  0.00	3	0	F	335929	            Erythrobacteraceae
  0.00	2	0	G	361177	              Altererythrobacter
  0.00	1	1	S	361183	                Altererythrobacter epoxidivorans
  0.00	1	1	S	645517	                Altererythrobacter namhicola
  0.00	1	0	G	1041	              Erythrobacter
  0.00	1	0	S	39960	                Erythrobacter litoralis
  0.00	1	1	-	314225	                  Erythrobacter litoralis HTCC2594
  0.00	3	0	O	204458	          Caulobacterales
  0.00	3	0	F	76892	            Caulobacteraceae
  0.00	2	0	G	41275	              Brevundimonas
  0.00	1	1	S	293	                Brevundimonas diminuta
  0.00	1	1	S	1532555	                Brevundimonas sp. DS20
  0.00	1	0	G	75	              Caulobacter
  0.00	1	1	S	155892	                Caulobacter vibrioides
  0.00	1	0	O	1191478	          Magnetococcales
  0.00	1	0	F	1191479	            Magnetococcaceae
  0.00	1	0	G	162171	              Magnetococcus
  0.00	1	0	S	1124597	                Magnetococcus marinus
  0.00	1	1	-	156889	                  Magnetococcus marinus MC-1
  0.08	56	1	C	28216	        Betaproteobacteria
  0.06	42	8	O	80840	          Burkholderiales
  0.02	14	1	-	119065	            unclassified Burkholderiales
  0.01	11	0	-	80841	              unclassified Burkholderiales (miscellaneous)
  0.01	8	8	S	1834205	                Burkholderiales bacterium YL45
  0.00	2	2	S	864051	                Burkholderiales bacterium JOSHI_001
  0.00	1	1	S	1469502	                Burkholderiales bacterium GJ-E10
  0.00	2	0	-	224471	              Burkholderiales Genera incertae sedis
  0.00	1	0	G	88	                Leptothrix
  0.00	1	0	S	34029	                  Leptothrix cholodnii
  0.00	1	1	-	395495	                    Leptothrix cholodnii SP-6
  0.00	1	0	G	93681	                Roseateles
  0.00	1	1	S	76731	                  Roseateles depolymerans
  0.01	9	1	F	119060	            Burkholderiaceae
  0.00	3	0	G	32008	              Burkholderia
  0.00	3	1	-	87882	                Burkholderia cepacia complex
  0.00	1	1	S	101571	                  Burkholderia ubonensis
  0.00	1	1	S	488731	                  Burkholderia seminalis
  0.00	2	0	G	93217	              Pandoraea
  0.00	1	1	S	93218	                Pandoraea apista
  0.00	1	1	S	93222	                Pandoraea sputorum
  0.00	2	0	G	106589	              Cupriavidus
  0.00	1	0	S	82541	                Cupriavidus gilardii
  0.00	1	1	-	1267562	                  Cupriavidus gilardii CR3
  0.00	1	1	S	1796606	                Cupriavidus nantongensis
  0.00	1	0	G	1822464	              Paraburkholderia
  0.00	1	0	S	252970	                Paraburkholderia phenoliruptrix
  0.00	1	1	-	1229205	                  Paraburkholderia phenoliruptrix BR3459a
  0.01	7	0	F	506	            Alcaligenaceae
  0.01	7	1	G	517	              Bordetella
  0.00	2	2	S	123899	                Bordetella trematum
  0.00	2	2	S	463025	                Bordetella bronchialis
  0.00	1	1	S	463040	                Bordetella genomosp. 13
  0.00	1	1	S	1331258	                Bordetella pseudohinzii
  0.00	2	0	F	75682	            Oxalobacteraceae
  0.00	1	1	G	963	              Herbaspirillum
  0.00	1	0	G	149698	              Massilia
  0.00	1	1	S	1707785	                Massilia sp. WG5
  0.00	2	2	F	80864	            Comamonadaceae
  0.01	5	0	O	206389	          Rhodocyclales
  0.01	5	0	F	2008794	            Zoogloeaceae
  0.01	5	1	G	33057	              Thauera
  0.00	3	3	S	2005884	                Thauera sp. K11
  0.00	1	1	S	96773	                Thauera chlorobenzoica
  0.01	4	0	O	32003	          Nitrosomonadales
  0.00	1	0	F	32011	            Methylophilaceae
  0.00	1	1	G	81682	              Methylovorus
  0.00	1	0	F	90627	            Gallionellaceae
  0.00	1	0	G	314343	              Sideroxydans
  0.00	1	0	S	63745	                Sideroxydans lithotrophicus
  0.00	1	1	-	580332	                  Sideroxydans lithotrophicus ES-1
  0.00	1	0	F	206379	            Nitrosomonadaceae
  0.00	1	0	G	35798	              Nitrosospira
  0.00	1	1	S	1288494	                Nitrosospira lacus
  0.00	1	0	F	2008793	            Sterolibacteriaceae
  0.00	1	0	G	1054211	              Sulfuritalea
  0.00	1	0	S	748811	                Sulfuritalea hydrogenivorans
  0.00	1	1	-	1223802	                  Sulfuritalea hydrogenivorans sk43H
  0.01	4	0	O	206351	          Neisseriales
  0.00	3	1	F	481	            Neisseriaceae
  0.00	1	0	G	59	              Vitreoscilla
  0.00	1	1	S	63	                Vitreoscilla filiformis
  0.00	1	0	G	1193515	              Snodgrassella
  0.00	1	0	S	1196083	                Snodgrassella alvi
  0.00	1	1	-	1196094	                  Snodgrassella alvi wkB2
  0.00	1	0	F	1499392	            Chromobacteriaceae
  0.00	1	0	G	187	              Aquaspirillum
  0.00	1	1	S	1938604	                Aquaspirillum sp. LM1
  0.01	8	0	P	203691	      Spirochaetes
  0.01	8	0	C	203692	        Spirochaetia
  0.01	8	0	O	136	          Spirochaetales
  0.01	8	0	F	137	            Spirochaetaceae
  0.01	6	2	G	157	              Treponema
  0.00	1	0	S	167	                Treponema succinifaciens
  0.00	1	1	-	869209	                  Treponema succinifaciens DSM 2489
  0.00	1	0	S	81028	                Treponema brennaborense
  0.00	1	1	-	906968	                  Treponema brennaborense DSM 12168
  0.00	1	0	S	88058	                Treponema primitia
  0.00	1	1	-	545694	                  Treponema primitia ZAS-2
  0.00	1	0	S	150829	                Treponema azotonutricium
  0.00	1	1	-	545695	                  Treponema azotonutricium ZAS-9
  0.00	1	0	G	146	              Spirochaeta
  0.00	1	0	S	46355	                Spirochaeta africana
  0.00	1	1	-	889378	                  Spirochaeta africana DSM 8902
  0.00	1	0	G	399320	              Sphaerochaeta
  0.00	1	0	S	1131703	                Sphaerochaeta globosa
  0.00	1	1	-	158189	                  Sphaerochaeta globosa str. Buddy
  0.01	7	0	-	1783257	      PVC group
  0.01	5	0	P	203682	        Planctomycetes
  0.01	5	0	C	203683	          Planctomycetia
  0.01	5	0	O	112	            Planctomycetales
  0.01	5	0	F	126	              Planctomycetaceae
  0.01	5	0	G	1649480	                Planctopirus
  0.01	5	0	S	120	                  Planctopirus limnophila
  0.01	5	5	-	521674	                    Planctopirus limnophila DSM 3776
  0.00	2	0	P	74201	        Verrucomicrobia
  0.00	1	0	C	203494	          Verrucomicrobiae
  0.00	1	0	O	48461	            Verrucomicrobiales
  0.00	1	0	F	203557	              Verrucomicrobiaceae
  0.00	1	0	-	490346	                unclassified Verrucomicrobiaceae
  0.00	1	1	S	1882831	                  Verrucomicrobiaceae bacterium GAS474
  0.00	1	0	C	414999	          Opitutae
  0.00	1	0	O	415000	            Opitutales
  0.00	1	0	F	134623	              Opitutaceae
  0.00	1	0	G	178440	                Opitutus
  0.00	1	0	S	107709	                  Opitutus terrae
  0.00	1	1	-	452637	                    Opitutus terrae PB90-1
  0.01	6	0	P	508458	      Synergistetes
  0.01	6	0	C	649775	        Synergistia
  0.01	6	0	O	649776	          Synergistales
  0.01	6	1	F	649777	            Synergistaceae
  0.00	2	0	G	428711	              Jonquetella
  0.00	2	0	S	428712	                Jonquetella anthropi
  0.00	2	2	-	885272	                  Jonquetella anthropi DSM 22815
  0.00	2	0	G	508459	              Cloacibacillus
  0.00	2	2	S	1197717	                Cloacibacillus porcorum
  0.00	1	0	G	81461	              Thermanaerovibrio
  0.00	1	0	S	81462	                Thermanaerovibrio acidaminovorans
  0.00	1	1	-	525903	                  Thermanaerovibrio acidaminovorans DSM 6589
  0.00	1	0	P	32066	      Fusobacteria
  0.00	1	0	C	203490	        Fusobacteriia
  0.00	1	0	O	203491	          Fusobacteriales
  0.00	1	0	F	203492	            Fusobacteriaceae
  0.00	1	0	G	167639	              Ilyobacter
  0.00	1	0	S	167642	                Ilyobacter polytropus
  0.00	1	1	-	572544	                  Ilyobacter polytropus DSM 2926
  0.00	1	0	P	74152	      Elusimicrobia
  0.00	1	0	C	447830	        Endomicrobia
  0.00	1	0	O	1783344	          Endomicrobiales
  0.00	1	0	F	1783343	            Endomicrobiaceae
  0.00	1	0	G	1408194	              Endomicrobium
  0.00	1	1	S	1408281	                Endomicrobium proavitum
  0.01	4	0	D	2157	    Archaea
  0.01	4	0	P	28890	      Euryarchaeota
  0.00	3	0	C	224756	        Methanomicrobia
  0.00	2	0	O	2191	          Methanomicrobiales
  0.00	2	0	F	1198451	            Methanoregulaceae
  0.00	1	0	G	395331	              Methanoregula
  0.00	1	0	S	882104	                Methanoregula formicica
  0.00	1	1	-	593750	                  Methanoregula formicica SMSP
  0.00	1	0	G	475087	              Methanosphaerula
  0.00	1	0	S	475088	                Methanosphaerula palustris
  0.00	1	1	-	521011	                  Methanosphaerula palustris E1-9c
  0.00	1	0	O	94695	          Methanosarcinales
  0.00	1	0	F	2206	            Methanosarcinaceae
  0.00	1	0	G	2225	              Methanococcoides
  0.00	1	0	S	2226	                Methanococcoides methylutens
  0.00	1	1	-	1434104	                  Methanococcoides methylutens MM1
  0.00	1	0	C	183963	        Halobacteria
  0.00	1	0	O	1644060	          Natrialbales
  0.00	1	0	F	1644061	            Natrialbaceae
  0.00	1	0	G	121871	              Haloterrigena
  0.00	1	0	S	62320	                Haloterrigena turkmenica
  0.00	1	1	-	543526	                  Haloterrigena turkmenica DSM 5511
